[1.327s] Invoking command in '/home/faruk/ws_sensor_combined/src/yolo_detector': PYTHONPATH=/home/faruk/ws_sensor_combined/build/yolo_detector/prefix_override:/usr/lib/python3/dist-packages/colcon_core/task/python/colcon_distutils_commands:/home/faruk/ws_sensor_combined/install/yolo_detector/lib/python3.10/site-packages:${PYTHONPATH} /usr/bin/python3 -W ignore:setup.py install is deprecated -W ignore:easy_install command is deprecated setup.py egg_info --egg-base ../../build/yolo_detector build --build-base /home/faruk/ws_sensor_combined/build/yolo_detector/build install --record /home/faruk/ws_sensor_combined/build/yolo_detector/install.log --single-version-externally-managed install_data
[1.501s] /home/faruk/.local/lib/python3.10/site-packages/setuptools/_distutils/dist.py:289: UserWarning: Unknown distribution option: 'tests_require'
[1.501s]   warnings.warn(msg)
[1.719s] running egg_info
[1.773s] writing ../../build/yolo_detector/yolo_detector.egg-info/PKG-INFO
[1.776s] writing dependency_links to ../../build/yolo_detector/yolo_detector.egg-info/dependency_links.txt
[1.776s] writing entry points to ../../build/yolo_detector/yolo_detector.egg-info/entry_points.txt
[1.776s] writing requirements to ../../build/yolo_detector/yolo_detector.egg-info/requires.txt
[1.776s] writing top-level names to ../../build/yolo_detector/yolo_detector.egg-info/top_level.txt
[1.944s] reading manifest file '../../build/yolo_detector/yolo_detector.egg-info/SOURCES.txt'
[1.949s] writing manifest file '../../build/yolo_detector/yolo_detector.egg-info/SOURCES.txt'
[1.949s] running build
[1.949s] running build_py
[1.949s] running install
[1.983s] running install_lib
[2.035s] running install_data
[2.036s] running install_egg_info
[2.036s] removing '/home/faruk/ws_sensor_combined/install/yolo_detector/lib/python3.10/site-packages/yolo_detector-0.0.0-py3.10.egg-info' (and everything under it)
[2.036s] Copying ../../build/yolo_detector/yolo_detector.egg-info to /home/faruk/ws_sensor_combined/install/yolo_detector/lib/python3.10/site-packages/yolo_detector-0.0.0-py3.10.egg-info
[2.036s] running install_scripts
[2.058s] Installing yolo_node script to /home/faruk/ws_sensor_combined/install/yolo_detector/lib/yolo_detector
[2.058s] writing list of installed files to '/home/faruk/ws_sensor_combined/build/yolo_detector/install.log'
[2.067s] Invoked command in '/home/faruk/ws_sensor_combined/src/yolo_detector' returned '0': PYTHONPATH=/home/faruk/ws_sensor_combined/build/yolo_detector/prefix_override:/usr/lib/python3/dist-packages/colcon_core/task/python/colcon_distutils_commands:/home/faruk/ws_sensor_combined/install/yolo_detector/lib/python3.10/site-packages:${PYTHONPATH} /usr/bin/python3 -W ignore:setup.py install is deprecated -W ignore:easy_install command is deprecated setup.py egg_info --egg-base ../../build/yolo_detector build --build-base /home/faruk/ws_sensor_combined/build/yolo_detector/build install --record /home/faruk/ws_sensor_combined/build/yolo_detector/install.log --single-version-externally-managed install_data
