[0.111s] DEBUG:colcon:Command line arguments: ['/usr/bin/colcon', 'build']
[0.112s] DEBUG:colcon:Parsed command line arguments: Namespace(log_base=None, log_level=None, verb_name='build', build_base='build', install_base='install', merge_install=False, symlink_install=False, test_result_base=None, continue_on_error=False, executor='parallel', parallel_workers=12, event_handlers=None, ignore_user_meta=False, metas=['./colcon.meta'], base_paths=['.'], packages_ignore=None, packages_ignore_regex=None, paths=None, packages_up_to=None, packages_up_to_regex=None, packages_above=None, packages_above_and_dependencies=None, packages_above_depth=None, packages_select_by_dep=None, packages_skip_by_dep=None, packages_skip_up_to=None, packages_select_build_failed=False, packages_skip_build_finished=False, packages_select_test_failures=False, packages_skip_test_passed=False, packages_select=None, packages_skip=None, packages_select_regex=None, packages_skip_regex=None, packages_start=None, packages_end=None, allow_overriding=[], cmake_args=None, cmake_target=None, cmake_target_skip_unavailable=False, cmake_clean_cache=False, cmake_clean_first=False, cmake_force_configure=False, ament_cmake_args=None, catkin_cmake_args=None, catkin_skip_building_tests=False, mixin_files=None, mixin=None, verb_parser=<colcon_mixin.mixin.mixin_argument.MixinArgumentDecorator object at 0x76913ac6fd60>, verb_extension=<colcon_core.verb.build.BuildVerb object at 0x76913adb4d60>, main=<bound method BuildVerb.main of <colcon_core.verb.build.BuildVerb object at 0x76913adb4d60>>, mixin_verb=('build',))
[0.150s] Level 1:colcon.colcon_core.package_discovery:discover_packages(colcon_meta) check parameters
[0.150s] Level 1:colcon.colcon_core.package_discovery:discover_packages(recursive) check parameters
[0.150s] Level 1:colcon.colcon_core.package_discovery:discover_packages(ignore) check parameters
[0.150s] Level 1:colcon.colcon_core.package_discovery:discover_packages(path) check parameters
[0.151s] Level 1:colcon.colcon_core.package_discovery:discover_packages(colcon_meta) discover
[0.151s] Level 1:colcon.colcon_core.package_discovery:discover_packages(recursive) discover
[0.151s] INFO:colcon.colcon_core.package_discovery:Crawling recursively for packages in '/home/faruk/ws_sensor_combined'
[0.151s] Level 1:colcon.colcon_core.package_identification:_identify(.) by extensions ['ignore', 'ignore_ament_install']
[0.151s] Level 1:colcon.colcon_core.package_identification:_identify(.) by extension 'ignore'
[0.151s] Level 1:colcon.colcon_core.package_identification:_identify(.) by extension 'ignore_ament_install'
[0.151s] Level 1:colcon.colcon_core.package_identification:_identify(.) by extensions ['colcon_pkg']
[0.151s] Level 1:colcon.colcon_core.package_identification:_identify(.) by extension 'colcon_pkg'
[0.151s] Level 1:colcon.colcon_core.package_identification:_identify(.) by extensions ['colcon_meta']
[0.151s] Level 1:colcon.colcon_core.package_identification:_identify(.) by extension 'colcon_meta'
[0.151s] Level 1:colcon.colcon_core.package_identification:_identify(.) by extensions ['ros']
[0.151s] Level 1:colcon.colcon_core.package_identification:_identify(.) by extension 'ros'
[0.167s] Level 1:colcon.colcon_core.package_identification:_identify(.) by extensions ['cmake', 'python']
[0.167s] Level 1:colcon.colcon_core.package_identification:_identify(.) by extension 'cmake'
[0.167s] Level 1:colcon.colcon_core.package_identification:_identify(.) by extension 'python'
[0.167s] Level 1:colcon.colcon_core.package_identification:_identify(.) by extensions ['python_setup_py']
[0.167s] Level 1:colcon.colcon_core.package_identification:_identify(.) by extension 'python_setup_py'
[0.167s] Level 1:colcon.colcon_core.package_identification:_identify(build) by extensions ['ignore', 'ignore_ament_install']
[0.167s] Level 1:colcon.colcon_core.package_identification:_identify(build) by extension 'ignore'
[0.167s] Level 1:colcon.colcon_core.package_identification:_identify(build) ignored
[0.168s] Level 1:colcon.colcon_core.package_identification:_identify(install) by extensions ['ignore', 'ignore_ament_install']
[0.168s] Level 1:colcon.colcon_core.package_identification:_identify(install) by extension 'ignore'
[0.168s] Level 1:colcon.colcon_core.package_identification:_identify(install) ignored
[0.168s] Level 1:colcon.colcon_core.package_identification:_identify(log) by extensions ['ignore', 'ignore_ament_install']
[0.168s] Level 1:colcon.colcon_core.package_identification:_identify(log) by extension 'ignore'
[0.168s] Level 1:colcon.colcon_core.package_identification:_identify(log) ignored
[0.168s] Level 1:colcon.colcon_core.package_identification:_identify(src) by extensions ['ignore', 'ignore_ament_install']
[0.168s] Level 1:colcon.colcon_core.package_identification:_identify(src) by extension 'ignore'
[0.168s] Level 1:colcon.colcon_core.package_identification:_identify(src) by extension 'ignore_ament_install'
[0.168s] Level 1:colcon.colcon_core.package_identification:_identify(src) by extensions ['colcon_pkg']
[0.168s] Level 1:colcon.colcon_core.package_identification:_identify(src) by extension 'colcon_pkg'
[0.168s] Level 1:colcon.colcon_core.package_identification:_identify(src) by extensions ['colcon_meta']
[0.168s] Level 1:colcon.colcon_core.package_identification:_identify(src) by extension 'colcon_meta'
[0.169s] Level 1:colcon.colcon_core.package_identification:_identify(src) by extensions ['ros']
[0.169s] Level 1:colcon.colcon_core.package_identification:_identify(src) by extension 'ros'
[0.169s] Level 1:colcon.colcon_core.package_identification:_identify(src) by extensions ['cmake', 'python']
[0.169s] Level 1:colcon.colcon_core.package_identification:_identify(src) by extension 'cmake'
[0.169s] Level 1:colcon.colcon_core.package_identification:_identify(src) by extension 'python'
[0.169s] Level 1:colcon.colcon_core.package_identification:_identify(src) by extensions ['python_setup_py']
[0.169s] Level 1:colcon.colcon_core.package_identification:_identify(src) by extension 'python_setup_py'
[0.169s] Level 1:colcon.colcon_core.package_identification:_identify(src/px4_msgs) by extensions ['ignore', 'ignore_ament_install']
[0.169s] Level 1:colcon.colcon_core.package_identification:_identify(src/px4_msgs) by extension 'ignore'
[0.169s] Level 1:colcon.colcon_core.package_identification:_identify(src/px4_msgs) by extension 'ignore_ament_install'
[0.169s] Level 1:colcon.colcon_core.package_identification:_identify(src/px4_msgs) by extensions ['colcon_pkg']
[0.169s] Level 1:colcon.colcon_core.package_identification:_identify(src/px4_msgs) by extension 'colcon_pkg'
[0.169s] Level 1:colcon.colcon_core.package_identification:_identify(src/px4_msgs) by extensions ['colcon_meta']
[0.169s] Level 1:colcon.colcon_core.package_identification:_identify(src/px4_msgs) by extension 'colcon_meta'
[0.169s] Level 1:colcon.colcon_core.package_identification:_identify(src/px4_msgs) by extensions ['ros']
[0.169s] Level 1:colcon.colcon_core.package_identification:_identify(src/px4_msgs) by extension 'ros'
[0.172s] DEBUG:colcon.colcon_core.package_identification:Package 'src/px4_msgs' with type 'ros.ament_cmake' and name 'px4_msgs'
[0.172s] Level 1:colcon.colcon_core.package_identification:_identify(src/px4_offboard) by extensions ['ignore', 'ignore_ament_install']
[0.172s] Level 1:colcon.colcon_core.package_identification:_identify(src/px4_offboard) by extension 'ignore'
[0.172s] Level 1:colcon.colcon_core.package_identification:_identify(src/px4_offboard) by extension 'ignore_ament_install'
[0.172s] Level 1:colcon.colcon_core.package_identification:_identify(src/px4_offboard) by extensions ['colcon_pkg']
[0.172s] Level 1:colcon.colcon_core.package_identification:_identify(src/px4_offboard) by extension 'colcon_pkg'
[0.172s] Level 1:colcon.colcon_core.package_identification:_identify(src/px4_offboard) by extensions ['colcon_meta']
[0.172s] Level 1:colcon.colcon_core.package_identification:_identify(src/px4_offboard) by extension 'colcon_meta'
[0.172s] Level 1:colcon.colcon_core.package_identification:_identify(src/px4_offboard) by extensions ['ros']
[0.172s] Level 1:colcon.colcon_core.package_identification:_identify(src/px4_offboard) by extension 'ros'
[0.173s] DEBUG:colcon.colcon_core.package_identification:Package 'src/px4_offboard' with type 'ros.ament_python' and name 'px4_offboard'
[0.173s] Level 1:colcon.colcon_core.package_identification:_identify(src/px4_offboard_control) by extensions ['ignore', 'ignore_ament_install']
[0.173s] Level 1:colcon.colcon_core.package_identification:_identify(src/px4_offboard_control) by extension 'ignore'
[0.173s] Level 1:colcon.colcon_core.package_identification:_identify(src/px4_offboard_control) by extension 'ignore_ament_install'
[0.173s] Level 1:colcon.colcon_core.package_identification:_identify(src/px4_offboard_control) by extensions ['colcon_pkg']
[0.173s] Level 1:colcon.colcon_core.package_identification:_identify(src/px4_offboard_control) by extension 'colcon_pkg'
[0.173s] Level 1:colcon.colcon_core.package_identification:_identify(src/px4_offboard_control) by extensions ['colcon_meta']
[0.173s] Level 1:colcon.colcon_core.package_identification:_identify(src/px4_offboard_control) by extension 'colcon_meta'
[0.173s] Level 1:colcon.colcon_core.package_identification:_identify(src/px4_offboard_control) by extensions ['ros']
[0.173s] Level 1:colcon.colcon_core.package_identification:_identify(src/px4_offboard_control) by extension 'ros'
[0.175s] DEBUG:colcon.colcon_core.package_identification:Package 'src/px4_offboard_control' with type 'ros.ament_cmake' and name 'px4_offboard_control'
[0.175s] Level 1:colcon.colcon_core.package_identification:_identify(src/px4_ros_com) by extensions ['ignore', 'ignore_ament_install']
[0.175s] Level 1:colcon.colcon_core.package_identification:_identify(src/px4_ros_com) by extension 'ignore'
[0.175s] Level 1:colcon.colcon_core.package_identification:_identify(src/px4_ros_com) by extension 'ignore_ament_install'
[0.175s] Level 1:colcon.colcon_core.package_identification:_identify(src/px4_ros_com) by extensions ['colcon_pkg']
[0.175s] Level 1:colcon.colcon_core.package_identification:_identify(src/px4_ros_com) by extension 'colcon_pkg'
[0.175s] Level 1:colcon.colcon_core.package_identification:_identify(src/px4_ros_com) by extensions ['colcon_meta']
[0.175s] Level 1:colcon.colcon_core.package_identification:_identify(src/px4_ros_com) by extension 'colcon_meta'
[0.175s] Level 1:colcon.colcon_core.package_identification:_identify(src/px4_ros_com) by extensions ['ros']
[0.175s] Level 1:colcon.colcon_core.package_identification:_identify(src/px4_ros_com) by extension 'ros'
[0.176s] DEBUG:colcon.colcon_core.package_identification:Package 'src/px4_ros_com' with type 'ros.ament_cmake' and name 'px4_ros_com'
[0.176s] Level 1:colcon.colcon_core.package_identification:_identify(src/yolo_detector) by extensions ['ignore', 'ignore_ament_install']
[0.177s] Level 1:colcon.colcon_core.package_identification:_identify(src/yolo_detector) by extension 'ignore'
[0.177s] Level 1:colcon.colcon_core.package_identification:_identify(src/yolo_detector) by extension 'ignore_ament_install'
[0.177s] Level 1:colcon.colcon_core.package_identification:_identify(src/yolo_detector) by extensions ['colcon_pkg']
[0.177s] Level 1:colcon.colcon_core.package_identification:_identify(src/yolo_detector) by extension 'colcon_pkg'
[0.177s] Level 1:colcon.colcon_core.package_identification:_identify(src/yolo_detector) by extensions ['colcon_meta']
[0.177s] Level 1:colcon.colcon_core.package_identification:_identify(src/yolo_detector) by extension 'colcon_meta'
[0.177s] Level 1:colcon.colcon_core.package_identification:_identify(src/yolo_detector) by extensions ['ros']
[0.177s] Level 1:colcon.colcon_core.package_identification:_identify(src/yolo_detector) by extension 'ros'
[0.177s] DEBUG:colcon.colcon_core.package_identification:Package 'src/yolo_detector' with type 'ros.ament_python' and name 'yolo_detector'
[0.177s] Level 1:colcon.colcon_core.package_identification:_identify(src/yolo_listener) by extensions ['ignore', 'ignore_ament_install']
[0.177s] Level 1:colcon.colcon_core.package_identification:_identify(src/yolo_listener) by extension 'ignore'
[0.177s] Level 1:colcon.colcon_core.package_identification:_identify(src/yolo_listener) by extension 'ignore_ament_install'
[0.178s] Level 1:colcon.colcon_core.package_identification:_identify(src/yolo_listener) by extensions ['colcon_pkg']
[0.178s] Level 1:colcon.colcon_core.package_identification:_identify(src/yolo_listener) by extension 'colcon_pkg'
[0.178s] Level 1:colcon.colcon_core.package_identification:_identify(src/yolo_listener) by extensions ['colcon_meta']
[0.178s] Level 1:colcon.colcon_core.package_identification:_identify(src/yolo_listener) by extension 'colcon_meta'
[0.178s] Level 1:colcon.colcon_core.package_identification:_identify(src/yolo_listener) by extensions ['ros']
[0.178s] Level 1:colcon.colcon_core.package_identification:_identify(src/yolo_listener) by extension 'ros'
[0.178s] DEBUG:colcon.colcon_core.package_identification:Package 'src/yolo_listener' with type 'ros.ament_python' and name 'yolo_listener'
[0.178s] Level 1:colcon.colcon_core.package_discovery:discover_packages(recursive) using defaults
[0.178s] Level 1:colcon.colcon_core.package_discovery:discover_packages(ignore) discover
[0.178s] Level 1:colcon.colcon_core.package_discovery:discover_packages(ignore) using defaults
[0.178s] Level 1:colcon.colcon_core.package_discovery:discover_packages(path) discover
[0.178s] Level 1:colcon.colcon_core.package_discovery:discover_packages(path) using defaults
[0.201s] Level 1:colcon.colcon_core.package_discovery:discover_packages(prefix_path) check parameters
[0.201s] Level 1:colcon.colcon_core.package_discovery:discover_packages(prefix_path) discover
[0.204s] DEBUG:colcon.colcon_installed_package_information.package_discovery:Found 306 installed packages in /opt/ros/humble
[0.205s] Level 1:colcon.colcon_core.package_discovery:discover_packages(prefix_path) using defaults
[0.249s] Level 5:colcon.colcon_core.verb:set package 'px4_msgs' build argument 'cmake_args' from command line to 'None'
[0.249s] Level 5:colcon.colcon_core.verb:set package 'px4_msgs' build argument 'cmake_target' from command line to 'None'
[0.249s] Level 5:colcon.colcon_core.verb:set package 'px4_msgs' build argument 'cmake_target_skip_unavailable' from command line to 'False'
[0.249s] Level 5:colcon.colcon_core.verb:set package 'px4_msgs' build argument 'cmake_clean_cache' from command line to 'False'
[0.249s] Level 5:colcon.colcon_core.verb:set package 'px4_msgs' build argument 'cmake_clean_first' from command line to 'False'
[0.249s] Level 5:colcon.colcon_core.verb:set package 'px4_msgs' build argument 'cmake_force_configure' from command line to 'False'
[0.249s] Level 5:colcon.colcon_core.verb:set package 'px4_msgs' build argument 'ament_cmake_args' from command line to 'None'
[0.249s] Level 5:colcon.colcon_core.verb:set package 'px4_msgs' build argument 'catkin_cmake_args' from command line to 'None'
[0.249s] Level 5:colcon.colcon_core.verb:set package 'px4_msgs' build argument 'catkin_skip_building_tests' from command line to 'False'
[0.249s] DEBUG:colcon.colcon_core.verb:Building package 'px4_msgs' with the following arguments: {'ament_cmake_args': None, 'build_base': '/home/faruk/ws_sensor_combined/build/px4_msgs', 'catkin_cmake_args': None, 'catkin_skip_building_tests': False, 'cmake_args': None, 'cmake_clean_cache': False, 'cmake_clean_first': False, 'cmake_force_configure': False, 'cmake_target': None, 'cmake_target_skip_unavailable': False, 'install_base': '/home/faruk/ws_sensor_combined/install/px4_msgs', 'merge_install': False, 'path': '/home/faruk/ws_sensor_combined/src/px4_msgs', 'symlink_install': False, 'test_result_base': None}
[0.249s] Level 5:colcon.colcon_core.verb:set package 'yolo_detector' build argument 'cmake_args' from command line to 'None'
[0.249s] Level 5:colcon.colcon_core.verb:set package 'yolo_detector' build argument 'cmake_target' from command line to 'None'
[0.249s] Level 5:colcon.colcon_core.verb:set package 'yolo_detector' build argument 'cmake_target_skip_unavailable' from command line to 'False'
[0.249s] Level 5:colcon.colcon_core.verb:set package 'yolo_detector' build argument 'cmake_clean_cache' from command line to 'False'
[0.249s] Level 5:colcon.colcon_core.verb:set package 'yolo_detector' build argument 'cmake_clean_first' from command line to 'False'
[0.249s] Level 5:colcon.colcon_core.verb:set package 'yolo_detector' build argument 'cmake_force_configure' from command line to 'False'
[0.249s] Level 5:colcon.colcon_core.verb:set package 'yolo_detector' build argument 'ament_cmake_args' from command line to 'None'
[0.250s] Level 5:colcon.colcon_core.verb:set package 'yolo_detector' build argument 'catkin_cmake_args' from command line to 'None'
[0.250s] Level 5:colcon.colcon_core.verb:set package 'yolo_detector' build argument 'catkin_skip_building_tests' from command line to 'False'
[0.250s] DEBUG:colcon.colcon_core.verb:Building package 'yolo_detector' with the following arguments: {'ament_cmake_args': None, 'build_base': '/home/faruk/ws_sensor_combined/build/yolo_detector', 'catkin_cmake_args': None, 'catkin_skip_building_tests': False, 'cmake_args': None, 'cmake_clean_cache': False, 'cmake_clean_first': False, 'cmake_force_configure': False, 'cmake_target': None, 'cmake_target_skip_unavailable': False, 'install_base': '/home/faruk/ws_sensor_combined/install/yolo_detector', 'merge_install': False, 'path': '/home/faruk/ws_sensor_combined/src/yolo_detector', 'symlink_install': False, 'test_result_base': None}
[0.250s] Level 5:colcon.colcon_core.verb:set package 'yolo_listener' build argument 'cmake_args' from command line to 'None'
[0.250s] Level 5:colcon.colcon_core.verb:set package 'yolo_listener' build argument 'cmake_target' from command line to 'None'
[0.250s] Level 5:colcon.colcon_core.verb:set package 'yolo_listener' build argument 'cmake_target_skip_unavailable' from command line to 'False'
[0.250s] Level 5:colcon.colcon_core.verb:set package 'yolo_listener' build argument 'cmake_clean_cache' from command line to 'False'
[0.250s] Level 5:colcon.colcon_core.verb:set package 'yolo_listener' build argument 'cmake_clean_first' from command line to 'False'
[0.250s] Level 5:colcon.colcon_core.verb:set package 'yolo_listener' build argument 'cmake_force_configure' from command line to 'False'
[0.250s] Level 5:colcon.colcon_core.verb:set package 'yolo_listener' build argument 'ament_cmake_args' from command line to 'None'
[0.250s] Level 5:colcon.colcon_core.verb:set package 'yolo_listener' build argument 'catkin_cmake_args' from command line to 'None'
[0.250s] Level 5:colcon.colcon_core.verb:set package 'yolo_listener' build argument 'catkin_skip_building_tests' from command line to 'False'
[0.250s] DEBUG:colcon.colcon_core.verb:Building package 'yolo_listener' with the following arguments: {'ament_cmake_args': None, 'build_base': '/home/faruk/ws_sensor_combined/build/yolo_listener', 'catkin_cmake_args': None, 'catkin_skip_building_tests': False, 'cmake_args': None, 'cmake_clean_cache': False, 'cmake_clean_first': False, 'cmake_force_configure': False, 'cmake_target': None, 'cmake_target_skip_unavailable': False, 'install_base': '/home/faruk/ws_sensor_combined/install/yolo_listener', 'merge_install': False, 'path': '/home/faruk/ws_sensor_combined/src/yolo_listener', 'symlink_install': False, 'test_result_base': None}
[0.251s] Level 5:colcon.colcon_core.verb:set package 'px4_offboard' build argument 'cmake_args' from command line to 'None'
[0.251s] Level 5:colcon.colcon_core.verb:set package 'px4_offboard' build argument 'cmake_target' from command line to 'None'
[0.251s] Level 5:colcon.colcon_core.verb:set package 'px4_offboard' build argument 'cmake_target_skip_unavailable' from command line to 'False'
[0.251s] Level 5:colcon.colcon_core.verb:set package 'px4_offboard' build argument 'cmake_clean_cache' from command line to 'False'
[0.251s] Level 5:colcon.colcon_core.verb:set package 'px4_offboard' build argument 'cmake_clean_first' from command line to 'False'
[0.251s] Level 5:colcon.colcon_core.verb:set package 'px4_offboard' build argument 'cmake_force_configure' from command line to 'False'
[0.251s] Level 5:colcon.colcon_core.verb:set package 'px4_offboard' build argument 'ament_cmake_args' from command line to 'None'
[0.251s] Level 5:colcon.colcon_core.verb:set package 'px4_offboard' build argument 'catkin_cmake_args' from command line to 'None'
[0.251s] Level 5:colcon.colcon_core.verb:set package 'px4_offboard' build argument 'catkin_skip_building_tests' from command line to 'False'
[0.251s] DEBUG:colcon.colcon_core.verb:Building package 'px4_offboard' with the following arguments: {'ament_cmake_args': None, 'build_base': '/home/faruk/ws_sensor_combined/build/px4_offboard', 'catkin_cmake_args': None, 'catkin_skip_building_tests': False, 'cmake_args': None, 'cmake_clean_cache': False, 'cmake_clean_first': False, 'cmake_force_configure': False, 'cmake_target': None, 'cmake_target_skip_unavailable': False, 'install_base': '/home/faruk/ws_sensor_combined/install/px4_offboard', 'merge_install': False, 'path': '/home/faruk/ws_sensor_combined/src/px4_offboard', 'symlink_install': False, 'test_result_base': None}
[0.251s] Level 5:colcon.colcon_core.verb:set package 'px4_offboard_control' build argument 'cmake_args' from command line to 'None'
[0.251s] Level 5:colcon.colcon_core.verb:set package 'px4_offboard_control' build argument 'cmake_target' from command line to 'None'
[0.251s] Level 5:colcon.colcon_core.verb:set package 'px4_offboard_control' build argument 'cmake_target_skip_unavailable' from command line to 'False'
[0.251s] Level 5:colcon.colcon_core.verb:set package 'px4_offboard_control' build argument 'cmake_clean_cache' from command line to 'False'
[0.251s] Level 5:colcon.colcon_core.verb:set package 'px4_offboard_control' build argument 'cmake_clean_first' from command line to 'False'
[0.251s] Level 5:colcon.colcon_core.verb:set package 'px4_offboard_control' build argument 'cmake_force_configure' from command line to 'False'
[0.251s] Level 5:colcon.colcon_core.verb:set package 'px4_offboard_control' build argument 'ament_cmake_args' from command line to 'None'
[0.251s] Level 5:colcon.colcon_core.verb:set package 'px4_offboard_control' build argument 'catkin_cmake_args' from command line to 'None'
[0.251s] Level 5:colcon.colcon_core.verb:set package 'px4_offboard_control' build argument 'catkin_skip_building_tests' from command line to 'False'
[0.251s] DEBUG:colcon.colcon_core.verb:Building package 'px4_offboard_control' with the following arguments: {'ament_cmake_args': None, 'build_base': '/home/faruk/ws_sensor_combined/build/px4_offboard_control', 'catkin_cmake_args': None, 'catkin_skip_building_tests': False, 'cmake_args': None, 'cmake_clean_cache': False, 'cmake_clean_first': False, 'cmake_force_configure': False, 'cmake_target': None, 'cmake_target_skip_unavailable': False, 'install_base': '/home/faruk/ws_sensor_combined/install/px4_offboard_control', 'merge_install': False, 'path': '/home/faruk/ws_sensor_combined/src/px4_offboard_control', 'symlink_install': False, 'test_result_base': None}
[0.252s] Level 5:colcon.colcon_core.verb:set package 'px4_ros_com' build argument 'cmake_args' from command line to 'None'
[0.252s] Level 5:colcon.colcon_core.verb:set package 'px4_ros_com' build argument 'cmake_target' from command line to 'None'
[0.252s] Level 5:colcon.colcon_core.verb:set package 'px4_ros_com' build argument 'cmake_target_skip_unavailable' from command line to 'False'
[0.252s] Level 5:colcon.colcon_core.verb:set package 'px4_ros_com' build argument 'cmake_clean_cache' from command line to 'False'
[0.252s] Level 5:colcon.colcon_core.verb:set package 'px4_ros_com' build argument 'cmake_clean_first' from command line to 'False'
[0.252s] Level 5:colcon.colcon_core.verb:set package 'px4_ros_com' build argument 'cmake_force_configure' from command line to 'False'
[0.252s] Level 5:colcon.colcon_core.verb:set package 'px4_ros_com' build argument 'ament_cmake_args' from command line to 'None'
[0.252s] Level 5:colcon.colcon_core.verb:set package 'px4_ros_com' build argument 'catkin_cmake_args' from command line to 'None'
[0.252s] Level 5:colcon.colcon_core.verb:set package 'px4_ros_com' build argument 'catkin_skip_building_tests' from command line to 'False'
[0.252s] DEBUG:colcon.colcon_core.verb:Building package 'px4_ros_com' with the following arguments: {'ament_cmake_args': None, 'build_base': '/home/faruk/ws_sensor_combined/build/px4_ros_com', 'catkin_cmake_args': None, 'catkin_skip_building_tests': False, 'cmake_args': None, 'cmake_clean_cache': False, 'cmake_clean_first': False, 'cmake_force_configure': False, 'cmake_target': None, 'cmake_target_skip_unavailable': False, 'install_base': '/home/faruk/ws_sensor_combined/install/px4_ros_com', 'merge_install': False, 'path': '/home/faruk/ws_sensor_combined/src/px4_ros_com', 'symlink_install': False, 'test_result_base': None}
[0.252s] INFO:colcon.colcon_core.executor:Executing jobs using 'parallel' executor
[0.253s] DEBUG:colcon.colcon_parallel_executor.executor.parallel:run_until_complete
[0.253s] INFO:colcon.colcon_ros.task.ament_cmake.build:Building ROS package in '/home/faruk/ws_sensor_combined/src/px4_msgs' with build type 'ament_cmake'
[0.253s] INFO:colcon.colcon_cmake.task.cmake.build:Building CMake package in '/home/faruk/ws_sensor_combined/src/px4_msgs'
[0.255s] INFO:colcon.colcon_core.plugin_system:Skipping extension 'colcon_core.shell.bat': Not used on non-Windows systems
[0.255s] INFO:colcon.colcon_core.shell:Skip shell extension 'powershell' for command environment: Not usable outside of PowerShell
[0.255s] DEBUG:colcon.colcon_core.shell:Skip shell extension 'dsv' for command environment
[0.258s] INFO:colcon.colcon_ros.task.ament_python.build:Building ROS package in '/home/faruk/ws_sensor_combined/src/yolo_detector' with build type 'ament_python'
[0.258s] Level 1:colcon.colcon_core.shell:create_environment_hook('yolo_detector', 'ament_prefix_path')
[0.258s] INFO:colcon.colcon_core.shell:Creating environment hook '/home/faruk/ws_sensor_combined/install/yolo_detector/share/yolo_detector/hook/ament_prefix_path.ps1'
[0.259s] INFO:colcon.colcon_core.shell:Creating environment descriptor '/home/faruk/ws_sensor_combined/install/yolo_detector/share/yolo_detector/hook/ament_prefix_path.dsv'
[0.260s] INFO:colcon.colcon_core.shell:Creating environment hook '/home/faruk/ws_sensor_combined/install/yolo_detector/share/yolo_detector/hook/ament_prefix_path.sh'
[0.260s] INFO:colcon.colcon_core.shell:Skip shell extension 'powershell' for command environment: Not usable outside of PowerShell
[0.261s] DEBUG:colcon.colcon_core.shell:Skip shell extension 'dsv' for command environment
[0.263s] INFO:colcon.colcon_ros.task.ament_python.build:Building ROS package in '/home/faruk/ws_sensor_combined/src/yolo_listener' with build type 'ament_python'
[0.263s] Level 1:colcon.colcon_core.shell:create_environment_hook('yolo_listener', 'ament_prefix_path')
[0.263s] INFO:colcon.colcon_core.shell:Creating environment hook '/home/faruk/ws_sensor_combined/install/yolo_listener/share/yolo_listener/hook/ament_prefix_path.ps1'
[0.264s] INFO:colcon.colcon_core.shell:Creating environment descriptor '/home/faruk/ws_sensor_combined/install/yolo_listener/share/yolo_listener/hook/ament_prefix_path.dsv'
[0.264s] INFO:colcon.colcon_core.shell:Creating environment hook '/home/faruk/ws_sensor_combined/install/yolo_listener/share/yolo_listener/hook/ament_prefix_path.sh'
[0.265s] INFO:colcon.colcon_core.shell:Skip shell extension 'powershell' for command environment: Not usable outside of PowerShell
[0.265s] DEBUG:colcon.colcon_core.shell:Skip shell extension 'dsv' for command environment
[0.273s] DEBUG:colcon.colcon_core.event_handler.log_command:Invoking command in '/home/faruk/ws_sensor_combined/build/px4_msgs': CMAKE_PREFIX_PATH=/opt/ros/humble /usr/bin/cmake --build /home/faruk/ws_sensor_combined/build/px4_msgs -- -j12 -l12
[0.488s] INFO:colcon.colcon_core.task.python.build:Building Python package in '/home/faruk/ws_sensor_combined/src/yolo_detector'
[0.488s] INFO:colcon.colcon_core.shell:Skip shell extension 'powershell' for command environment: Not usable outside of PowerShell
[0.488s] DEBUG:colcon.colcon_core.shell:Skip shell extension 'dsv' for command environment
[0.702s] INFO:colcon.colcon_core.task.python.build:Building Python package in '/home/faruk/ws_sensor_combined/src/yolo_listener'
[0.702s] INFO:colcon.colcon_core.shell:Skip shell extension 'powershell' for command environment: Not usable outside of PowerShell
[0.702s] DEBUG:colcon.colcon_core.shell:Skip shell extension 'dsv' for command environment
[1.315s] DEBUG:colcon.colcon_core.event_handler.log_command:Invoking command in '/home/faruk/ws_sensor_combined/src/yolo_detector': PYTHONPATH=/home/faruk/ws_sensor_combined/build/yolo_detector/prefix_override:/usr/lib/python3/dist-packages/colcon_core/task/python/colcon_distutils_commands:/home/faruk/ws_sensor_combined/install/yolo_detector/lib/python3.10/site-packages:${PYTHONPATH} /usr/bin/python3 -W ignore:setup.py install is deprecated -W ignore:easy_install command is deprecated setup.py egg_info --egg-base ../../build/yolo_detector build --build-base /home/faruk/ws_sensor_combined/build/yolo_detector/build install --record /home/faruk/ws_sensor_combined/build/yolo_detector/install.log --single-version-externally-managed install_data
[1.323s] DEBUG:colcon.colcon_core.event_handler.log_command:Invoking command in '/home/faruk/ws_sensor_combined/src/yolo_listener': PYTHONPATH=/home/faruk/ws_sensor_combined/build/yolo_listener/prefix_override:/usr/lib/python3/dist-packages/colcon_core/task/python/colcon_distutils_commands:/home/faruk/ws_sensor_combined/install/yolo_listener/lib/python3.10/site-packages:${PYTHONPATH} /usr/bin/python3 -W ignore:setup.py install is deprecated -W ignore:easy_install command is deprecated setup.py egg_info --egg-base ../../build/yolo_listener build --build-base /home/faruk/ws_sensor_combined/build/yolo_listener/build install --record /home/faruk/ws_sensor_combined/build/yolo_listener/install.log --single-version-externally-managed install_data
[1.610s] DEBUG:colcon.colcon_core.event_handler.log_command:Invoked command in '/home/faruk/ws_sensor_combined/build/px4_msgs' returned '0': CMAKE_PREFIX_PATH=/opt/ros/humble /usr/bin/cmake --build /home/faruk/ws_sensor_combined/build/px4_msgs -- -j12 -l12
[1.620s] DEBUG:colcon.colcon_core.event_handler.log_command:Invoking command in '/home/faruk/ws_sensor_combined/build/px4_msgs': CMAKE_PREFIX_PATH=/opt/ros/humble /usr/bin/cmake --install /home/faruk/ws_sensor_combined/build/px4_msgs
[1.970s] Level 1:colcon.colcon_core.environment:checking '/home/faruk/ws_sensor_combined/install/yolo_detector' for CMake module files
[1.975s] Level 1:colcon.colcon_core.environment:checking '/home/faruk/ws_sensor_combined/install/yolo_detector' for CMake config files
[1.991s] Level 1:colcon.colcon_core.environment:checking '/home/faruk/ws_sensor_combined/install/yolo_detector/lib'
[1.991s] Level 1:colcon.colcon_core.environment:checking '/home/faruk/ws_sensor_combined/install/yolo_detector/bin'
[1.991s] Level 1:colcon.colcon_core.environment:checking '/home/faruk/ws_sensor_combined/install/yolo_detector/lib/pkgconfig/yolo_detector.pc'
[1.992s] Level 1:colcon.colcon_core.environment:checking '/home/faruk/ws_sensor_combined/install/yolo_detector/lib/python3.10/site-packages'
[1.992s] Level 1:colcon.colcon_core.shell:create_environment_hook('yolo_detector', 'pythonpath')
[1.992s] INFO:colcon.colcon_core.shell:Creating environment hook '/home/faruk/ws_sensor_combined/install/yolo_detector/share/yolo_detector/hook/pythonpath.ps1'
[1.996s] INFO:colcon.colcon_core.shell:Creating environment descriptor '/home/faruk/ws_sensor_combined/install/yolo_detector/share/yolo_detector/hook/pythonpath.dsv'
[2.002s] INFO:colcon.colcon_core.shell:Creating environment hook '/home/faruk/ws_sensor_combined/install/yolo_detector/share/yolo_detector/hook/pythonpath.sh'
[2.007s] Level 1:colcon.colcon_core.environment:checking '/home/faruk/ws_sensor_combined/install/yolo_detector/bin'
[2.007s] Level 1:colcon.colcon_core.environment:create_environment_scripts_only(yolo_detector)
[2.008s] INFO:colcon.colcon_core.shell:Creating package script '/home/faruk/ws_sensor_combined/install/yolo_detector/share/yolo_detector/package.ps1'
[2.010s] INFO:colcon.colcon_core.shell:Creating package descriptor '/home/faruk/ws_sensor_combined/install/yolo_detector/share/yolo_detector/package.dsv'
[2.015s] INFO:colcon.colcon_core.shell:Creating package script '/home/faruk/ws_sensor_combined/install/yolo_detector/share/yolo_detector/package.sh'
[2.018s] INFO:colcon.colcon_core.shell:Creating package script '/home/faruk/ws_sensor_combined/install/yolo_detector/share/yolo_detector/package.bash'
[2.020s] INFO:colcon.colcon_core.shell:Creating package script '/home/faruk/ws_sensor_combined/install/yolo_detector/share/yolo_detector/package.zsh'
[2.022s] Level 1:colcon.colcon_core.environment:create_file_with_runtime_dependencies(/home/faruk/ws_sensor_combined/install/yolo_detector/share/colcon-core/packages/yolo_detector)
[2.043s] Level 1:colcon.colcon_core.environment:checking '/home/faruk/ws_sensor_combined/install/yolo_listener' for CMake module files
[2.049s] DEBUG:colcon.colcon_core.event_handler.log_command:Invoked command in '/home/faruk/ws_sensor_combined/src/yolo_detector' returned '0': PYTHONPATH=/home/faruk/ws_sensor_combined/build/yolo_detector/prefix_override:/usr/lib/python3/dist-packages/colcon_core/task/python/colcon_distutils_commands:/home/faruk/ws_sensor_combined/install/yolo_detector/lib/python3.10/site-packages:${PYTHONPATH} /usr/bin/python3 -W ignore:setup.py install is deprecated -W ignore:easy_install command is deprecated setup.py egg_info --egg-base ../../build/yolo_detector build --build-base /home/faruk/ws_sensor_combined/build/yolo_detector/build install --record /home/faruk/ws_sensor_combined/build/yolo_detector/install.log --single-version-externally-managed install_data
[2.049s] Level 1:colcon.colcon_core.environment:checking '/home/faruk/ws_sensor_combined/install/yolo_listener' for CMake config files
[2.058s] Level 1:colcon.colcon_core.environment:checking '/home/faruk/ws_sensor_combined/install/yolo_listener/lib'
[2.059s] Level 1:colcon.colcon_core.environment:checking '/home/faruk/ws_sensor_combined/install/yolo_listener/bin'
[2.059s] Level 1:colcon.colcon_core.environment:checking '/home/faruk/ws_sensor_combined/install/yolo_listener/lib/pkgconfig/yolo_listener.pc'
[2.059s] Level 1:colcon.colcon_core.environment:checking '/home/faruk/ws_sensor_combined/install/yolo_listener/lib/python3.10/site-packages'
[2.059s] Level 1:colcon.colcon_core.shell:create_environment_hook('yolo_listener', 'pythonpath')
[2.059s] INFO:colcon.colcon_core.shell:Creating environment hook '/home/faruk/ws_sensor_combined/install/yolo_listener/share/yolo_listener/hook/pythonpath.ps1'
[2.061s] INFO:colcon.colcon_core.shell:Creating environment descriptor '/home/faruk/ws_sensor_combined/install/yolo_listener/share/yolo_listener/hook/pythonpath.dsv'
[2.062s] DEBUG:colcon.colcon_core.event_handler.log_command:Invoked command in '/home/faruk/ws_sensor_combined/src/yolo_listener' returned '0': PYTHONPATH=/home/faruk/ws_sensor_combined/build/yolo_listener/prefix_override:/usr/lib/python3/dist-packages/colcon_core/task/python/colcon_distutils_commands:/home/faruk/ws_sensor_combined/install/yolo_listener/lib/python3.10/site-packages:${PYTHONPATH} /usr/bin/python3 -W ignore:setup.py install is deprecated -W ignore:easy_install command is deprecated setup.py egg_info --egg-base ../../build/yolo_listener build --build-base /home/faruk/ws_sensor_combined/build/yolo_listener/build install --record /home/faruk/ws_sensor_combined/build/yolo_listener/install.log --single-version-externally-managed install_data
[2.063s] INFO:colcon.colcon_core.shell:Creating environment hook '/home/faruk/ws_sensor_combined/install/yolo_listener/share/yolo_listener/hook/pythonpath.sh'
[2.063s] Level 1:colcon.colcon_core.environment:checking '/home/faruk/ws_sensor_combined/install/yolo_listener/bin'
[2.063s] Level 1:colcon.colcon_core.environment:create_environment_scripts_only(yolo_listener)
[2.063s] INFO:colcon.colcon_core.shell:Creating package script '/home/faruk/ws_sensor_combined/install/yolo_listener/share/yolo_listener/package.ps1'
[2.064s] INFO:colcon.colcon_core.shell:Creating package descriptor '/home/faruk/ws_sensor_combined/install/yolo_listener/share/yolo_listener/package.dsv'
[2.064s] INFO:colcon.colcon_core.shell:Creating package script '/home/faruk/ws_sensor_combined/install/yolo_listener/share/yolo_listener/package.sh'
[2.065s] INFO:colcon.colcon_core.shell:Creating package script '/home/faruk/ws_sensor_combined/install/yolo_listener/share/yolo_listener/package.bash'
[2.065s] INFO:colcon.colcon_core.shell:Creating package script '/home/faruk/ws_sensor_combined/install/yolo_listener/share/yolo_listener/package.zsh'
[2.065s] Level 1:colcon.colcon_core.environment:create_file_with_runtime_dependencies(/home/faruk/ws_sensor_combined/install/yolo_listener/share/colcon-core/packages/yolo_listener)
[2.066s] Level 1:colcon.colcon_core.environment:create_environment_scripts_only(px4_msgs)
[2.066s] Level 1:colcon.colcon_core.environment:checking '/home/faruk/ws_sensor_combined/install/px4_msgs' for CMake module files
[2.067s] DEBUG:colcon.colcon_core.event_handler.log_command:Invoked command in '/home/faruk/ws_sensor_combined/build/px4_msgs' returned '0': CMAKE_PREFIX_PATH=/opt/ros/humble /usr/bin/cmake --install /home/faruk/ws_sensor_combined/build/px4_msgs
[2.068s] Level 1:colcon.colcon_core.environment:checking '/home/faruk/ws_sensor_combined/install/px4_msgs' for CMake config files
[2.072s] Level 1:colcon.colcon_core.shell:create_environment_hook('px4_msgs', 'cmake_prefix_path')
[2.072s] INFO:colcon.colcon_core.shell:Creating environment hook '/home/faruk/ws_sensor_combined/install/px4_msgs/share/px4_msgs/hook/cmake_prefix_path.ps1'
[2.072s] INFO:colcon.colcon_core.shell:Creating environment descriptor '/home/faruk/ws_sensor_combined/install/px4_msgs/share/px4_msgs/hook/cmake_prefix_path.dsv'
[2.073s] INFO:colcon.colcon_core.shell:Creating environment hook '/home/faruk/ws_sensor_combined/install/px4_msgs/share/px4_msgs/hook/cmake_prefix_path.sh'
[2.073s] Level 1:colcon.colcon_core.environment:checking '/home/faruk/ws_sensor_combined/install/px4_msgs/lib'
[2.074s] Level 1:colcon.colcon_core.shell:create_environment_hook('px4_msgs', 'ld_library_path_lib')
[2.074s] INFO:colcon.colcon_core.shell:Creating environment hook '/home/faruk/ws_sensor_combined/install/px4_msgs/share/px4_msgs/hook/ld_library_path_lib.ps1'
[2.074s] INFO:colcon.colcon_core.shell:Creating environment descriptor '/home/faruk/ws_sensor_combined/install/px4_msgs/share/px4_msgs/hook/ld_library_path_lib.dsv'
[2.074s] INFO:colcon.colcon_core.shell:Creating environment hook '/home/faruk/ws_sensor_combined/install/px4_msgs/share/px4_msgs/hook/ld_library_path_lib.sh'
[2.075s] Level 1:colcon.colcon_core.environment:checking '/home/faruk/ws_sensor_combined/install/px4_msgs/bin'
[2.075s] Level 1:colcon.colcon_core.environment:checking '/home/faruk/ws_sensor_combined/install/px4_msgs/lib/pkgconfig/px4_msgs.pc'
[2.075s] Level 1:colcon.colcon_core.environment:checking '/home/faruk/ws_sensor_combined/install/px4_msgs/lib/python3.10/site-packages'
[2.075s] Level 1:colcon.colcon_core.environment:checking '/home/faruk/ws_sensor_combined/install/px4_msgs/bin'
[2.076s] INFO:colcon.colcon_core.shell:Creating package script '/home/faruk/ws_sensor_combined/install/px4_msgs/share/px4_msgs/package.ps1'
[2.076s] INFO:colcon.colcon_core.shell:Creating package descriptor '/home/faruk/ws_sensor_combined/install/px4_msgs/share/px4_msgs/package.dsv'
[2.076s] INFO:colcon.colcon_core.shell:Creating package script '/home/faruk/ws_sensor_combined/install/px4_msgs/share/px4_msgs/package.sh'
[2.077s] INFO:colcon.colcon_core.shell:Creating package script '/home/faruk/ws_sensor_combined/install/px4_msgs/share/px4_msgs/package.bash'
[2.077s] INFO:colcon.colcon_core.shell:Creating package script '/home/faruk/ws_sensor_combined/install/px4_msgs/share/px4_msgs/package.zsh'
[2.078s] Level 1:colcon.colcon_core.environment:create_file_with_runtime_dependencies(/home/faruk/ws_sensor_combined/install/px4_msgs/share/colcon-core/packages/px4_msgs)
[2.078s] Level 1:colcon.colcon_core.environment:create_environment_scripts_only(px4_msgs)
[2.078s] Level 1:colcon.colcon_core.environment:checking '/home/faruk/ws_sensor_combined/install/px4_msgs' for CMake module files
[2.079s] Level 1:colcon.colcon_core.environment:checking '/home/faruk/ws_sensor_combined/install/px4_msgs' for CMake config files
[2.083s] Level 1:colcon.colcon_core.shell:create_environment_hook('px4_msgs', 'cmake_prefix_path')
[2.083s] INFO:colcon.colcon_core.shell:Creating environment hook '/home/faruk/ws_sensor_combined/install/px4_msgs/share/px4_msgs/hook/cmake_prefix_path.ps1'
[2.084s] INFO:colcon.colcon_core.shell:Creating environment descriptor '/home/faruk/ws_sensor_combined/install/px4_msgs/share/px4_msgs/hook/cmake_prefix_path.dsv'
[2.084s] INFO:colcon.colcon_core.shell:Creating environment hook '/home/faruk/ws_sensor_combined/install/px4_msgs/share/px4_msgs/hook/cmake_prefix_path.sh'
[2.085s] Level 1:colcon.colcon_core.environment:checking '/home/faruk/ws_sensor_combined/install/px4_msgs/lib'
[2.085s] Level 1:colcon.colcon_core.shell:create_environment_hook('px4_msgs', 'ld_library_path_lib')
[2.085s] INFO:colcon.colcon_core.shell:Creating environment hook '/home/faruk/ws_sensor_combined/install/px4_msgs/share/px4_msgs/hook/ld_library_path_lib.ps1'
[2.085s] INFO:colcon.colcon_core.shell:Creating environment descriptor '/home/faruk/ws_sensor_combined/install/px4_msgs/share/px4_msgs/hook/ld_library_path_lib.dsv'
[2.085s] INFO:colcon.colcon_core.shell:Creating environment hook '/home/faruk/ws_sensor_combined/install/px4_msgs/share/px4_msgs/hook/ld_library_path_lib.sh'
[2.086s] Level 1:colcon.colcon_core.environment:checking '/home/faruk/ws_sensor_combined/install/px4_msgs/bin'
[2.086s] Level 1:colcon.colcon_core.environment:checking '/home/faruk/ws_sensor_combined/install/px4_msgs/lib/pkgconfig/px4_msgs.pc'
[2.086s] Level 1:colcon.colcon_core.environment:checking '/home/faruk/ws_sensor_combined/install/px4_msgs/lib/python3.10/site-packages'
[2.086s] Level 1:colcon.colcon_core.environment:checking '/home/faruk/ws_sensor_combined/install/px4_msgs/bin'
[2.086s] INFO:colcon.colcon_core.shell:Creating package script '/home/faruk/ws_sensor_combined/install/px4_msgs/share/px4_msgs/package.ps1'
[2.087s] INFO:colcon.colcon_core.shell:Creating package descriptor '/home/faruk/ws_sensor_combined/install/px4_msgs/share/px4_msgs/package.dsv'
[2.087s] INFO:colcon.colcon_core.shell:Creating package script '/home/faruk/ws_sensor_combined/install/px4_msgs/share/px4_msgs/package.sh'
[2.088s] INFO:colcon.colcon_core.shell:Creating package script '/home/faruk/ws_sensor_combined/install/px4_msgs/share/px4_msgs/package.bash'
[2.088s] INFO:colcon.colcon_core.shell:Creating package script '/home/faruk/ws_sensor_combined/install/px4_msgs/share/px4_msgs/package.zsh'
[2.089s] Level 1:colcon.colcon_core.environment:create_file_with_runtime_dependencies(/home/faruk/ws_sensor_combined/install/px4_msgs/share/colcon-core/packages/px4_msgs)
[2.089s] INFO:colcon.colcon_ros.task.ament_python.build:Building ROS package in '/home/faruk/ws_sensor_combined/src/px4_offboard' with build type 'ament_python'
[2.089s] Level 1:colcon.colcon_core.shell:create_environment_hook('px4_offboard', 'ament_prefix_path')
[2.089s] INFO:colcon.colcon_core.shell:Creating environment hook '/home/faruk/ws_sensor_combined/install/px4_offboard/share/px4_offboard/hook/ament_prefix_path.ps1'
[2.090s] INFO:colcon.colcon_core.shell:Creating environment descriptor '/home/faruk/ws_sensor_combined/install/px4_offboard/share/px4_offboard/hook/ament_prefix_path.dsv'
[2.090s] INFO:colcon.colcon_core.shell:Creating environment hook '/home/faruk/ws_sensor_combined/install/px4_offboard/share/px4_offboard/hook/ament_prefix_path.sh'
[2.091s] INFO:colcon.colcon_core.shell:Skip shell extension 'powershell' for command environment: Not usable outside of PowerShell
[2.091s] DEBUG:colcon.colcon_core.shell:Skip shell extension 'dsv' for command environment
[2.093s] INFO:colcon.colcon_ros.task.ament_cmake.build:Building ROS package in '/home/faruk/ws_sensor_combined/src/px4_offboard_control' with build type 'ament_cmake'
[2.093s] INFO:colcon.colcon_cmake.task.cmake.build:Building CMake package in '/home/faruk/ws_sensor_combined/src/px4_offboard_control'
[2.093s] INFO:colcon.colcon_core.shell:Skip shell extension 'powershell' for command environment: Not usable outside of PowerShell
[2.093s] DEBUG:colcon.colcon_core.shell:Skip shell extension 'dsv' for command environment
[2.096s] INFO:colcon.colcon_ros.task.ament_cmake.build:Building ROS package in '/home/faruk/ws_sensor_combined/src/px4_ros_com' with build type 'ament_cmake'
[2.096s] INFO:colcon.colcon_cmake.task.cmake.build:Building CMake package in '/home/faruk/ws_sensor_combined/src/px4_ros_com'
[2.096s] INFO:colcon.colcon_core.shell:Skip shell extension 'powershell' for command environment: Not usable outside of PowerShell
[2.096s] DEBUG:colcon.colcon_core.shell:Skip shell extension 'dsv' for command environment
[2.328s] INFO:colcon.colcon_core.task.python.build:Building Python package in '/home/faruk/ws_sensor_combined/src/px4_offboard'
[2.328s] INFO:colcon.colcon_core.shell:Skip shell extension 'powershell' for command environment: Not usable outside of PowerShell
[2.328s] DEBUG:colcon.colcon_core.shell:Skip shell extension 'dsv' for command environment
[2.335s] DEBUG:colcon.colcon_core.event_handler.log_command:Invoking command in '/home/faruk/ws_sensor_combined/build/px4_offboard_control': AMENT_PREFIX_PATH=/home/faruk/ws_sensor_combined/install/px4_msgs:${AMENT_PREFIX_PATH} CMAKE_PREFIX_PATH=/home/faruk/ws_sensor_combined/install/px4_msgs:/opt/ros/humble LD_LIBRARY_PATH=/home/faruk/ws_sensor_combined/install/px4_msgs/lib:${LD_LIBRARY_PATH} PYTHONPATH=/home/faruk/ws_sensor_combined/install/px4_msgs/local/lib/python3.10/dist-packages:${PYTHONPATH} /usr/bin/cmake --build /home/faruk/ws_sensor_combined/build/px4_offboard_control -- -j12 -l12
[2.338s] DEBUG:colcon.colcon_core.event_handler.log_command:Invoking command in '/home/faruk/ws_sensor_combined/build/px4_ros_com': AMENT_PREFIX_PATH=/home/faruk/ws_sensor_combined/install/px4_msgs:${AMENT_PREFIX_PATH} CMAKE_PREFIX_PATH=/home/faruk/ws_sensor_combined/install/px4_msgs:/opt/ros/humble LD_LIBRARY_PATH=/home/faruk/ws_sensor_combined/install/px4_msgs/lib:${LD_LIBRARY_PATH} PYTHONPATH=/home/faruk/ws_sensor_combined/install/px4_msgs/local/lib/python3.10/dist-packages:${PYTHONPATH} /usr/bin/cmake --build /home/faruk/ws_sensor_combined/build/px4_ros_com -- -j12 -l12
[2.815s] DEBUG:colcon.colcon_core.event_handler.log_command:Invoked command in '/home/faruk/ws_sensor_combined/build/px4_offboard_control' returned '0': AMENT_PREFIX_PATH=/home/faruk/ws_sensor_combined/install/px4_msgs:${AMENT_PREFIX_PATH} CMAKE_PREFIX_PATH=/home/faruk/ws_sensor_combined/install/px4_msgs:/opt/ros/humble LD_LIBRARY_PATH=/home/faruk/ws_sensor_combined/install/px4_msgs/lib:${LD_LIBRARY_PATH} PYTHONPATH=/home/faruk/ws_sensor_combined/install/px4_msgs/local/lib/python3.10/dist-packages:${PYTHONPATH} /usr/bin/cmake --build /home/faruk/ws_sensor_combined/build/px4_offboard_control -- -j12 -l12
[2.816s] DEBUG:colcon.colcon_core.event_handler.log_command:Invoking command in '/home/faruk/ws_sensor_combined/build/px4_offboard_control': AMENT_PREFIX_PATH=/home/faruk/ws_sensor_combined/install/px4_msgs:${AMENT_PREFIX_PATH} CMAKE_PREFIX_PATH=/home/faruk/ws_sensor_combined/install/px4_msgs:/opt/ros/humble LD_LIBRARY_PATH=/home/faruk/ws_sensor_combined/install/px4_msgs/lib:${LD_LIBRARY_PATH} PYTHONPATH=/home/faruk/ws_sensor_combined/install/px4_msgs/local/lib/python3.10/dist-packages:${PYTHONPATH} /usr/bin/cmake --install /home/faruk/ws_sensor_combined/build/px4_offboard_control
[2.849s] DEBUG:colcon.colcon_core.event_handler.log_command:Invoked command in '/home/faruk/ws_sensor_combined/build/px4_ros_com' returned '0': AMENT_PREFIX_PATH=/home/faruk/ws_sensor_combined/install/px4_msgs:${AMENT_PREFIX_PATH} CMAKE_PREFIX_PATH=/home/faruk/ws_sensor_combined/install/px4_msgs:/opt/ros/humble LD_LIBRARY_PATH=/home/faruk/ws_sensor_combined/install/px4_msgs/lib:${LD_LIBRARY_PATH} PYTHONPATH=/home/faruk/ws_sensor_combined/install/px4_msgs/local/lib/python3.10/dist-packages:${PYTHONPATH} /usr/bin/cmake --build /home/faruk/ws_sensor_combined/build/px4_ros_com -- -j12 -l12
[2.851s] DEBUG:colcon.colcon_core.event_handler.log_command:Invoking command in '/home/faruk/ws_sensor_combined/build/px4_ros_com': AMENT_PREFIX_PATH=/home/faruk/ws_sensor_combined/install/px4_msgs:${AMENT_PREFIX_PATH} CMAKE_PREFIX_PATH=/home/faruk/ws_sensor_combined/install/px4_msgs:/opt/ros/humble LD_LIBRARY_PATH=/home/faruk/ws_sensor_combined/install/px4_msgs/lib:${LD_LIBRARY_PATH} PYTHONPATH=/home/faruk/ws_sensor_combined/install/px4_msgs/local/lib/python3.10/dist-packages:${PYTHONPATH} /usr/bin/cmake --install /home/faruk/ws_sensor_combined/build/px4_ros_com
[2.871s] Level 1:colcon.colcon_core.environment:create_environment_scripts_only(px4_offboard_control)
[2.872s] Level 1:colcon.colcon_core.environment:checking '/home/faruk/ws_sensor_combined/install/px4_offboard_control' for CMake module files
[2.872s] DEBUG:colcon.colcon_core.event_handler.log_command:Invoked command in '/home/faruk/ws_sensor_combined/build/px4_offboard_control' returned '0': AMENT_PREFIX_PATH=/home/faruk/ws_sensor_combined/install/px4_msgs:${AMENT_PREFIX_PATH} CMAKE_PREFIX_PATH=/home/faruk/ws_sensor_combined/install/px4_msgs:/opt/ros/humble LD_LIBRARY_PATH=/home/faruk/ws_sensor_combined/install/px4_msgs/lib:${LD_LIBRARY_PATH} PYTHONPATH=/home/faruk/ws_sensor_combined/install/px4_msgs/local/lib/python3.10/dist-packages:${PYTHONPATH} /usr/bin/cmake --install /home/faruk/ws_sensor_combined/build/px4_offboard_control
[2.873s] Level 1:colcon.colcon_core.environment:checking '/home/faruk/ws_sensor_combined/install/px4_offboard_control' for CMake config files
[2.873s] Level 1:colcon.colcon_core.shell:create_environment_hook('px4_offboard_control', 'cmake_prefix_path')
[2.874s] INFO:colcon.colcon_core.shell:Creating environment hook '/home/faruk/ws_sensor_combined/install/px4_offboard_control/share/px4_offboard_control/hook/cmake_prefix_path.ps1'
[2.874s] INFO:colcon.colcon_core.shell:Creating environment descriptor '/home/faruk/ws_sensor_combined/install/px4_offboard_control/share/px4_offboard_control/hook/cmake_prefix_path.dsv'
[2.874s] INFO:colcon.colcon_core.shell:Creating environment hook '/home/faruk/ws_sensor_combined/install/px4_offboard_control/share/px4_offboard_control/hook/cmake_prefix_path.sh'
[2.875s] Level 1:colcon.colcon_core.environment:checking '/home/faruk/ws_sensor_combined/install/px4_offboard_control/lib'
[2.875s] Level 1:colcon.colcon_core.shell:create_environment_hook('px4_offboard_control', 'ld_library_path_lib')
[2.875s] INFO:colcon.colcon_core.shell:Creating environment hook '/home/faruk/ws_sensor_combined/install/px4_offboard_control/share/px4_offboard_control/hook/ld_library_path_lib.ps1'
[2.876s] INFO:colcon.colcon_core.shell:Creating environment descriptor '/home/faruk/ws_sensor_combined/install/px4_offboard_control/share/px4_offboard_control/hook/ld_library_path_lib.dsv'
[2.876s] INFO:colcon.colcon_core.shell:Creating environment hook '/home/faruk/ws_sensor_combined/install/px4_offboard_control/share/px4_offboard_control/hook/ld_library_path_lib.sh'
[2.877s] Level 1:colcon.colcon_core.environment:checking '/home/faruk/ws_sensor_combined/install/px4_offboard_control/bin'
[2.877s] Level 1:colcon.colcon_core.environment:checking '/home/faruk/ws_sensor_combined/install/px4_offboard_control/lib/pkgconfig/px4_offboard_control.pc'
[2.877s] Level 1:colcon.colcon_core.environment:checking '/home/faruk/ws_sensor_combined/install/px4_offboard_control/lib/python3.10/site-packages'
[2.877s] Level 1:colcon.colcon_core.environment:checking '/home/faruk/ws_sensor_combined/install/px4_offboard_control/bin'
[2.878s] INFO:colcon.colcon_core.shell:Creating package script '/home/faruk/ws_sensor_combined/install/px4_offboard_control/share/px4_offboard_control/package.ps1'
[2.878s] INFO:colcon.colcon_core.shell:Creating package descriptor '/home/faruk/ws_sensor_combined/install/px4_offboard_control/share/px4_offboard_control/package.dsv'
[2.878s] INFO:colcon.colcon_core.shell:Creating package script '/home/faruk/ws_sensor_combined/install/px4_offboard_control/share/px4_offboard_control/package.sh'
[2.879s] INFO:colcon.colcon_core.shell:Creating package script '/home/faruk/ws_sensor_combined/install/px4_offboard_control/share/px4_offboard_control/package.bash'
[2.879s] INFO:colcon.colcon_core.shell:Creating package script '/home/faruk/ws_sensor_combined/install/px4_offboard_control/share/px4_offboard_control/package.zsh'
[2.880s] Level 1:colcon.colcon_core.environment:create_file_with_runtime_dependencies(/home/faruk/ws_sensor_combined/install/px4_offboard_control/share/colcon-core/packages/px4_offboard_control)
[2.880s] Level 1:colcon.colcon_core.environment:create_environment_scripts_only(px4_offboard_control)
[2.880s] Level 1:colcon.colcon_core.environment:checking '/home/faruk/ws_sensor_combined/install/px4_offboard_control' for CMake module files
[2.881s] Level 1:colcon.colcon_core.environment:checking '/home/faruk/ws_sensor_combined/install/px4_offboard_control' for CMake config files
[2.881s] Level 1:colcon.colcon_core.shell:create_environment_hook('px4_offboard_control', 'cmake_prefix_path')
[2.881s] INFO:colcon.colcon_core.shell:Creating environment hook '/home/faruk/ws_sensor_combined/install/px4_offboard_control/share/px4_offboard_control/hook/cmake_prefix_path.ps1'
[2.882s] INFO:colcon.colcon_core.shell:Creating environment descriptor '/home/faruk/ws_sensor_combined/install/px4_offboard_control/share/px4_offboard_control/hook/cmake_prefix_path.dsv'
[2.882s] INFO:colcon.colcon_core.shell:Creating environment hook '/home/faruk/ws_sensor_combined/install/px4_offboard_control/share/px4_offboard_control/hook/cmake_prefix_path.sh'
[2.883s] Level 1:colcon.colcon_core.environment:checking '/home/faruk/ws_sensor_combined/install/px4_offboard_control/lib'
[2.883s] Level 1:colcon.colcon_core.shell:create_environment_hook('px4_offboard_control', 'ld_library_path_lib')
[2.883s] INFO:colcon.colcon_core.shell:Creating environment hook '/home/faruk/ws_sensor_combined/install/px4_offboard_control/share/px4_offboard_control/hook/ld_library_path_lib.ps1'
[2.883s] INFO:colcon.colcon_core.shell:Creating environment descriptor '/home/faruk/ws_sensor_combined/install/px4_offboard_control/share/px4_offboard_control/hook/ld_library_path_lib.dsv'
[2.884s] INFO:colcon.colcon_core.shell:Creating environment hook '/home/faruk/ws_sensor_combined/install/px4_offboard_control/share/px4_offboard_control/hook/ld_library_path_lib.sh'
[2.884s] Level 1:colcon.colcon_core.environment:checking '/home/faruk/ws_sensor_combined/install/px4_offboard_control/bin'
[2.884s] Level 1:colcon.colcon_core.environment:checking '/home/faruk/ws_sensor_combined/install/px4_offboard_control/lib/pkgconfig/px4_offboard_control.pc'
[2.884s] Level 1:colcon.colcon_core.environment:checking '/home/faruk/ws_sensor_combined/install/px4_offboard_control/lib/python3.10/site-packages'
[2.885s] Level 1:colcon.colcon_core.environment:checking '/home/faruk/ws_sensor_combined/install/px4_offboard_control/bin'
[2.885s] INFO:colcon.colcon_core.shell:Creating package script '/home/faruk/ws_sensor_combined/install/px4_offboard_control/share/px4_offboard_control/package.ps1'
[2.885s] INFO:colcon.colcon_core.shell:Creating package descriptor '/home/faruk/ws_sensor_combined/install/px4_offboard_control/share/px4_offboard_control/package.dsv'
[2.886s] INFO:colcon.colcon_core.shell:Creating package script '/home/faruk/ws_sensor_combined/install/px4_offboard_control/share/px4_offboard_control/package.sh'
[2.886s] INFO:colcon.colcon_core.shell:Creating package script '/home/faruk/ws_sensor_combined/install/px4_offboard_control/share/px4_offboard_control/package.bash'
[2.887s] INFO:colcon.colcon_core.shell:Creating package script '/home/faruk/ws_sensor_combined/install/px4_offboard_control/share/px4_offboard_control/package.zsh'
[2.887s] Level 1:colcon.colcon_core.environment:create_file_with_runtime_dependencies(/home/faruk/ws_sensor_combined/install/px4_offboard_control/share/colcon-core/packages/px4_offboard_control)
[2.905s] Level 1:colcon.colcon_core.environment:create_environment_scripts_only(px4_ros_com)
[2.905s] Level 1:colcon.colcon_core.environment:checking '/home/faruk/ws_sensor_combined/install/px4_ros_com' for CMake module files
[2.906s] DEBUG:colcon.colcon_core.event_handler.log_command:Invoked command in '/home/faruk/ws_sensor_combined/build/px4_ros_com' returned '0': AMENT_PREFIX_PATH=/home/faruk/ws_sensor_combined/install/px4_msgs:${AMENT_PREFIX_PATH} CMAKE_PREFIX_PATH=/home/faruk/ws_sensor_combined/install/px4_msgs:/opt/ros/humble LD_LIBRARY_PATH=/home/faruk/ws_sensor_combined/install/px4_msgs/lib:${LD_LIBRARY_PATH} PYTHONPATH=/home/faruk/ws_sensor_combined/install/px4_msgs/local/lib/python3.10/dist-packages:${PYTHONPATH} /usr/bin/cmake --install /home/faruk/ws_sensor_combined/build/px4_ros_com
[2.907s] Level 1:colcon.colcon_core.environment:checking '/home/faruk/ws_sensor_combined/install/px4_ros_com' for CMake config files
[2.907s] Level 1:colcon.colcon_core.shell:create_environment_hook('px4_ros_com', 'cmake_prefix_path')
[2.907s] INFO:colcon.colcon_core.shell:Creating environment hook '/home/faruk/ws_sensor_combined/install/px4_ros_com/share/px4_ros_com/hook/cmake_prefix_path.ps1'
[2.908s] INFO:colcon.colcon_core.shell:Creating environment descriptor '/home/faruk/ws_sensor_combined/install/px4_ros_com/share/px4_ros_com/hook/cmake_prefix_path.dsv'
[2.908s] INFO:colcon.colcon_core.shell:Creating environment hook '/home/faruk/ws_sensor_combined/install/px4_ros_com/share/px4_ros_com/hook/cmake_prefix_path.sh'
[2.909s] Level 1:colcon.colcon_core.environment:checking '/home/faruk/ws_sensor_combined/install/px4_ros_com/lib'
[2.909s] Level 1:colcon.colcon_core.shell:create_environment_hook('px4_ros_com', 'ld_library_path_lib')
[2.909s] INFO:colcon.colcon_core.shell:Creating environment hook '/home/faruk/ws_sensor_combined/install/px4_ros_com/share/px4_ros_com/hook/ld_library_path_lib.ps1'
[2.909s] INFO:colcon.colcon_core.shell:Creating environment descriptor '/home/faruk/ws_sensor_combined/install/px4_ros_com/share/px4_ros_com/hook/ld_library_path_lib.dsv'
[2.910s] INFO:colcon.colcon_core.shell:Creating environment hook '/home/faruk/ws_sensor_combined/install/px4_ros_com/share/px4_ros_com/hook/ld_library_path_lib.sh'
[2.910s] Level 1:colcon.colcon_core.environment:checking '/home/faruk/ws_sensor_combined/install/px4_ros_com/bin'
[2.910s] Level 1:colcon.colcon_core.environment:checking '/home/faruk/ws_sensor_combined/install/px4_ros_com/lib/pkgconfig/px4_ros_com.pc'
[2.910s] Level 1:colcon.colcon_core.environment:checking '/home/faruk/ws_sensor_combined/install/px4_ros_com/lib/python3.10/site-packages'
[2.911s] Level 1:colcon.colcon_core.environment:checking '/home/faruk/ws_sensor_combined/install/px4_ros_com/bin'
[2.911s] INFO:colcon.colcon_core.shell:Creating package script '/home/faruk/ws_sensor_combined/install/px4_ros_com/share/px4_ros_com/package.ps1'
[2.911s] INFO:colcon.colcon_core.shell:Creating package descriptor '/home/faruk/ws_sensor_combined/install/px4_ros_com/share/px4_ros_com/package.dsv'
[2.912s] INFO:colcon.colcon_core.shell:Creating package script '/home/faruk/ws_sensor_combined/install/px4_ros_com/share/px4_ros_com/package.sh'
[2.912s] INFO:colcon.colcon_core.shell:Creating package script '/home/faruk/ws_sensor_combined/install/px4_ros_com/share/px4_ros_com/package.bash'
[2.913s] INFO:colcon.colcon_core.shell:Creating package script '/home/faruk/ws_sensor_combined/install/px4_ros_com/share/px4_ros_com/package.zsh'
[2.913s] Level 1:colcon.colcon_core.environment:create_file_with_runtime_dependencies(/home/faruk/ws_sensor_combined/install/px4_ros_com/share/colcon-core/packages/px4_ros_com)
[2.914s] Level 1:colcon.colcon_core.environment:create_environment_scripts_only(px4_ros_com)
[2.914s] Level 1:colcon.colcon_core.environment:checking '/home/faruk/ws_sensor_combined/install/px4_ros_com' for CMake module files
[2.915s] Level 1:colcon.colcon_core.environment:checking '/home/faruk/ws_sensor_combined/install/px4_ros_com' for CMake config files
[2.915s] Level 1:colcon.colcon_core.shell:create_environment_hook('px4_ros_com', 'cmake_prefix_path')
[2.915s] INFO:colcon.colcon_core.shell:Creating environment hook '/home/faruk/ws_sensor_combined/install/px4_ros_com/share/px4_ros_com/hook/cmake_prefix_path.ps1'
[2.916s] INFO:colcon.colcon_core.shell:Creating environment descriptor '/home/faruk/ws_sensor_combined/install/px4_ros_com/share/px4_ros_com/hook/cmake_prefix_path.dsv'
[2.916s] INFO:colcon.colcon_core.shell:Creating environment hook '/home/faruk/ws_sensor_combined/install/px4_ros_com/share/px4_ros_com/hook/cmake_prefix_path.sh'
[2.916s] Level 1:colcon.colcon_core.environment:checking '/home/faruk/ws_sensor_combined/install/px4_ros_com/lib'
[2.917s] Level 1:colcon.colcon_core.shell:create_environment_hook('px4_ros_com', 'ld_library_path_lib')
[2.917s] INFO:colcon.colcon_core.shell:Creating environment hook '/home/faruk/ws_sensor_combined/install/px4_ros_com/share/px4_ros_com/hook/ld_library_path_lib.ps1'
[2.917s] INFO:colcon.colcon_core.shell:Creating environment descriptor '/home/faruk/ws_sensor_combined/install/px4_ros_com/share/px4_ros_com/hook/ld_library_path_lib.dsv'
[2.917s] INFO:colcon.colcon_core.shell:Creating environment hook '/home/faruk/ws_sensor_combined/install/px4_ros_com/share/px4_ros_com/hook/ld_library_path_lib.sh'
[2.918s] Level 1:colcon.colcon_core.environment:checking '/home/faruk/ws_sensor_combined/install/px4_ros_com/bin'
[2.918s] Level 1:colcon.colcon_core.environment:checking '/home/faruk/ws_sensor_combined/install/px4_ros_com/lib/pkgconfig/px4_ros_com.pc'
[2.918s] Level 1:colcon.colcon_core.environment:checking '/home/faruk/ws_sensor_combined/install/px4_ros_com/lib/python3.10/site-packages'
[2.918s] Level 1:colcon.colcon_core.environment:checking '/home/faruk/ws_sensor_combined/install/px4_ros_com/bin'
[2.919s] INFO:colcon.colcon_core.shell:Creating package script '/home/faruk/ws_sensor_combined/install/px4_ros_com/share/px4_ros_com/package.ps1'
[2.919s] INFO:colcon.colcon_core.shell:Creating package descriptor '/home/faruk/ws_sensor_combined/install/px4_ros_com/share/px4_ros_com/package.dsv'
[2.919s] INFO:colcon.colcon_core.shell:Creating package script '/home/faruk/ws_sensor_combined/install/px4_ros_com/share/px4_ros_com/package.sh'
[2.920s] INFO:colcon.colcon_core.shell:Creating package script '/home/faruk/ws_sensor_combined/install/px4_ros_com/share/px4_ros_com/package.bash'
[2.920s] INFO:colcon.colcon_core.shell:Creating package script '/home/faruk/ws_sensor_combined/install/px4_ros_com/share/px4_ros_com/package.zsh'
[2.921s] Level 1:colcon.colcon_core.environment:create_file_with_runtime_dependencies(/home/faruk/ws_sensor_combined/install/px4_ros_com/share/colcon-core/packages/px4_ros_com)
[2.957s] DEBUG:colcon.colcon_core.event_handler.log_command:Invoking command in '/home/faruk/ws_sensor_combined/src/px4_offboard': AMENT_PREFIX_PATH=/home/faruk/ws_sensor_combined/install/px4_msgs:${AMENT_PREFIX_PATH} CMAKE_PREFIX_PATH=/home/faruk/ws_sensor_combined/install/px4_msgs LD_LIBRARY_PATH=/home/faruk/ws_sensor_combined/install/px4_msgs/lib:${LD_LIBRARY_PATH} PYTHONPATH=/home/faruk/ws_sensor_combined/build/px4_offboard/prefix_override:/usr/lib/python3/dist-packages/colcon_core/task/python/colcon_distutils_commands:/home/faruk/ws_sensor_combined/install/px4_offboard/lib/python3.10/site-packages:/home/faruk/ws_sensor_combined/install/px4_msgs/local/lib/python3.10/dist-packages:${PYTHONPATH} /usr/bin/python3 -W ignore:setup.py install is deprecated -W ignore:easy_install command is deprecated setup.py egg_info --egg-base ../../build/px4_offboard build --build-base /home/faruk/ws_sensor_combined/build/px4_offboard/build install --record /home/faruk/ws_sensor_combined/build/px4_offboard/install.log --single-version-externally-managed install_data
[3.535s] Level 1:colcon.colcon_core.environment:checking '/home/faruk/ws_sensor_combined/install/px4_offboard' for CMake module files
[3.535s] DEBUG:colcon.colcon_core.event_handler.log_command:Invoked command in '/home/faruk/ws_sensor_combined/src/px4_offboard' returned '0': AMENT_PREFIX_PATH=/home/faruk/ws_sensor_combined/install/px4_msgs:${AMENT_PREFIX_PATH} CMAKE_PREFIX_PATH=/home/faruk/ws_sensor_combined/install/px4_msgs LD_LIBRARY_PATH=/home/faruk/ws_sensor_combined/install/px4_msgs/lib:${LD_LIBRARY_PATH} PYTHONPATH=/home/faruk/ws_sensor_combined/build/px4_offboard/prefix_override:/usr/lib/python3/dist-packages/colcon_core/task/python/colcon_distutils_commands:/home/faruk/ws_sensor_combined/install/px4_offboard/lib/python3.10/site-packages:/home/faruk/ws_sensor_combined/install/px4_msgs/local/lib/python3.10/dist-packages:${PYTHONPATH} /usr/bin/python3 -W ignore:setup.py install is deprecated -W ignore:easy_install command is deprecated setup.py egg_info --egg-base ../../build/px4_offboard build --build-base /home/faruk/ws_sensor_combined/build/px4_offboard/build install --record /home/faruk/ws_sensor_combined/build/px4_offboard/install.log --single-version-externally-managed install_data
[3.536s] Level 1:colcon.colcon_core.environment:checking '/home/faruk/ws_sensor_combined/install/px4_offboard' for CMake config files
[3.536s] Level 1:colcon.colcon_core.environment:checking '/home/faruk/ws_sensor_combined/install/px4_offboard/lib'
[3.536s] Level 1:colcon.colcon_core.environment:checking '/home/faruk/ws_sensor_combined/install/px4_offboard/bin'
[3.536s] Level 1:colcon.colcon_core.environment:checking '/home/faruk/ws_sensor_combined/install/px4_offboard/lib/pkgconfig/px4_offboard.pc'
[3.537s] Level 1:colcon.colcon_core.environment:checking '/home/faruk/ws_sensor_combined/install/px4_offboard/lib/python3.10/site-packages'
[3.537s] Level 1:colcon.colcon_core.shell:create_environment_hook('px4_offboard', 'pythonpath')
[3.537s] INFO:colcon.colcon_core.shell:Creating environment hook '/home/faruk/ws_sensor_combined/install/px4_offboard/share/px4_offboard/hook/pythonpath.ps1'
[3.537s] INFO:colcon.colcon_core.shell:Creating environment descriptor '/home/faruk/ws_sensor_combined/install/px4_offboard/share/px4_offboard/hook/pythonpath.dsv'
[3.538s] INFO:colcon.colcon_core.shell:Creating environment hook '/home/faruk/ws_sensor_combined/install/px4_offboard/share/px4_offboard/hook/pythonpath.sh'
[3.539s] Level 1:colcon.colcon_core.environment:checking '/home/faruk/ws_sensor_combined/install/px4_offboard/bin'
[3.539s] Level 1:colcon.colcon_core.environment:create_environment_scripts_only(px4_offboard)
[3.539s] INFO:colcon.colcon_core.shell:Creating package script '/home/faruk/ws_sensor_combined/install/px4_offboard/share/px4_offboard/package.ps1'
[3.540s] INFO:colcon.colcon_core.shell:Creating package descriptor '/home/faruk/ws_sensor_combined/install/px4_offboard/share/px4_offboard/package.dsv'
[3.540s] INFO:colcon.colcon_core.shell:Creating package script '/home/faruk/ws_sensor_combined/install/px4_offboard/share/px4_offboard/package.sh'
[3.541s] INFO:colcon.colcon_core.shell:Creating package script '/home/faruk/ws_sensor_combined/install/px4_offboard/share/px4_offboard/package.bash'
[3.541s] INFO:colcon.colcon_core.shell:Creating package script '/home/faruk/ws_sensor_combined/install/px4_offboard/share/px4_offboard/package.zsh'
[3.541s] Level 1:colcon.colcon_core.environment:create_file_with_runtime_dependencies(/home/faruk/ws_sensor_combined/install/px4_offboard/share/colcon-core/packages/px4_offboard)
[3.541s] DEBUG:colcon.colcon_parallel_executor.executor.parallel:closing loop
[3.542s] DEBUG:colcon.colcon_parallel_executor.executor.parallel:loop closed
[3.542s] DEBUG:colcon.colcon_parallel_executor.executor.parallel:run_until_complete finished with '0'
[3.542s] DEBUG:colcon.colcon_core.event_reactor:joining thread
[3.547s] INFO:colcon.colcon_core.plugin_system:Skipping extension 'colcon_notification.desktop_notification.terminal_notifier': Not used on non-Darwin systems
[3.547s] INFO:colcon.colcon_core.plugin_system:Skipping extension 'colcon_notification.desktop_notification.win32': Not used on non-Windows systems
[3.547s] INFO:colcon.colcon_notification.desktop_notification:Sending desktop notification using 'notify2'
[3.557s] DEBUG:colcon.colcon_core.event_reactor:joined thread
[3.558s] INFO:colcon.colcon_core.shell:Creating prefix script '/home/faruk/ws_sensor_combined/install/local_setup.ps1'
[3.559s] INFO:colcon.colcon_core.shell:Creating prefix util module '/home/faruk/ws_sensor_combined/install/_local_setup_util_ps1.py'
[3.560s] INFO:colcon.colcon_core.shell:Creating prefix chain script '/home/faruk/ws_sensor_combined/install/setup.ps1'
[3.562s] INFO:colcon.colcon_core.shell:Creating prefix script '/home/faruk/ws_sensor_combined/install/local_setup.sh'
[3.562s] INFO:colcon.colcon_core.shell:Creating prefix util module '/home/faruk/ws_sensor_combined/install/_local_setup_util_sh.py'
[3.563s] INFO:colcon.colcon_core.shell:Creating prefix chain script '/home/faruk/ws_sensor_combined/install/setup.sh'
[3.564s] INFO:colcon.colcon_core.shell:Creating prefix script '/home/faruk/ws_sensor_combined/install/local_setup.bash'
[3.564s] INFO:colcon.colcon_core.shell:Creating prefix chain script '/home/faruk/ws_sensor_combined/install/setup.bash'
[3.565s] INFO:colcon.colcon_core.shell:Creating prefix script '/home/faruk/ws_sensor_combined/install/local_setup.zsh'
[3.565s] INFO:colcon.colcon_core.shell:Creating prefix chain script '/home/faruk/ws_sensor_combined/install/setup.zsh'
