[1.551s] Invoking command in '/home/faruk/ws_sensor_combined/src/yolo_detector': PYTHONPATH=/home/faruk/ws_sensor_combined/build/yolo_detector/prefix_override:/usr/lib/python3/dist-packages/colcon_core/task/python/colcon_distutils_commands:/home/faruk/ws_sensor_combined/install/yolo_detector/lib/python3.10/site-packages:${PYTHONPATH} /usr/bin/python3 -W ignore:setup.py install is deprecated -W ignore:easy_install command is deprecated setup.py egg_info --egg-base ../../build/yolo_detector build --build-base /home/faruk/ws_sensor_combined/build/yolo_detector/build install --record /home/faruk/ws_sensor_combined/build/yolo_detector/install.log --single-version-externally-managed install_data
[2.167s] /home/faruk/.local/lib/python3.10/site-packages/setuptools/_distutils/dist.py:289: UserWarning: Unknown distribution option: 'tests_require'
[2.167s]   warnings.warn(msg)
[2.204s] running egg_info
[2.209s] writing ../../build/yolo_detector/yolo_detector.egg-info/PKG-INFO
[2.209s] writing dependency_links to ../../build/yolo_detector/yolo_detector.egg-info/dependency_links.txt
[2.210s] writing entry points to ../../build/yolo_detector/yolo_detector.egg-info/entry_points.txt
[2.210s] writing requirements to ../../build/yolo_detector/yolo_detector.egg-info/requires.txt
[2.210s] writing top-level names to ../../build/yolo_detector/yolo_detector.egg-info/top_level.txt
[2.221s] reading manifest file '../../build/yolo_detector/yolo_detector.egg-info/SOURCES.txt'
[2.222s] writing manifest file '../../build/yolo_detector/yolo_detector.egg-info/SOURCES.txt'
[2.223s] running build
[2.223s] running build_py
[2.223s] running install
[2.225s] running install_lib
[2.231s] running install_data
[2.232s] running install_egg_info
[2.257s] removing '/home/faruk/ws_sensor_combined/install/yolo_detector/lib/python3.10/site-packages/yolo_detector-0.0.0-py3.10.egg-info' (and everything under it)
[2.257s] Copying ../../build/yolo_detector/yolo_detector.egg-info to /home/faruk/ws_sensor_combined/install/yolo_detector/lib/python3.10/site-packages/yolo_detector-0.0.0-py3.10.egg-info
[2.259s] running install_scripts
[2.489s] Installing yolo_node script to /home/faruk/ws_sensor_combined/install/yolo_detector/lib/yolo_detector
[2.490s] writing list of installed files to '/home/faruk/ws_sensor_combined/build/yolo_detector/install.log'
[2.632s] Invoked command in '/home/faruk/ws_sensor_combined/src/yolo_detector' returned '0': PYTHONPATH=/home/faruk/ws_sensor_combined/build/yolo_detector/prefix_override:/usr/lib/python3/dist-packages/colcon_core/task/python/colcon_distutils_commands:/home/faruk/ws_sensor_combined/install/yolo_detector/lib/python3.10/site-packages:${PYTHONPATH} /usr/bin/python3 -W ignore:setup.py install is deprecated -W ignore:easy_install command is deprecated setup.py egg_info --egg-base ../../build/yolo_detector build --build-base /home/faruk/ws_sensor_combined/build/yolo_detector/build install --record /home/faruk/ws_sensor_combined/build/yolo_detector/install.log --single-version-externally-managed install_data
