[0.374s] DEBUG:colcon:Command line arguments: ['/usr/bin/colcon', 'build']
[0.374s] DEBUG:colcon:Parsed command line arguments: Namespace(log_base=None, log_level=None, verb_name='build', build_base='build', install_base='install', merge_install=False, symlink_install=False, test_result_base=None, continue_on_error=False, executor='parallel', parallel_workers=12, event_handlers=None, ignore_user_meta=False, metas=['./colcon.meta'], base_paths=['.'], packages_ignore=None, packages_ignore_regex=None, paths=None, packages_up_to=None, packages_up_to_regex=None, packages_above=None, packages_above_and_dependencies=None, packages_above_depth=None, packages_select_by_dep=None, packages_skip_by_dep=None, packages_skip_up_to=None, packages_select_build_failed=False, packages_skip_build_finished=False, packages_select_test_failures=False, packages_skip_test_passed=False, packages_select=None, packages_skip=None, packages_select_regex=None, packages_skip_regex=None, packages_start=None, packages_end=None, allow_overriding=[], cmake_args=None, cmake_target=None, cmake_target_skip_unavailable=False, cmake_clean_cache=False, cmake_clean_first=False, cmake_force_configure=False, ament_cmake_args=None, catkin_cmake_args=None, catkin_skip_building_tests=False, mixin_files=None, mixin=None, verb_parser=<colcon_mixin.mixin.mixin_argument.MixinArgumentDecorator object at 0x709a4f163d90>, verb_extension=<colcon_core.verb.build.BuildVerb object at 0x709a4f2a8d90>, main=<bound method BuildVerb.main of <colcon_core.verb.build.BuildVerb object at 0x709a4f2a8d90>>, mixin_verb=('build',))
[0.451s] Level 1:colcon.colcon_core.package_discovery:discover_packages(colcon_meta) check parameters
[0.451s] Level 1:colcon.colcon_core.package_discovery:discover_packages(recursive) check parameters
[0.451s] Level 1:colcon.colcon_core.package_discovery:discover_packages(ignore) check parameters
[0.451s] Level 1:colcon.colcon_core.package_discovery:discover_packages(path) check parameters
[0.451s] Level 1:colcon.colcon_core.package_discovery:discover_packages(colcon_meta) discover
[0.451s] Level 1:colcon.colcon_core.package_discovery:discover_packages(recursive) discover
[0.451s] INFO:colcon.colcon_core.package_discovery:Crawling recursively for packages in '/home/faruk/ws_sensor_combined'
[0.451s] Level 1:colcon.colcon_core.package_identification:_identify(.) by extensions ['ignore', 'ignore_ament_install']
[0.451s] Level 1:colcon.colcon_core.package_identification:_identify(.) by extension 'ignore'
[0.451s] Level 1:colcon.colcon_core.package_identification:_identify(.) by extension 'ignore_ament_install'
[0.452s] Level 1:colcon.colcon_core.package_identification:_identify(.) by extensions ['colcon_pkg']
[0.452s] Level 1:colcon.colcon_core.package_identification:_identify(.) by extension 'colcon_pkg'
[0.452s] Level 1:colcon.colcon_core.package_identification:_identify(.) by extensions ['colcon_meta']
[0.452s] Level 1:colcon.colcon_core.package_identification:_identify(.) by extension 'colcon_meta'
[0.452s] Level 1:colcon.colcon_core.package_identification:_identify(.) by extensions ['ros']
[0.452s] Level 1:colcon.colcon_core.package_identification:_identify(.) by extension 'ros'
[0.468s] Level 1:colcon.colcon_core.package_identification:_identify(.) by extensions ['cmake', 'python']
[0.468s] Level 1:colcon.colcon_core.package_identification:_identify(.) by extension 'cmake'
[0.468s] Level 1:colcon.colcon_core.package_identification:_identify(.) by extension 'python'
[0.468s] Level 1:colcon.colcon_core.package_identification:_identify(.) by extensions ['python_setup_py']
[0.469s] Level 1:colcon.colcon_core.package_identification:_identify(.) by extension 'python_setup_py'
[0.469s] Level 1:colcon.colcon_core.package_identification:_identify(build) by extensions ['ignore', 'ignore_ament_install']
[0.469s] Level 1:colcon.colcon_core.package_identification:_identify(build) by extension 'ignore'
[0.469s] Level 1:colcon.colcon_core.package_identification:_identify(build) ignored
[0.469s] Level 1:colcon.colcon_core.package_identification:_identify(install) by extensions ['ignore', 'ignore_ament_install']
[0.469s] Level 1:colcon.colcon_core.package_identification:_identify(install) by extension 'ignore'
[0.469s] Level 1:colcon.colcon_core.package_identification:_identify(install) ignored
[0.469s] Level 1:colcon.colcon_core.package_identification:_identify(log) by extensions ['ignore', 'ignore_ament_install']
[0.469s] Level 1:colcon.colcon_core.package_identification:_identify(log) by extension 'ignore'
[0.469s] Level 1:colcon.colcon_core.package_identification:_identify(log) ignored
[0.469s] Level 1:colcon.colcon_core.package_identification:_identify(src) by extensions ['ignore', 'ignore_ament_install']
[0.470s] Level 1:colcon.colcon_core.package_identification:_identify(src) by extension 'ignore'
[0.470s] Level 1:colcon.colcon_core.package_identification:_identify(src) by extension 'ignore_ament_install'
[0.470s] Level 1:colcon.colcon_core.package_identification:_identify(src) by extensions ['colcon_pkg']
[0.470s] Level 1:colcon.colcon_core.package_identification:_identify(src) by extension 'colcon_pkg'
[0.470s] Level 1:colcon.colcon_core.package_identification:_identify(src) by extensions ['colcon_meta']
[0.470s] Level 1:colcon.colcon_core.package_identification:_identify(src) by extension 'colcon_meta'
[0.470s] Level 1:colcon.colcon_core.package_identification:_identify(src) by extensions ['ros']
[0.470s] Level 1:colcon.colcon_core.package_identification:_identify(src) by extension 'ros'
[0.470s] Level 1:colcon.colcon_core.package_identification:_identify(src) by extensions ['cmake', 'python']
[0.470s] Level 1:colcon.colcon_core.package_identification:_identify(src) by extension 'cmake'
[0.470s] Level 1:colcon.colcon_core.package_identification:_identify(src) by extension 'python'
[0.470s] Level 1:colcon.colcon_core.package_identification:_identify(src) by extensions ['python_setup_py']
[0.470s] Level 1:colcon.colcon_core.package_identification:_identify(src) by extension 'python_setup_py'
[0.470s] Level 1:colcon.colcon_core.package_identification:_identify(src/px4_msgs) by extensions ['ignore', 'ignore_ament_install']
[0.470s] Level 1:colcon.colcon_core.package_identification:_identify(src/px4_msgs) by extension 'ignore'
[0.470s] Level 1:colcon.colcon_core.package_identification:_identify(src/px4_msgs) by extension 'ignore_ament_install'
[0.470s] Level 1:colcon.colcon_core.package_identification:_identify(src/px4_msgs) by extensions ['colcon_pkg']
[0.471s] Level 1:colcon.colcon_core.package_identification:_identify(src/px4_msgs) by extension 'colcon_pkg'
[0.471s] Level 1:colcon.colcon_core.package_identification:_identify(src/px4_msgs) by extensions ['colcon_meta']
[0.471s] Level 1:colcon.colcon_core.package_identification:_identify(src/px4_msgs) by extension 'colcon_meta'
[0.471s] Level 1:colcon.colcon_core.package_identification:_identify(src/px4_msgs) by extensions ['ros']
[0.471s] Level 1:colcon.colcon_core.package_identification:_identify(src/px4_msgs) by extension 'ros'
[0.474s] DEBUG:colcon.colcon_core.package_identification:Package 'src/px4_msgs' with type 'ros.ament_cmake' and name 'px4_msgs'
[0.475s] Level 1:colcon.colcon_core.package_identification:_identify(src/px4_offboard) by extensions ['ignore', 'ignore_ament_install']
[0.475s] Level 1:colcon.colcon_core.package_identification:_identify(src/px4_offboard) by extension 'ignore'
[0.475s] Level 1:colcon.colcon_core.package_identification:_identify(src/px4_offboard) by extension 'ignore_ament_install'
[0.475s] Level 1:colcon.colcon_core.package_identification:_identify(src/px4_offboard) by extensions ['colcon_pkg']
[0.475s] Level 1:colcon.colcon_core.package_identification:_identify(src/px4_offboard) by extension 'colcon_pkg'
[0.476s] Level 1:colcon.colcon_core.package_identification:_identify(src/px4_offboard) by extensions ['colcon_meta']
[0.476s] Level 1:colcon.colcon_core.package_identification:_identify(src/px4_offboard) by extension 'colcon_meta'
[0.476s] Level 1:colcon.colcon_core.package_identification:_identify(src/px4_offboard) by extensions ['ros']
[0.476s] Level 1:colcon.colcon_core.package_identification:_identify(src/px4_offboard) by extension 'ros'
[0.476s] DEBUG:colcon.colcon_core.package_identification:Package 'src/px4_offboard' with type 'ros.ament_python' and name 'px4_offboard'
[0.477s] Level 1:colcon.colcon_core.package_identification:_identify(src/px4_offboard_control) by extensions ['ignore', 'ignore_ament_install']
[0.477s] Level 1:colcon.colcon_core.package_identification:_identify(src/px4_offboard_control) by extension 'ignore'
[0.477s] Level 1:colcon.colcon_core.package_identification:_identify(src/px4_offboard_control) by extension 'ignore_ament_install'
[0.477s] Level 1:colcon.colcon_core.package_identification:_identify(src/px4_offboard_control) by extensions ['colcon_pkg']
[0.477s] Level 1:colcon.colcon_core.package_identification:_identify(src/px4_offboard_control) by extension 'colcon_pkg'
[0.477s] Level 1:colcon.colcon_core.package_identification:_identify(src/px4_offboard_control) by extensions ['colcon_meta']
[0.477s] Level 1:colcon.colcon_core.package_identification:_identify(src/px4_offboard_control) by extension 'colcon_meta'
[0.477s] Level 1:colcon.colcon_core.package_identification:_identify(src/px4_offboard_control) by extensions ['ros']
[0.477s] Level 1:colcon.colcon_core.package_identification:_identify(src/px4_offboard_control) by extension 'ros'
[0.478s] DEBUG:colcon.colcon_core.package_identification:Package 'src/px4_offboard_control' with type 'ros.ament_cmake' and name 'px4_offboard_control'
[0.478s] Level 1:colcon.colcon_core.package_identification:_identify(src/px4_ros_com) by extensions ['ignore', 'ignore_ament_install']
[0.479s] Level 1:colcon.colcon_core.package_identification:_identify(src/px4_ros_com) by extension 'ignore'
[0.479s] Level 1:colcon.colcon_core.package_identification:_identify(src/px4_ros_com) by extension 'ignore_ament_install'
[0.479s] Level 1:colcon.colcon_core.package_identification:_identify(src/px4_ros_com) by extensions ['colcon_pkg']
[0.479s] Level 1:colcon.colcon_core.package_identification:_identify(src/px4_ros_com) by extension 'colcon_pkg'
[0.479s] Level 1:colcon.colcon_core.package_identification:_identify(src/px4_ros_com) by extensions ['colcon_meta']
[0.479s] Level 1:colcon.colcon_core.package_identification:_identify(src/px4_ros_com) by extension 'colcon_meta'
[0.479s] Level 1:colcon.colcon_core.package_identification:_identify(src/px4_ros_com) by extensions ['ros']
[0.479s] Level 1:colcon.colcon_core.package_identification:_identify(src/px4_ros_com) by extension 'ros'
[0.480s] DEBUG:colcon.colcon_core.package_identification:Package 'src/px4_ros_com' with type 'ros.ament_cmake' and name 'px4_ros_com'
[0.481s] Level 1:colcon.colcon_core.package_identification:_identify(src/yolo_detector) by extensions ['ignore', 'ignore_ament_install']
[0.481s] Level 1:colcon.colcon_core.package_identification:_identify(src/yolo_detector) by extension 'ignore'
[0.481s] Level 1:colcon.colcon_core.package_identification:_identify(src/yolo_detector) by extension 'ignore_ament_install'
[0.481s] Level 1:colcon.colcon_core.package_identification:_identify(src/yolo_detector) by extensions ['colcon_pkg']
[0.481s] Level 1:colcon.colcon_core.package_identification:_identify(src/yolo_detector) by extension 'colcon_pkg'
[0.481s] Level 1:colcon.colcon_core.package_identification:_identify(src/yolo_detector) by extensions ['colcon_meta']
[0.481s] Level 1:colcon.colcon_core.package_identification:_identify(src/yolo_detector) by extension 'colcon_meta'
[0.481s] Level 1:colcon.colcon_core.package_identification:_identify(src/yolo_detector) by extensions ['ros']
[0.481s] Level 1:colcon.colcon_core.package_identification:_identify(src/yolo_detector) by extension 'ros'
[0.482s] DEBUG:colcon.colcon_core.package_identification:Package 'src/yolo_detector' with type 'ros.ament_python' and name 'yolo_detector'
[0.482s] Level 1:colcon.colcon_core.package_identification:_identify(src/yolo_listener) by extensions ['ignore', 'ignore_ament_install']
[0.482s] Level 1:colcon.colcon_core.package_identification:_identify(src/yolo_listener) by extension 'ignore'
[0.482s] Level 1:colcon.colcon_core.package_identification:_identify(src/yolo_listener) by extension 'ignore_ament_install'
[0.482s] Level 1:colcon.colcon_core.package_identification:_identify(src/yolo_listener) by extensions ['colcon_pkg']
[0.482s] Level 1:colcon.colcon_core.package_identification:_identify(src/yolo_listener) by extension 'colcon_pkg'
[0.482s] Level 1:colcon.colcon_core.package_identification:_identify(src/yolo_listener) by extensions ['colcon_meta']
[0.482s] Level 1:colcon.colcon_core.package_identification:_identify(src/yolo_listener) by extension 'colcon_meta'
[0.482s] Level 1:colcon.colcon_core.package_identification:_identify(src/yolo_listener) by extensions ['ros']
[0.482s] Level 1:colcon.colcon_core.package_identification:_identify(src/yolo_listener) by extension 'ros'
[0.483s] DEBUG:colcon.colcon_core.package_identification:Package 'src/yolo_listener' with type 'ros.ament_python' and name 'yolo_listener'
[0.483s] Level 1:colcon.colcon_core.package_discovery:discover_packages(recursive) using defaults
[0.483s] Level 1:colcon.colcon_core.package_discovery:discover_packages(ignore) discover
[0.483s] Level 1:colcon.colcon_core.package_discovery:discover_packages(ignore) using defaults
[0.483s] Level 1:colcon.colcon_core.package_discovery:discover_packages(path) discover
[0.483s] Level 1:colcon.colcon_core.package_discovery:discover_packages(path) using defaults
[0.513s] Level 1:colcon.colcon_core.package_discovery:discover_packages(prefix_path) check parameters
[0.513s] Level 1:colcon.colcon_core.package_discovery:discover_packages(prefix_path) discover
[0.517s] DEBUG:colcon.colcon_installed_package_information.package_discovery:Found 306 installed packages in /opt/ros/humble
[0.518s] Level 1:colcon.colcon_core.package_discovery:discover_packages(prefix_path) using defaults
[0.559s] Level 5:colcon.colcon_core.verb:set package 'px4_msgs' build argument 'cmake_args' from command line to 'None'
[0.559s] Level 5:colcon.colcon_core.verb:set package 'px4_msgs' build argument 'cmake_target' from command line to 'None'
[0.559s] Level 5:colcon.colcon_core.verb:set package 'px4_msgs' build argument 'cmake_target_skip_unavailable' from command line to 'False'
[0.559s] Level 5:colcon.colcon_core.verb:set package 'px4_msgs' build argument 'cmake_clean_cache' from command line to 'False'
[0.559s] Level 5:colcon.colcon_core.verb:set package 'px4_msgs' build argument 'cmake_clean_first' from command line to 'False'
[0.559s] Level 5:colcon.colcon_core.verb:set package 'px4_msgs' build argument 'cmake_force_configure' from command line to 'False'
[0.559s] Level 5:colcon.colcon_core.verb:set package 'px4_msgs' build argument 'ament_cmake_args' from command line to 'None'
[0.559s] Level 5:colcon.colcon_core.verb:set package 'px4_msgs' build argument 'catkin_cmake_args' from command line to 'None'
[0.560s] Level 5:colcon.colcon_core.verb:set package 'px4_msgs' build argument 'catkin_skip_building_tests' from command line to 'False'
[0.560s] DEBUG:colcon.colcon_core.verb:Building package 'px4_msgs' with the following arguments: {'ament_cmake_args': None, 'build_base': '/home/faruk/ws_sensor_combined/build/px4_msgs', 'catkin_cmake_args': None, 'catkin_skip_building_tests': False, 'cmake_args': None, 'cmake_clean_cache': False, 'cmake_clean_first': False, 'cmake_force_configure': False, 'cmake_target': None, 'cmake_target_skip_unavailable': False, 'install_base': '/home/faruk/ws_sensor_combined/install/px4_msgs', 'merge_install': False, 'path': '/home/faruk/ws_sensor_combined/src/px4_msgs', 'symlink_install': False, 'test_result_base': None}
[0.560s] Level 5:colcon.colcon_core.verb:set package 'yolo_detector' build argument 'cmake_args' from command line to 'None'
[0.560s] Level 5:colcon.colcon_core.verb:set package 'yolo_detector' build argument 'cmake_target' from command line to 'None'
[0.560s] Level 5:colcon.colcon_core.verb:set package 'yolo_detector' build argument 'cmake_target_skip_unavailable' from command line to 'False'
[0.560s] Level 5:colcon.colcon_core.verb:set package 'yolo_detector' build argument 'cmake_clean_cache' from command line to 'False'
[0.560s] Level 5:colcon.colcon_core.verb:set package 'yolo_detector' build argument 'cmake_clean_first' from command line to 'False'
[0.560s] Level 5:colcon.colcon_core.verb:set package 'yolo_detector' build argument 'cmake_force_configure' from command line to 'False'
[0.560s] Level 5:colcon.colcon_core.verb:set package 'yolo_detector' build argument 'ament_cmake_args' from command line to 'None'
[0.560s] Level 5:colcon.colcon_core.verb:set package 'yolo_detector' build argument 'catkin_cmake_args' from command line to 'None'
[0.560s] Level 5:colcon.colcon_core.verb:set package 'yolo_detector' build argument 'catkin_skip_building_tests' from command line to 'False'
[0.561s] DEBUG:colcon.colcon_core.verb:Building package 'yolo_detector' with the following arguments: {'ament_cmake_args': None, 'build_base': '/home/faruk/ws_sensor_combined/build/yolo_detector', 'catkin_cmake_args': None, 'catkin_skip_building_tests': False, 'cmake_args': None, 'cmake_clean_cache': False, 'cmake_clean_first': False, 'cmake_force_configure': False, 'cmake_target': None, 'cmake_target_skip_unavailable': False, 'install_base': '/home/faruk/ws_sensor_combined/install/yolo_detector', 'merge_install': False, 'path': '/home/faruk/ws_sensor_combined/src/yolo_detector', 'symlink_install': False, 'test_result_base': None}
[0.561s] Level 5:colcon.colcon_core.verb:set package 'yolo_listener' build argument 'cmake_args' from command line to 'None'
[0.561s] Level 5:colcon.colcon_core.verb:set package 'yolo_listener' build argument 'cmake_target' from command line to 'None'
[0.561s] Level 5:colcon.colcon_core.verb:set package 'yolo_listener' build argument 'cmake_target_skip_unavailable' from command line to 'False'
[0.561s] Level 5:colcon.colcon_core.verb:set package 'yolo_listener' build argument 'cmake_clean_cache' from command line to 'False'
[0.561s] Level 5:colcon.colcon_core.verb:set package 'yolo_listener' build argument 'cmake_clean_first' from command line to 'False'
[0.561s] Level 5:colcon.colcon_core.verb:set package 'yolo_listener' build argument 'cmake_force_configure' from command line to 'False'
[0.561s] Level 5:colcon.colcon_core.verb:set package 'yolo_listener' build argument 'ament_cmake_args' from command line to 'None'
[0.561s] Level 5:colcon.colcon_core.verb:set package 'yolo_listener' build argument 'catkin_cmake_args' from command line to 'None'
[0.561s] Level 5:colcon.colcon_core.verb:set package 'yolo_listener' build argument 'catkin_skip_building_tests' from command line to 'False'
[0.561s] DEBUG:colcon.colcon_core.verb:Building package 'yolo_listener' with the following arguments: {'ament_cmake_args': None, 'build_base': '/home/faruk/ws_sensor_combined/build/yolo_listener', 'catkin_cmake_args': None, 'catkin_skip_building_tests': False, 'cmake_args': None, 'cmake_clean_cache': False, 'cmake_clean_first': False, 'cmake_force_configure': False, 'cmake_target': None, 'cmake_target_skip_unavailable': False, 'install_base': '/home/faruk/ws_sensor_combined/install/yolo_listener', 'merge_install': False, 'path': '/home/faruk/ws_sensor_combined/src/yolo_listener', 'symlink_install': False, 'test_result_base': None}
[0.562s] Level 5:colcon.colcon_core.verb:set package 'px4_offboard' build argument 'cmake_args' from command line to 'None'
[0.562s] Level 5:colcon.colcon_core.verb:set package 'px4_offboard' build argument 'cmake_target' from command line to 'None'
[0.562s] Level 5:colcon.colcon_core.verb:set package 'px4_offboard' build argument 'cmake_target_skip_unavailable' from command line to 'False'
[0.562s] Level 5:colcon.colcon_core.verb:set package 'px4_offboard' build argument 'cmake_clean_cache' from command line to 'False'
[0.562s] Level 5:colcon.colcon_core.verb:set package 'px4_offboard' build argument 'cmake_clean_first' from command line to 'False'
[0.562s] Level 5:colcon.colcon_core.verb:set package 'px4_offboard' build argument 'cmake_force_configure' from command line to 'False'
[0.562s] Level 5:colcon.colcon_core.verb:set package 'px4_offboard' build argument 'ament_cmake_args' from command line to 'None'
[0.562s] Level 5:colcon.colcon_core.verb:set package 'px4_offboard' build argument 'catkin_cmake_args' from command line to 'None'
[0.562s] Level 5:colcon.colcon_core.verb:set package 'px4_offboard' build argument 'catkin_skip_building_tests' from command line to 'False'
[0.562s] DEBUG:colcon.colcon_core.verb:Building package 'px4_offboard' with the following arguments: {'ament_cmake_args': None, 'build_base': '/home/faruk/ws_sensor_combined/build/px4_offboard', 'catkin_cmake_args': None, 'catkin_skip_building_tests': False, 'cmake_args': None, 'cmake_clean_cache': False, 'cmake_clean_first': False, 'cmake_force_configure': False, 'cmake_target': None, 'cmake_target_skip_unavailable': False, 'install_base': '/home/faruk/ws_sensor_combined/install/px4_offboard', 'merge_install': False, 'path': '/home/faruk/ws_sensor_combined/src/px4_offboard', 'symlink_install': False, 'test_result_base': None}
[0.562s] Level 5:colcon.colcon_core.verb:set package 'px4_offboard_control' build argument 'cmake_args' from command line to 'None'
[0.562s] Level 5:colcon.colcon_core.verb:set package 'px4_offboard_control' build argument 'cmake_target' from command line to 'None'
[0.562s] Level 5:colcon.colcon_core.verb:set package 'px4_offboard_control' build argument 'cmake_target_skip_unavailable' from command line to 'False'
[0.562s] Level 5:colcon.colcon_core.verb:set package 'px4_offboard_control' build argument 'cmake_clean_cache' from command line to 'False'
[0.562s] Level 5:colcon.colcon_core.verb:set package 'px4_offboard_control' build argument 'cmake_clean_first' from command line to 'False'
[0.562s] Level 5:colcon.colcon_core.verb:set package 'px4_offboard_control' build argument 'cmake_force_configure' from command line to 'False'
[0.562s] Level 5:colcon.colcon_core.verb:set package 'px4_offboard_control' build argument 'ament_cmake_args' from command line to 'None'
[0.562s] Level 5:colcon.colcon_core.verb:set package 'px4_offboard_control' build argument 'catkin_cmake_args' from command line to 'None'
[0.562s] Level 5:colcon.colcon_core.verb:set package 'px4_offboard_control' build argument 'catkin_skip_building_tests' from command line to 'False'
[0.562s] DEBUG:colcon.colcon_core.verb:Building package 'px4_offboard_control' with the following arguments: {'ament_cmake_args': None, 'build_base': '/home/faruk/ws_sensor_combined/build/px4_offboard_control', 'catkin_cmake_args': None, 'catkin_skip_building_tests': False, 'cmake_args': None, 'cmake_clean_cache': False, 'cmake_clean_first': False, 'cmake_force_configure': False, 'cmake_target': None, 'cmake_target_skip_unavailable': False, 'install_base': '/home/faruk/ws_sensor_combined/install/px4_offboard_control', 'merge_install': False, 'path': '/home/faruk/ws_sensor_combined/src/px4_offboard_control', 'symlink_install': False, 'test_result_base': None}
[0.563s] Level 5:colcon.colcon_core.verb:set package 'px4_ros_com' build argument 'cmake_args' from command line to 'None'
[0.563s] Level 5:colcon.colcon_core.verb:set package 'px4_ros_com' build argument 'cmake_target' from command line to 'None'
[0.563s] Level 5:colcon.colcon_core.verb:set package 'px4_ros_com' build argument 'cmake_target_skip_unavailable' from command line to 'False'
[0.563s] Level 5:colcon.colcon_core.verb:set package 'px4_ros_com' build argument 'cmake_clean_cache' from command line to 'False'
[0.563s] Level 5:colcon.colcon_core.verb:set package 'px4_ros_com' build argument 'cmake_clean_first' from command line to 'False'
[0.563s] Level 5:colcon.colcon_core.verb:set package 'px4_ros_com' build argument 'cmake_force_configure' from command line to 'False'
[0.563s] Level 5:colcon.colcon_core.verb:set package 'px4_ros_com' build argument 'ament_cmake_args' from command line to 'None'
[0.563s] Level 5:colcon.colcon_core.verb:set package 'px4_ros_com' build argument 'catkin_cmake_args' from command line to 'None'
[0.563s] Level 5:colcon.colcon_core.verb:set package 'px4_ros_com' build argument 'catkin_skip_building_tests' from command line to 'False'
[0.563s] DEBUG:colcon.colcon_core.verb:Building package 'px4_ros_com' with the following arguments: {'ament_cmake_args': None, 'build_base': '/home/faruk/ws_sensor_combined/build/px4_ros_com', 'catkin_cmake_args': None, 'catkin_skip_building_tests': False, 'cmake_args': None, 'cmake_clean_cache': False, 'cmake_clean_first': False, 'cmake_force_configure': False, 'cmake_target': None, 'cmake_target_skip_unavailable': False, 'install_base': '/home/faruk/ws_sensor_combined/install/px4_ros_com', 'merge_install': False, 'path': '/home/faruk/ws_sensor_combined/src/px4_ros_com', 'symlink_install': False, 'test_result_base': None}
[0.563s] INFO:colcon.colcon_core.executor:Executing jobs using 'parallel' executor
[0.564s] DEBUG:colcon.colcon_parallel_executor.executor.parallel:run_until_complete
[0.564s] INFO:colcon.colcon_ros.task.ament_cmake.build:Building ROS package in '/home/faruk/ws_sensor_combined/src/px4_msgs' with build type 'ament_cmake'
[0.565s] INFO:colcon.colcon_cmake.task.cmake.build:Building CMake package in '/home/faruk/ws_sensor_combined/src/px4_msgs'
[0.569s] INFO:colcon.colcon_core.plugin_system:Skipping extension 'colcon_core.shell.bat': Not used on non-Windows systems
[0.569s] INFO:colcon.colcon_core.shell:Skip shell extension 'powershell' for command environment: Not usable outside of PowerShell
[0.570s] DEBUG:colcon.colcon_core.shell:Skip shell extension 'dsv' for command environment
[0.573s] INFO:colcon.colcon_ros.task.ament_python.build:Building ROS package in '/home/faruk/ws_sensor_combined/src/yolo_detector' with build type 'ament_python'
[0.573s] Level 1:colcon.colcon_core.shell:create_environment_hook('yolo_detector', 'ament_prefix_path')
[0.573s] INFO:colcon.colcon_core.shell:Creating environment hook '/home/faruk/ws_sensor_combined/install/yolo_detector/share/yolo_detector/hook/ament_prefix_path.ps1'
[0.575s] INFO:colcon.colcon_core.shell:Creating environment descriptor '/home/faruk/ws_sensor_combined/install/yolo_detector/share/yolo_detector/hook/ament_prefix_path.dsv'
[0.576s] INFO:colcon.colcon_core.shell:Creating environment hook '/home/faruk/ws_sensor_combined/install/yolo_detector/share/yolo_detector/hook/ament_prefix_path.sh'
[0.577s] INFO:colcon.colcon_core.shell:Skip shell extension 'powershell' for command environment: Not usable outside of PowerShell
[0.577s] DEBUG:colcon.colcon_core.shell:Skip shell extension 'dsv' for command environment
[0.580s] INFO:colcon.colcon_ros.task.ament_python.build:Building ROS package in '/home/faruk/ws_sensor_combined/src/yolo_listener' with build type 'ament_python'
[0.580s] Level 1:colcon.colcon_core.shell:create_environment_hook('yolo_listener', 'ament_prefix_path')
[0.580s] INFO:colcon.colcon_core.shell:Creating environment hook '/home/faruk/ws_sensor_combined/install/yolo_listener/share/yolo_listener/hook/ament_prefix_path.ps1'
[0.581s] INFO:colcon.colcon_core.shell:Creating environment descriptor '/home/faruk/ws_sensor_combined/install/yolo_listener/share/yolo_listener/hook/ament_prefix_path.dsv'
[0.581s] INFO:colcon.colcon_core.shell:Creating environment hook '/home/faruk/ws_sensor_combined/install/yolo_listener/share/yolo_listener/hook/ament_prefix_path.sh'
[0.582s] INFO:colcon.colcon_core.shell:Skip shell extension 'powershell' for command environment: Not usable outside of PowerShell
[0.582s] DEBUG:colcon.colcon_core.shell:Skip shell extension 'dsv' for command environment
[0.589s] DEBUG:colcon.colcon_core.event_handler.log_command:Invoking command in '/home/faruk/ws_sensor_combined/build/px4_msgs': CMAKE_PREFIX_PATH=/opt/ros/humble /usr/bin/cmake --build /home/faruk/ws_sensor_combined/build/px4_msgs -- -j12 -l12
[0.805s] INFO:colcon.colcon_core.task.python.build:Building Python package in '/home/faruk/ws_sensor_combined/src/yolo_detector'
[0.805s] INFO:colcon.colcon_core.shell:Skip shell extension 'powershell' for command environment: Not usable outside of PowerShell
[0.805s] DEBUG:colcon.colcon_core.shell:Skip shell extension 'dsv' for command environment
[1.024s] INFO:colcon.colcon_core.task.python.build:Building Python package in '/home/faruk/ws_sensor_combined/src/yolo_listener'
[1.025s] INFO:colcon.colcon_core.shell:Skip shell extension 'powershell' for command environment: Not usable outside of PowerShell
[1.025s] DEBUG:colcon.colcon_core.shell:Skip shell extension 'dsv' for command environment
[1.723s] DEBUG:colcon.colcon_core.event_handler.log_command:Invoking command in '/home/faruk/ws_sensor_combined/src/yolo_listener': PYTHONPATH=/home/faruk/ws_sensor_combined/build/yolo_listener/prefix_override:/usr/lib/python3/dist-packages/colcon_core/task/python/colcon_distutils_commands:/home/faruk/ws_sensor_combined/install/yolo_listener/lib/python3.10/site-packages:${PYTHONPATH} /usr/bin/python3 -W ignore:setup.py install is deprecated -W ignore:easy_install command is deprecated setup.py egg_info --egg-base ../../build/yolo_listener build --build-base /home/faruk/ws_sensor_combined/build/yolo_listener/build install --record /home/faruk/ws_sensor_combined/build/yolo_listener/install.log --single-version-externally-managed install_data
[1.726s] DEBUG:colcon.colcon_core.event_handler.log_command:Invoking command in '/home/faruk/ws_sensor_combined/src/yolo_detector': PYTHONPATH=/home/faruk/ws_sensor_combined/build/yolo_detector/prefix_override:/usr/lib/python3/dist-packages/colcon_core/task/python/colcon_distutils_commands:/home/faruk/ws_sensor_combined/install/yolo_detector/lib/python3.10/site-packages:${PYTHONPATH} /usr/bin/python3 -W ignore:setup.py install is deprecated -W ignore:easy_install command is deprecated setup.py egg_info --egg-base ../../build/yolo_detector build --build-base /home/faruk/ws_sensor_combined/build/yolo_detector/build install --record /home/faruk/ws_sensor_combined/build/yolo_detector/install.log --single-version-externally-managed install_data
[1.960s] DEBUG:colcon.colcon_core.event_handler.log_command:Invoked command in '/home/faruk/ws_sensor_combined/build/px4_msgs' returned '0': CMAKE_PREFIX_PATH=/opt/ros/humble /usr/bin/cmake --build /home/faruk/ws_sensor_combined/build/px4_msgs -- -j12 -l12
[1.970s] DEBUG:colcon.colcon_core.event_handler.log_command:Invoking command in '/home/faruk/ws_sensor_combined/build/px4_msgs': CMAKE_PREFIX_PATH=/opt/ros/humble /usr/bin/cmake --install /home/faruk/ws_sensor_combined/build/px4_msgs
[2.430s] DEBUG:colcon.colcon_core.event_handler.log_command:Invoked command in '/home/faruk/ws_sensor_combined/src/yolo_listener' returned '0': PYTHONPATH=/home/faruk/ws_sensor_combined/build/yolo_listener/prefix_override:/usr/lib/python3/dist-packages/colcon_core/task/python/colcon_distutils_commands:/home/faruk/ws_sensor_combined/install/yolo_listener/lib/python3.10/site-packages:${PYTHONPATH} /usr/bin/python3 -W ignore:setup.py install is deprecated -W ignore:easy_install command is deprecated setup.py egg_info --egg-base ../../build/yolo_listener build --build-base /home/faruk/ws_sensor_combined/build/yolo_listener/build install --record /home/faruk/ws_sensor_combined/build/yolo_listener/install.log --single-version-externally-managed install_data
[2.441s] Level 1:colcon.colcon_core.environment:checking '/home/faruk/ws_sensor_combined/install/yolo_listener' for CMake module files
[2.442s] Level 1:colcon.colcon_core.environment:checking '/home/faruk/ws_sensor_combined/install/yolo_listener' for CMake config files
[2.443s] Level 1:colcon.colcon_core.environment:checking '/home/faruk/ws_sensor_combined/install/yolo_listener/lib'
[2.443s] Level 1:colcon.colcon_core.environment:checking '/home/faruk/ws_sensor_combined/install/yolo_listener/bin'
[2.443s] Level 1:colcon.colcon_core.environment:checking '/home/faruk/ws_sensor_combined/install/yolo_listener/lib/pkgconfig/yolo_listener.pc'
[2.443s] Level 1:colcon.colcon_core.environment:checking '/home/faruk/ws_sensor_combined/install/yolo_listener/lib/python3.10/site-packages'
[2.443s] Level 1:colcon.colcon_core.shell:create_environment_hook('yolo_listener', 'pythonpath')
[2.444s] INFO:colcon.colcon_core.shell:Creating environment hook '/home/faruk/ws_sensor_combined/install/yolo_listener/share/yolo_listener/hook/pythonpath.ps1'
[2.445s] INFO:colcon.colcon_core.shell:Creating environment descriptor '/home/faruk/ws_sensor_combined/install/yolo_listener/share/yolo_listener/hook/pythonpath.dsv'
[2.445s] INFO:colcon.colcon_core.shell:Creating environment hook '/home/faruk/ws_sensor_combined/install/yolo_listener/share/yolo_listener/hook/pythonpath.sh'
[2.446s] Level 1:colcon.colcon_core.environment:checking '/home/faruk/ws_sensor_combined/install/yolo_listener/bin'
[2.446s] Level 1:colcon.colcon_core.environment:create_environment_scripts_only(yolo_listener)
[2.446s] INFO:colcon.colcon_core.shell:Creating package script '/home/faruk/ws_sensor_combined/install/yolo_listener/share/yolo_listener/package.ps1'
[2.447s] INFO:colcon.colcon_core.shell:Creating package descriptor '/home/faruk/ws_sensor_combined/install/yolo_listener/share/yolo_listener/package.dsv'
[2.448s] INFO:colcon.colcon_core.shell:Creating package script '/home/faruk/ws_sensor_combined/install/yolo_listener/share/yolo_listener/package.sh'
[2.449s] INFO:colcon.colcon_core.shell:Creating package script '/home/faruk/ws_sensor_combined/install/yolo_listener/share/yolo_listener/package.bash'
[2.451s] INFO:colcon.colcon_core.shell:Creating package script '/home/faruk/ws_sensor_combined/install/yolo_listener/share/yolo_listener/package.zsh'
[2.452s] Level 1:colcon.colcon_core.environment:create_file_with_runtime_dependencies(/home/faruk/ws_sensor_combined/install/yolo_listener/share/colcon-core/packages/yolo_listener)
[2.452s] Level 1:colcon.colcon_core.environment:checking '/home/faruk/ws_sensor_combined/install/yolo_detector' for CMake module files
[2.453s] DEBUG:colcon.colcon_core.event_handler.log_command:Invoked command in '/home/faruk/ws_sensor_combined/src/yolo_detector' returned '0': PYTHONPATH=/home/faruk/ws_sensor_combined/build/yolo_detector/prefix_override:/usr/lib/python3/dist-packages/colcon_core/task/python/colcon_distutils_commands:/home/faruk/ws_sensor_combined/install/yolo_detector/lib/python3.10/site-packages:${PYTHONPATH} /usr/bin/python3 -W ignore:setup.py install is deprecated -W ignore:easy_install command is deprecated setup.py egg_info --egg-base ../../build/yolo_detector build --build-base /home/faruk/ws_sensor_combined/build/yolo_detector/build install --record /home/faruk/ws_sensor_combined/build/yolo_detector/install.log --single-version-externally-managed install_data
[2.454s] Level 1:colcon.colcon_core.environment:checking '/home/faruk/ws_sensor_combined/install/yolo_detector' for CMake config files
[2.455s] Level 1:colcon.colcon_core.environment:checking '/home/faruk/ws_sensor_combined/install/yolo_detector/lib'
[2.455s] Level 1:colcon.colcon_core.environment:checking '/home/faruk/ws_sensor_combined/install/yolo_detector/bin'
[2.455s] Level 1:colcon.colcon_core.environment:checking '/home/faruk/ws_sensor_combined/install/yolo_detector/lib/pkgconfig/yolo_detector.pc'
[2.455s] Level 1:colcon.colcon_core.environment:checking '/home/faruk/ws_sensor_combined/install/yolo_detector/lib/python3.10/site-packages'
[2.455s] Level 1:colcon.colcon_core.shell:create_environment_hook('yolo_detector', 'pythonpath')
[2.455s] INFO:colcon.colcon_core.shell:Creating environment hook '/home/faruk/ws_sensor_combined/install/yolo_detector/share/yolo_detector/hook/pythonpath.ps1'
[2.456s] INFO:colcon.colcon_core.shell:Creating environment descriptor '/home/faruk/ws_sensor_combined/install/yolo_detector/share/yolo_detector/hook/pythonpath.dsv'
[2.457s] INFO:colcon.colcon_core.shell:Creating environment hook '/home/faruk/ws_sensor_combined/install/yolo_detector/share/yolo_detector/hook/pythonpath.sh'
[2.458s] Level 1:colcon.colcon_core.environment:checking '/home/faruk/ws_sensor_combined/install/yolo_detector/bin'
[2.458s] Level 1:colcon.colcon_core.environment:create_environment_scripts_only(yolo_detector)
[2.458s] INFO:colcon.colcon_core.shell:Creating package script '/home/faruk/ws_sensor_combined/install/yolo_detector/share/yolo_detector/package.ps1'
[2.458s] INFO:colcon.colcon_core.shell:Creating package descriptor '/home/faruk/ws_sensor_combined/install/yolo_detector/share/yolo_detector/package.dsv'
[2.459s] INFO:colcon.colcon_core.shell:Creating package script '/home/faruk/ws_sensor_combined/install/yolo_detector/share/yolo_detector/package.sh'
[2.460s] INFO:colcon.colcon_core.shell:Creating package script '/home/faruk/ws_sensor_combined/install/yolo_detector/share/yolo_detector/package.bash'
[2.460s] INFO:colcon.colcon_core.shell:Creating package script '/home/faruk/ws_sensor_combined/install/yolo_detector/share/yolo_detector/package.zsh'
[2.461s] Level 1:colcon.colcon_core.environment:create_file_with_runtime_dependencies(/home/faruk/ws_sensor_combined/install/yolo_detector/share/colcon-core/packages/yolo_detector)
[2.543s] Level 1:colcon.colcon_core.environment:create_environment_scripts_only(px4_msgs)
[2.543s] Level 1:colcon.colcon_core.environment:checking '/home/faruk/ws_sensor_combined/install/px4_msgs' for CMake module files
[2.544s] DEBUG:colcon.colcon_core.event_handler.log_command:Invoked command in '/home/faruk/ws_sensor_combined/build/px4_msgs' returned '0': CMAKE_PREFIX_PATH=/opt/ros/humble /usr/bin/cmake --install /home/faruk/ws_sensor_combined/build/px4_msgs
[2.544s] Level 1:colcon.colcon_core.environment:checking '/home/faruk/ws_sensor_combined/install/px4_msgs' for CMake config files
[2.558s] Level 1:colcon.colcon_core.shell:create_environment_hook('px4_msgs', 'cmake_prefix_path')
[2.559s] INFO:colcon.colcon_core.shell:Creating environment hook '/home/faruk/ws_sensor_combined/install/px4_msgs/share/px4_msgs/hook/cmake_prefix_path.ps1'
[2.561s] INFO:colcon.colcon_core.shell:Creating environment descriptor '/home/faruk/ws_sensor_combined/install/px4_msgs/share/px4_msgs/hook/cmake_prefix_path.dsv'
[2.562s] INFO:colcon.colcon_core.shell:Creating environment hook '/home/faruk/ws_sensor_combined/install/px4_msgs/share/px4_msgs/hook/cmake_prefix_path.sh'
[2.564s] Level 1:colcon.colcon_core.environment:checking '/home/faruk/ws_sensor_combined/install/px4_msgs/lib'
[2.565s] Level 1:colcon.colcon_core.shell:create_environment_hook('px4_msgs', 'ld_library_path_lib')
[2.566s] INFO:colcon.colcon_core.shell:Creating environment hook '/home/faruk/ws_sensor_combined/install/px4_msgs/share/px4_msgs/hook/ld_library_path_lib.ps1'
[2.567s] INFO:colcon.colcon_core.shell:Creating environment descriptor '/home/faruk/ws_sensor_combined/install/px4_msgs/share/px4_msgs/hook/ld_library_path_lib.dsv'
[2.569s] INFO:colcon.colcon_core.shell:Creating environment hook '/home/faruk/ws_sensor_combined/install/px4_msgs/share/px4_msgs/hook/ld_library_path_lib.sh'
[2.571s] Level 1:colcon.colcon_core.environment:checking '/home/faruk/ws_sensor_combined/install/px4_msgs/bin'
[2.571s] Level 1:colcon.colcon_core.environment:checking '/home/faruk/ws_sensor_combined/install/px4_msgs/lib/pkgconfig/px4_msgs.pc'
[2.572s] Level 1:colcon.colcon_core.environment:checking '/home/faruk/ws_sensor_combined/install/px4_msgs/lib/python3.10/site-packages'
[2.573s] Level 1:colcon.colcon_core.environment:checking '/home/faruk/ws_sensor_combined/install/px4_msgs/bin'
[2.575s] INFO:colcon.colcon_core.shell:Creating package script '/home/faruk/ws_sensor_combined/install/px4_msgs/share/px4_msgs/package.ps1'
[2.577s] INFO:colcon.colcon_core.shell:Creating package descriptor '/home/faruk/ws_sensor_combined/install/px4_msgs/share/px4_msgs/package.dsv'
[2.578s] INFO:colcon.colcon_core.shell:Creating package script '/home/faruk/ws_sensor_combined/install/px4_msgs/share/px4_msgs/package.sh'
[2.580s] INFO:colcon.colcon_core.shell:Creating package script '/home/faruk/ws_sensor_combined/install/px4_msgs/share/px4_msgs/package.bash'
[2.581s] INFO:colcon.colcon_core.shell:Creating package script '/home/faruk/ws_sensor_combined/install/px4_msgs/share/px4_msgs/package.zsh'
[2.582s] Level 1:colcon.colcon_core.environment:create_file_with_runtime_dependencies(/home/faruk/ws_sensor_combined/install/px4_msgs/share/colcon-core/packages/px4_msgs)
[2.585s] Level 1:colcon.colcon_core.environment:create_environment_scripts_only(px4_msgs)
[2.585s] Level 1:colcon.colcon_core.environment:checking '/home/faruk/ws_sensor_combined/install/px4_msgs' for CMake module files
[2.587s] Level 1:colcon.colcon_core.environment:checking '/home/faruk/ws_sensor_combined/install/px4_msgs' for CMake config files
[2.595s] Level 1:colcon.colcon_core.shell:create_environment_hook('px4_msgs', 'cmake_prefix_path')
[2.595s] INFO:colcon.colcon_core.shell:Creating environment hook '/home/faruk/ws_sensor_combined/install/px4_msgs/share/px4_msgs/hook/cmake_prefix_path.ps1'
[2.596s] INFO:colcon.colcon_core.shell:Creating environment descriptor '/home/faruk/ws_sensor_combined/install/px4_msgs/share/px4_msgs/hook/cmake_prefix_path.dsv'
[2.596s] INFO:colcon.colcon_core.shell:Creating environment hook '/home/faruk/ws_sensor_combined/install/px4_msgs/share/px4_msgs/hook/cmake_prefix_path.sh'
[2.597s] Level 1:colcon.colcon_core.environment:checking '/home/faruk/ws_sensor_combined/install/px4_msgs/lib'
[2.597s] Level 1:colcon.colcon_core.shell:create_environment_hook('px4_msgs', 'ld_library_path_lib')
[2.598s] INFO:colcon.colcon_core.shell:Creating environment hook '/home/faruk/ws_sensor_combined/install/px4_msgs/share/px4_msgs/hook/ld_library_path_lib.ps1'
[2.598s] INFO:colcon.colcon_core.shell:Creating environment descriptor '/home/faruk/ws_sensor_combined/install/px4_msgs/share/px4_msgs/hook/ld_library_path_lib.dsv'
[2.599s] INFO:colcon.colcon_core.shell:Creating environment hook '/home/faruk/ws_sensor_combined/install/px4_msgs/share/px4_msgs/hook/ld_library_path_lib.sh'
[2.599s] Level 1:colcon.colcon_core.environment:checking '/home/faruk/ws_sensor_combined/install/px4_msgs/bin'
[2.599s] Level 1:colcon.colcon_core.environment:checking '/home/faruk/ws_sensor_combined/install/px4_msgs/lib/pkgconfig/px4_msgs.pc'
[2.600s] Level 1:colcon.colcon_core.environment:checking '/home/faruk/ws_sensor_combined/install/px4_msgs/lib/python3.10/site-packages'
[2.600s] Level 1:colcon.colcon_core.environment:checking '/home/faruk/ws_sensor_combined/install/px4_msgs/bin'
[2.600s] INFO:colcon.colcon_core.shell:Creating package script '/home/faruk/ws_sensor_combined/install/px4_msgs/share/px4_msgs/package.ps1'
[2.601s] INFO:colcon.colcon_core.shell:Creating package descriptor '/home/faruk/ws_sensor_combined/install/px4_msgs/share/px4_msgs/package.dsv'
[2.602s] INFO:colcon.colcon_core.shell:Creating package script '/home/faruk/ws_sensor_combined/install/px4_msgs/share/px4_msgs/package.sh'
[2.602s] INFO:colcon.colcon_core.shell:Creating package script '/home/faruk/ws_sensor_combined/install/px4_msgs/share/px4_msgs/package.bash'
[2.603s] INFO:colcon.colcon_core.shell:Creating package script '/home/faruk/ws_sensor_combined/install/px4_msgs/share/px4_msgs/package.zsh'
[2.603s] Level 1:colcon.colcon_core.environment:create_file_with_runtime_dependencies(/home/faruk/ws_sensor_combined/install/px4_msgs/share/colcon-core/packages/px4_msgs)
[2.603s] INFO:colcon.colcon_ros.task.ament_python.build:Building ROS package in '/home/faruk/ws_sensor_combined/src/px4_offboard' with build type 'ament_python'
[2.604s] Level 1:colcon.colcon_core.shell:create_environment_hook('px4_offboard', 'ament_prefix_path')
[2.604s] INFO:colcon.colcon_core.shell:Creating environment hook '/home/faruk/ws_sensor_combined/install/px4_offboard/share/px4_offboard/hook/ament_prefix_path.ps1'
[2.623s] INFO:colcon.colcon_core.shell:Creating environment descriptor '/home/faruk/ws_sensor_combined/install/px4_offboard/share/px4_offboard/hook/ament_prefix_path.dsv'
[2.623s] INFO:colcon.colcon_core.shell:Creating environment hook '/home/faruk/ws_sensor_combined/install/px4_offboard/share/px4_offboard/hook/ament_prefix_path.sh'
[2.624s] INFO:colcon.colcon_core.shell:Skip shell extension 'powershell' for command environment: Not usable outside of PowerShell
[2.624s] DEBUG:colcon.colcon_core.shell:Skip shell extension 'dsv' for command environment
[2.626s] INFO:colcon.colcon_ros.task.ament_cmake.build:Building ROS package in '/home/faruk/ws_sensor_combined/src/px4_offboard_control' with build type 'ament_cmake'
[2.626s] INFO:colcon.colcon_cmake.task.cmake.build:Building CMake package in '/home/faruk/ws_sensor_combined/src/px4_offboard_control'
[2.627s] INFO:colcon.colcon_core.shell:Skip shell extension 'powershell' for command environment: Not usable outside of PowerShell
[2.627s] DEBUG:colcon.colcon_core.shell:Skip shell extension 'dsv' for command environment
[2.629s] INFO:colcon.colcon_ros.task.ament_cmake.build:Building ROS package in '/home/faruk/ws_sensor_combined/src/px4_ros_com' with build type 'ament_cmake'
[2.630s] INFO:colcon.colcon_cmake.task.cmake.build:Building CMake package in '/home/faruk/ws_sensor_combined/src/px4_ros_com'
[2.630s] INFO:colcon.colcon_core.shell:Skip shell extension 'powershell' for command environment: Not usable outside of PowerShell
[2.630s] DEBUG:colcon.colcon_core.shell:Skip shell extension 'dsv' for command environment
[2.847s] INFO:colcon.colcon_core.task.python.build:Building Python package in '/home/faruk/ws_sensor_combined/src/px4_offboard'
[2.847s] INFO:colcon.colcon_core.shell:Skip shell extension 'powershell' for command environment: Not usable outside of PowerShell
[2.847s] DEBUG:colcon.colcon_core.shell:Skip shell extension 'dsv' for command environment
[2.853s] DEBUG:colcon.colcon_core.event_handler.log_command:Invoking command in '/home/faruk/ws_sensor_combined/build/px4_offboard_control': AMENT_PREFIX_PATH=/home/faruk/ws_sensor_combined/install/px4_msgs:${AMENT_PREFIX_PATH} CMAKE_PREFIX_PATH=/home/faruk/ws_sensor_combined/install/px4_msgs:/opt/ros/humble LD_LIBRARY_PATH=/home/faruk/ws_sensor_combined/install/px4_msgs/lib:${LD_LIBRARY_PATH} PYTHONPATH=/home/faruk/ws_sensor_combined/install/px4_msgs/local/lib/python3.10/dist-packages:${PYTHONPATH} /usr/bin/cmake --build /home/faruk/ws_sensor_combined/build/px4_offboard_control -- -j12 -l12
[2.857s] DEBUG:colcon.colcon_core.event_handler.log_command:Invoking command in '/home/faruk/ws_sensor_combined/build/px4_ros_com': AMENT_PREFIX_PATH=/home/faruk/ws_sensor_combined/install/px4_msgs:${AMENT_PREFIX_PATH} CMAKE_PREFIX_PATH=/home/faruk/ws_sensor_combined/install/px4_msgs:/opt/ros/humble LD_LIBRARY_PATH=/home/faruk/ws_sensor_combined/install/px4_msgs/lib:${LD_LIBRARY_PATH} PYTHONPATH=/home/faruk/ws_sensor_combined/install/px4_msgs/local/lib/python3.10/dist-packages:${PYTHONPATH} /usr/bin/cmake --build /home/faruk/ws_sensor_combined/build/px4_ros_com -- -j12 -l12
[3.326s] DEBUG:colcon.colcon_core.event_handler.log_command:Invoked command in '/home/faruk/ws_sensor_combined/build/px4_ros_com' returned '0': AMENT_PREFIX_PATH=/home/faruk/ws_sensor_combined/install/px4_msgs:${AMENT_PREFIX_PATH} CMAKE_PREFIX_PATH=/home/faruk/ws_sensor_combined/install/px4_msgs:/opt/ros/humble LD_LIBRARY_PATH=/home/faruk/ws_sensor_combined/install/px4_msgs/lib:${LD_LIBRARY_PATH} PYTHONPATH=/home/faruk/ws_sensor_combined/install/px4_msgs/local/lib/python3.10/dist-packages:${PYTHONPATH} /usr/bin/cmake --build /home/faruk/ws_sensor_combined/build/px4_ros_com -- -j12 -l12
[3.329s] DEBUG:colcon.colcon_core.event_handler.log_command:Invoking command in '/home/faruk/ws_sensor_combined/build/px4_ros_com': AMENT_PREFIX_PATH=/home/faruk/ws_sensor_combined/install/px4_msgs:${AMENT_PREFIX_PATH} CMAKE_PREFIX_PATH=/home/faruk/ws_sensor_combined/install/px4_msgs:/opt/ros/humble LD_LIBRARY_PATH=/home/faruk/ws_sensor_combined/install/px4_msgs/lib:${LD_LIBRARY_PATH} PYTHONPATH=/home/faruk/ws_sensor_combined/install/px4_msgs/local/lib/python3.10/dist-packages:${PYTHONPATH} /usr/bin/cmake --install /home/faruk/ws_sensor_combined/build/px4_ros_com
[3.329s] DEBUG:colcon.colcon_core.event_handler.log_command:Invoked command in '/home/faruk/ws_sensor_combined/build/px4_offboard_control' returned '0': AMENT_PREFIX_PATH=/home/faruk/ws_sensor_combined/install/px4_msgs:${AMENT_PREFIX_PATH} CMAKE_PREFIX_PATH=/home/faruk/ws_sensor_combined/install/px4_msgs:/opt/ros/humble LD_LIBRARY_PATH=/home/faruk/ws_sensor_combined/install/px4_msgs/lib:${LD_LIBRARY_PATH} PYTHONPATH=/home/faruk/ws_sensor_combined/install/px4_msgs/local/lib/python3.10/dist-packages:${PYTHONPATH} /usr/bin/cmake --build /home/faruk/ws_sensor_combined/build/px4_offboard_control -- -j12 -l12
[3.331s] DEBUG:colcon.colcon_core.event_handler.log_command:Invoking command in '/home/faruk/ws_sensor_combined/build/px4_offboard_control': AMENT_PREFIX_PATH=/home/faruk/ws_sensor_combined/install/px4_msgs:${AMENT_PREFIX_PATH} CMAKE_PREFIX_PATH=/home/faruk/ws_sensor_combined/install/px4_msgs:/opt/ros/humble LD_LIBRARY_PATH=/home/faruk/ws_sensor_combined/install/px4_msgs/lib:${LD_LIBRARY_PATH} PYTHONPATH=/home/faruk/ws_sensor_combined/install/px4_msgs/local/lib/python3.10/dist-packages:${PYTHONPATH} /usr/bin/cmake --install /home/faruk/ws_sensor_combined/build/px4_offboard_control
[3.389s] Level 1:colcon.colcon_core.environment:create_environment_scripts_only(px4_offboard_control)
[3.389s] Level 1:colcon.colcon_core.environment:checking '/home/faruk/ws_sensor_combined/install/px4_offboard_control' for CMake module files
[3.390s] DEBUG:colcon.colcon_core.event_handler.log_command:Invoked command in '/home/faruk/ws_sensor_combined/build/px4_offboard_control' returned '0': AMENT_PREFIX_PATH=/home/faruk/ws_sensor_combined/install/px4_msgs:${AMENT_PREFIX_PATH} CMAKE_PREFIX_PATH=/home/faruk/ws_sensor_combined/install/px4_msgs:/opt/ros/humble LD_LIBRARY_PATH=/home/faruk/ws_sensor_combined/install/px4_msgs/lib:${LD_LIBRARY_PATH} PYTHONPATH=/home/faruk/ws_sensor_combined/install/px4_msgs/local/lib/python3.10/dist-packages:${PYTHONPATH} /usr/bin/cmake --install /home/faruk/ws_sensor_combined/build/px4_offboard_control
[3.391s] Level 1:colcon.colcon_core.environment:checking '/home/faruk/ws_sensor_combined/install/px4_offboard_control' for CMake config files
[3.391s] Level 1:colcon.colcon_core.shell:create_environment_hook('px4_offboard_control', 'cmake_prefix_path')
[3.392s] INFO:colcon.colcon_core.shell:Creating environment hook '/home/faruk/ws_sensor_combined/install/px4_offboard_control/share/px4_offboard_control/hook/cmake_prefix_path.ps1'
[3.392s] INFO:colcon.colcon_core.shell:Creating environment descriptor '/home/faruk/ws_sensor_combined/install/px4_offboard_control/share/px4_offboard_control/hook/cmake_prefix_path.dsv'
[3.392s] INFO:colcon.colcon_core.shell:Creating environment hook '/home/faruk/ws_sensor_combined/install/px4_offboard_control/share/px4_offboard_control/hook/cmake_prefix_path.sh'
[3.393s] Level 1:colcon.colcon_core.environment:checking '/home/faruk/ws_sensor_combined/install/px4_offboard_control/lib'
[3.393s] Level 1:colcon.colcon_core.shell:create_environment_hook('px4_offboard_control', 'ld_library_path_lib')
[3.393s] INFO:colcon.colcon_core.shell:Creating environment hook '/home/faruk/ws_sensor_combined/install/px4_offboard_control/share/px4_offboard_control/hook/ld_library_path_lib.ps1'
[3.394s] INFO:colcon.colcon_core.shell:Creating environment descriptor '/home/faruk/ws_sensor_combined/install/px4_offboard_control/share/px4_offboard_control/hook/ld_library_path_lib.dsv'
[3.394s] INFO:colcon.colcon_core.shell:Creating environment hook '/home/faruk/ws_sensor_combined/install/px4_offboard_control/share/px4_offboard_control/hook/ld_library_path_lib.sh'
[3.395s] Level 1:colcon.colcon_core.environment:checking '/home/faruk/ws_sensor_combined/install/px4_offboard_control/bin'
[3.395s] Level 1:colcon.colcon_core.environment:checking '/home/faruk/ws_sensor_combined/install/px4_offboard_control/lib/pkgconfig/px4_offboard_control.pc'
[3.395s] Level 1:colcon.colcon_core.environment:checking '/home/faruk/ws_sensor_combined/install/px4_offboard_control/lib/python3.10/site-packages'
[3.395s] Level 1:colcon.colcon_core.environment:checking '/home/faruk/ws_sensor_combined/install/px4_offboard_control/bin'
[3.396s] INFO:colcon.colcon_core.shell:Creating package script '/home/faruk/ws_sensor_combined/install/px4_offboard_control/share/px4_offboard_control/package.ps1'
[3.396s] INFO:colcon.colcon_core.shell:Creating package descriptor '/home/faruk/ws_sensor_combined/install/px4_offboard_control/share/px4_offboard_control/package.dsv'
[3.397s] INFO:colcon.colcon_core.shell:Creating package script '/home/faruk/ws_sensor_combined/install/px4_offboard_control/share/px4_offboard_control/package.sh'
[3.397s] INFO:colcon.colcon_core.shell:Creating package script '/home/faruk/ws_sensor_combined/install/px4_offboard_control/share/px4_offboard_control/package.bash'
[3.398s] INFO:colcon.colcon_core.shell:Creating package script '/home/faruk/ws_sensor_combined/install/px4_offboard_control/share/px4_offboard_control/package.zsh'
[3.398s] Level 1:colcon.colcon_core.environment:create_file_with_runtime_dependencies(/home/faruk/ws_sensor_combined/install/px4_offboard_control/share/colcon-core/packages/px4_offboard_control)
[3.398s] Level 1:colcon.colcon_core.environment:create_environment_scripts_only(px4_offboard_control)
[3.399s] Level 1:colcon.colcon_core.environment:checking '/home/faruk/ws_sensor_combined/install/px4_offboard_control' for CMake module files
[3.399s] Level 1:colcon.colcon_core.environment:checking '/home/faruk/ws_sensor_combined/install/px4_offboard_control' for CMake config files
[3.399s] Level 1:colcon.colcon_core.shell:create_environment_hook('px4_offboard_control', 'cmake_prefix_path')
[3.400s] INFO:colcon.colcon_core.shell:Creating environment hook '/home/faruk/ws_sensor_combined/install/px4_offboard_control/share/px4_offboard_control/hook/cmake_prefix_path.ps1'
[3.400s] INFO:colcon.colcon_core.shell:Creating environment descriptor '/home/faruk/ws_sensor_combined/install/px4_offboard_control/share/px4_offboard_control/hook/cmake_prefix_path.dsv'
[3.400s] INFO:colcon.colcon_core.shell:Creating environment hook '/home/faruk/ws_sensor_combined/install/px4_offboard_control/share/px4_offboard_control/hook/cmake_prefix_path.sh'
[3.401s] Level 1:colcon.colcon_core.environment:checking '/home/faruk/ws_sensor_combined/install/px4_offboard_control/lib'
[3.401s] Level 1:colcon.colcon_core.shell:create_environment_hook('px4_offboard_control', 'ld_library_path_lib')
[3.401s] INFO:colcon.colcon_core.shell:Creating environment hook '/home/faruk/ws_sensor_combined/install/px4_offboard_control/share/px4_offboard_control/hook/ld_library_path_lib.ps1'
[3.402s] INFO:colcon.colcon_core.shell:Creating environment descriptor '/home/faruk/ws_sensor_combined/install/px4_offboard_control/share/px4_offboard_control/hook/ld_library_path_lib.dsv'
[3.402s] INFO:colcon.colcon_core.shell:Creating environment hook '/home/faruk/ws_sensor_combined/install/px4_offboard_control/share/px4_offboard_control/hook/ld_library_path_lib.sh'
[3.402s] Level 1:colcon.colcon_core.environment:checking '/home/faruk/ws_sensor_combined/install/px4_offboard_control/bin'
[3.402s] Level 1:colcon.colcon_core.environment:checking '/home/faruk/ws_sensor_combined/install/px4_offboard_control/lib/pkgconfig/px4_offboard_control.pc'
[3.402s] Level 1:colcon.colcon_core.environment:checking '/home/faruk/ws_sensor_combined/install/px4_offboard_control/lib/python3.10/site-packages'
[3.403s] Level 1:colcon.colcon_core.environment:checking '/home/faruk/ws_sensor_combined/install/px4_offboard_control/bin'
[3.403s] INFO:colcon.colcon_core.shell:Creating package script '/home/faruk/ws_sensor_combined/install/px4_offboard_control/share/px4_offboard_control/package.ps1'
[3.403s] INFO:colcon.colcon_core.shell:Creating package descriptor '/home/faruk/ws_sensor_combined/install/px4_offboard_control/share/px4_offboard_control/package.dsv'
[3.404s] INFO:colcon.colcon_core.shell:Creating package script '/home/faruk/ws_sensor_combined/install/px4_offboard_control/share/px4_offboard_control/package.sh'
[3.404s] INFO:colcon.colcon_core.shell:Creating package script '/home/faruk/ws_sensor_combined/install/px4_offboard_control/share/px4_offboard_control/package.bash'
[3.405s] INFO:colcon.colcon_core.shell:Creating package script '/home/faruk/ws_sensor_combined/install/px4_offboard_control/share/px4_offboard_control/package.zsh'
[3.405s] Level 1:colcon.colcon_core.environment:create_file_with_runtime_dependencies(/home/faruk/ws_sensor_combined/install/px4_offboard_control/share/colcon-core/packages/px4_offboard_control)
[3.406s] Level 1:colcon.colcon_core.environment:create_environment_scripts_only(px4_ros_com)
[3.406s] Level 1:colcon.colcon_core.environment:checking '/home/faruk/ws_sensor_combined/install/px4_ros_com' for CMake module files
[3.407s] DEBUG:colcon.colcon_core.event_handler.log_command:Invoked command in '/home/faruk/ws_sensor_combined/build/px4_ros_com' returned '0': AMENT_PREFIX_PATH=/home/faruk/ws_sensor_combined/install/px4_msgs:${AMENT_PREFIX_PATH} CMAKE_PREFIX_PATH=/home/faruk/ws_sensor_combined/install/px4_msgs:/opt/ros/humble LD_LIBRARY_PATH=/home/faruk/ws_sensor_combined/install/px4_msgs/lib:${LD_LIBRARY_PATH} PYTHONPATH=/home/faruk/ws_sensor_combined/install/px4_msgs/local/lib/python3.10/dist-packages:${PYTHONPATH} /usr/bin/cmake --install /home/faruk/ws_sensor_combined/build/px4_ros_com
[3.407s] Level 1:colcon.colcon_core.environment:checking '/home/faruk/ws_sensor_combined/install/px4_ros_com' for CMake config files
[3.419s] Level 1:colcon.colcon_core.shell:create_environment_hook('px4_ros_com', 'cmake_prefix_path')
[3.419s] INFO:colcon.colcon_core.shell:Creating environment hook '/home/faruk/ws_sensor_combined/install/px4_ros_com/share/px4_ros_com/hook/cmake_prefix_path.ps1'
[3.420s] INFO:colcon.colcon_core.shell:Creating environment descriptor '/home/faruk/ws_sensor_combined/install/px4_ros_com/share/px4_ros_com/hook/cmake_prefix_path.dsv'
[3.420s] INFO:colcon.colcon_core.shell:Creating environment hook '/home/faruk/ws_sensor_combined/install/px4_ros_com/share/px4_ros_com/hook/cmake_prefix_path.sh'
[3.421s] Level 1:colcon.colcon_core.environment:checking '/home/faruk/ws_sensor_combined/install/px4_ros_com/lib'
[3.421s] Level 1:colcon.colcon_core.shell:create_environment_hook('px4_ros_com', 'ld_library_path_lib')
[3.421s] INFO:colcon.colcon_core.shell:Creating environment hook '/home/faruk/ws_sensor_combined/install/px4_ros_com/share/px4_ros_com/hook/ld_library_path_lib.ps1'
[3.421s] INFO:colcon.colcon_core.shell:Creating environment descriptor '/home/faruk/ws_sensor_combined/install/px4_ros_com/share/px4_ros_com/hook/ld_library_path_lib.dsv'
[3.422s] INFO:colcon.colcon_core.shell:Creating environment hook '/home/faruk/ws_sensor_combined/install/px4_ros_com/share/px4_ros_com/hook/ld_library_path_lib.sh'
[3.422s] Level 1:colcon.colcon_core.environment:checking '/home/faruk/ws_sensor_combined/install/px4_ros_com/bin'
[3.422s] Level 1:colcon.colcon_core.environment:checking '/home/faruk/ws_sensor_combined/install/px4_ros_com/lib/pkgconfig/px4_ros_com.pc'
[3.422s] Level 1:colcon.colcon_core.environment:checking '/home/faruk/ws_sensor_combined/install/px4_ros_com/lib/python3.10/site-packages'
[3.423s] Level 1:colcon.colcon_core.environment:checking '/home/faruk/ws_sensor_combined/install/px4_ros_com/bin'
[3.423s] INFO:colcon.colcon_core.shell:Creating package script '/home/faruk/ws_sensor_combined/install/px4_ros_com/share/px4_ros_com/package.ps1'
[3.423s] INFO:colcon.colcon_core.shell:Creating package descriptor '/home/faruk/ws_sensor_combined/install/px4_ros_com/share/px4_ros_com/package.dsv'
[3.424s] INFO:colcon.colcon_core.shell:Creating package script '/home/faruk/ws_sensor_combined/install/px4_ros_com/share/px4_ros_com/package.sh'
[3.424s] INFO:colcon.colcon_core.shell:Creating package script '/home/faruk/ws_sensor_combined/install/px4_ros_com/share/px4_ros_com/package.bash'
[3.424s] INFO:colcon.colcon_core.shell:Creating package script '/home/faruk/ws_sensor_combined/install/px4_ros_com/share/px4_ros_com/package.zsh'
[3.425s] Level 1:colcon.colcon_core.environment:create_file_with_runtime_dependencies(/home/faruk/ws_sensor_combined/install/px4_ros_com/share/colcon-core/packages/px4_ros_com)
[3.426s] Level 1:colcon.colcon_core.environment:create_environment_scripts_only(px4_ros_com)
[3.426s] Level 1:colcon.colcon_core.environment:checking '/home/faruk/ws_sensor_combined/install/px4_ros_com' for CMake module files
[3.426s] Level 1:colcon.colcon_core.environment:checking '/home/faruk/ws_sensor_combined/install/px4_ros_com' for CMake config files
[3.427s] Level 1:colcon.colcon_core.shell:create_environment_hook('px4_ros_com', 'cmake_prefix_path')
[3.427s] INFO:colcon.colcon_core.shell:Creating environment hook '/home/faruk/ws_sensor_combined/install/px4_ros_com/share/px4_ros_com/hook/cmake_prefix_path.ps1'
[3.427s] INFO:colcon.colcon_core.shell:Creating environment descriptor '/home/faruk/ws_sensor_combined/install/px4_ros_com/share/px4_ros_com/hook/cmake_prefix_path.dsv'
[3.427s] INFO:colcon.colcon_core.shell:Creating environment hook '/home/faruk/ws_sensor_combined/install/px4_ros_com/share/px4_ros_com/hook/cmake_prefix_path.sh'
[3.428s] Level 1:colcon.colcon_core.environment:checking '/home/faruk/ws_sensor_combined/install/px4_ros_com/lib'
[3.428s] Level 1:colcon.colcon_core.shell:create_environment_hook('px4_ros_com', 'ld_library_path_lib')
[3.428s] INFO:colcon.colcon_core.shell:Creating environment hook '/home/faruk/ws_sensor_combined/install/px4_ros_com/share/px4_ros_com/hook/ld_library_path_lib.ps1'
[3.428s] INFO:colcon.colcon_core.shell:Creating environment descriptor '/home/faruk/ws_sensor_combined/install/px4_ros_com/share/px4_ros_com/hook/ld_library_path_lib.dsv'
[3.429s] INFO:colcon.colcon_core.shell:Creating environment hook '/home/faruk/ws_sensor_combined/install/px4_ros_com/share/px4_ros_com/hook/ld_library_path_lib.sh'
[3.429s] Level 1:colcon.colcon_core.environment:checking '/home/faruk/ws_sensor_combined/install/px4_ros_com/bin'
[3.429s] Level 1:colcon.colcon_core.environment:checking '/home/faruk/ws_sensor_combined/install/px4_ros_com/lib/pkgconfig/px4_ros_com.pc'
[3.430s] Level 1:colcon.colcon_core.environment:checking '/home/faruk/ws_sensor_combined/install/px4_ros_com/lib/python3.10/site-packages'
[3.430s] Level 1:colcon.colcon_core.environment:checking '/home/faruk/ws_sensor_combined/install/px4_ros_com/bin'
[3.430s] INFO:colcon.colcon_core.shell:Creating package script '/home/faruk/ws_sensor_combined/install/px4_ros_com/share/px4_ros_com/package.ps1'
[3.431s] INFO:colcon.colcon_core.shell:Creating package descriptor '/home/faruk/ws_sensor_combined/install/px4_ros_com/share/px4_ros_com/package.dsv'
[3.431s] INFO:colcon.colcon_core.shell:Creating package script '/home/faruk/ws_sensor_combined/install/px4_ros_com/share/px4_ros_com/package.sh'
[3.432s] INFO:colcon.colcon_core.shell:Creating package script '/home/faruk/ws_sensor_combined/install/px4_ros_com/share/px4_ros_com/package.bash'
[3.432s] INFO:colcon.colcon_core.shell:Creating package script '/home/faruk/ws_sensor_combined/install/px4_ros_com/share/px4_ros_com/package.zsh'
[3.433s] Level 1:colcon.colcon_core.environment:create_file_with_runtime_dependencies(/home/faruk/ws_sensor_combined/install/px4_ros_com/share/colcon-core/packages/px4_ros_com)
[3.435s] DEBUG:colcon.colcon_core.event_handler.log_command:Invoking command in '/home/faruk/ws_sensor_combined/src/px4_offboard': AMENT_PREFIX_PATH=/home/faruk/ws_sensor_combined/install/px4_msgs:${AMENT_PREFIX_PATH} CMAKE_PREFIX_PATH=/home/faruk/ws_sensor_combined/install/px4_msgs LD_LIBRARY_PATH=/home/faruk/ws_sensor_combined/install/px4_msgs/lib:${LD_LIBRARY_PATH} PYTHONPATH=/home/faruk/ws_sensor_combined/build/px4_offboard/prefix_override:/usr/lib/python3/dist-packages/colcon_core/task/python/colcon_distutils_commands:/home/faruk/ws_sensor_combined/install/px4_offboard/lib/python3.10/site-packages:/home/faruk/ws_sensor_combined/install/px4_msgs/local/lib/python3.10/dist-packages:${PYTHONPATH} /usr/bin/python3 -W ignore:setup.py install is deprecated -W ignore:easy_install command is deprecated setup.py egg_info --egg-base ../../build/px4_offboard build --build-base /home/faruk/ws_sensor_combined/build/px4_offboard/build install --record /home/faruk/ws_sensor_combined/build/px4_offboard/install.log --single-version-externally-managed install_data
[3.997s] Level 1:colcon.colcon_core.environment:checking '/home/faruk/ws_sensor_combined/install/px4_offboard' for CMake module files
[3.997s] DEBUG:colcon.colcon_core.event_handler.log_command:Invoked command in '/home/faruk/ws_sensor_combined/src/px4_offboard' returned '0': AMENT_PREFIX_PATH=/home/faruk/ws_sensor_combined/install/px4_msgs:${AMENT_PREFIX_PATH} CMAKE_PREFIX_PATH=/home/faruk/ws_sensor_combined/install/px4_msgs LD_LIBRARY_PATH=/home/faruk/ws_sensor_combined/install/px4_msgs/lib:${LD_LIBRARY_PATH} PYTHONPATH=/home/faruk/ws_sensor_combined/build/px4_offboard/prefix_override:/usr/lib/python3/dist-packages/colcon_core/task/python/colcon_distutils_commands:/home/faruk/ws_sensor_combined/install/px4_offboard/lib/python3.10/site-packages:/home/faruk/ws_sensor_combined/install/px4_msgs/local/lib/python3.10/dist-packages:${PYTHONPATH} /usr/bin/python3 -W ignore:setup.py install is deprecated -W ignore:easy_install command is deprecated setup.py egg_info --egg-base ../../build/px4_offboard build --build-base /home/faruk/ws_sensor_combined/build/px4_offboard/build install --record /home/faruk/ws_sensor_combined/build/px4_offboard/install.log --single-version-externally-managed install_data
[3.998s] Level 1:colcon.colcon_core.environment:checking '/home/faruk/ws_sensor_combined/install/px4_offboard' for CMake config files
[3.999s] Level 1:colcon.colcon_core.environment:checking '/home/faruk/ws_sensor_combined/install/px4_offboard/lib'
[3.999s] Level 1:colcon.colcon_core.environment:checking '/home/faruk/ws_sensor_combined/install/px4_offboard/bin'
[3.999s] Level 1:colcon.colcon_core.environment:checking '/home/faruk/ws_sensor_combined/install/px4_offboard/lib/pkgconfig/px4_offboard.pc'
[3.999s] Level 1:colcon.colcon_core.environment:checking '/home/faruk/ws_sensor_combined/install/px4_offboard/lib/python3.10/site-packages'
[3.999s] Level 1:colcon.colcon_core.shell:create_environment_hook('px4_offboard', 'pythonpath')
[3.999s] INFO:colcon.colcon_core.shell:Creating environment hook '/home/faruk/ws_sensor_combined/install/px4_offboard/share/px4_offboard/hook/pythonpath.ps1'
[4.000s] INFO:colcon.colcon_core.shell:Creating environment descriptor '/home/faruk/ws_sensor_combined/install/px4_offboard/share/px4_offboard/hook/pythonpath.dsv'
[4.000s] INFO:colcon.colcon_core.shell:Creating environment hook '/home/faruk/ws_sensor_combined/install/px4_offboard/share/px4_offboard/hook/pythonpath.sh'
[4.000s] Level 1:colcon.colcon_core.environment:checking '/home/faruk/ws_sensor_combined/install/px4_offboard/bin'
[4.001s] Level 1:colcon.colcon_core.environment:create_environment_scripts_only(px4_offboard)
[4.001s] INFO:colcon.colcon_core.shell:Creating package script '/home/faruk/ws_sensor_combined/install/px4_offboard/share/px4_offboard/package.ps1'
[4.001s] INFO:colcon.colcon_core.shell:Creating package descriptor '/home/faruk/ws_sensor_combined/install/px4_offboard/share/px4_offboard/package.dsv'
[4.002s] INFO:colcon.colcon_core.shell:Creating package script '/home/faruk/ws_sensor_combined/install/px4_offboard/share/px4_offboard/package.sh'
[4.002s] INFO:colcon.colcon_core.shell:Creating package script '/home/faruk/ws_sensor_combined/install/px4_offboard/share/px4_offboard/package.bash'
[4.003s] INFO:colcon.colcon_core.shell:Creating package script '/home/faruk/ws_sensor_combined/install/px4_offboard/share/px4_offboard/package.zsh'
[4.003s] Level 1:colcon.colcon_core.environment:create_file_with_runtime_dependencies(/home/faruk/ws_sensor_combined/install/px4_offboard/share/colcon-core/packages/px4_offboard)
[4.003s] DEBUG:colcon.colcon_parallel_executor.executor.parallel:closing loop
[4.003s] DEBUG:colcon.colcon_parallel_executor.executor.parallel:loop closed
[4.003s] DEBUG:colcon.colcon_parallel_executor.executor.parallel:run_until_complete finished with '0'
[4.004s] DEBUG:colcon.colcon_core.event_reactor:joining thread
[4.009s] INFO:colcon.colcon_core.plugin_system:Skipping extension 'colcon_notification.desktop_notification.terminal_notifier': Not used on non-Darwin systems
[4.009s] INFO:colcon.colcon_core.plugin_system:Skipping extension 'colcon_notification.desktop_notification.win32': Not used on non-Windows systems
[4.009s] INFO:colcon.colcon_notification.desktop_notification:Sending desktop notification using 'notify2'
[4.020s] DEBUG:colcon.colcon_core.event_reactor:joined thread
[4.020s] INFO:colcon.colcon_core.shell:Creating prefix script '/home/faruk/ws_sensor_combined/install/local_setup.ps1'
[4.021s] INFO:colcon.colcon_core.shell:Creating prefix util module '/home/faruk/ws_sensor_combined/install/_local_setup_util_ps1.py'
[4.023s] INFO:colcon.colcon_core.shell:Creating prefix chain script '/home/faruk/ws_sensor_combined/install/setup.ps1'
[4.024s] INFO:colcon.colcon_core.shell:Creating prefix script '/home/faruk/ws_sensor_combined/install/local_setup.sh'
[4.024s] INFO:colcon.colcon_core.shell:Creating prefix util module '/home/faruk/ws_sensor_combined/install/_local_setup_util_sh.py'
[4.025s] INFO:colcon.colcon_core.shell:Creating prefix chain script '/home/faruk/ws_sensor_combined/install/setup.sh'
[4.026s] INFO:colcon.colcon_core.shell:Creating prefix script '/home/faruk/ws_sensor_combined/install/local_setup.bash'
[4.027s] INFO:colcon.colcon_core.shell:Creating prefix chain script '/home/faruk/ws_sensor_combined/install/setup.bash'
[4.028s] INFO:colcon.colcon_core.shell:Creating prefix script '/home/faruk/ws_sensor_combined/install/local_setup.zsh'
[4.029s] INFO:colcon.colcon_core.shell:Creating prefix chain script '/home/faruk/ws_sensor_combined/install/setup.zsh'
