/home/faruk/.local/lib/python3.10/site-packages/setuptools/_distutils/dist.py:289: UserWarning: Unknown distribution option: 'tests_require'
  warnings.warn(msg)
running egg_info
creating ../../build/px4_offboard/px4_offboard.egg-info
writing ../../build/px4_offboard/px4_offboard.egg-info/PKG-INFO
writing dependency_links to ../../build/px4_offboard/px4_offboard.egg-info/dependency_links.txt
writing entry points to ../../build/px4_offboard/px4_offboard.egg-info/entry_points.txt
writing requirements to ../../build/px4_offboard/px4_offboard.egg-info/requires.txt
writing top-level names to ../../build/px4_offboard/px4_offboard.egg-info/top_level.txt
writing manifest file '../../build/px4_offboard/px4_offboard.egg-info/SOURCES.txt'
reading manifest file '../../build/px4_offboard/px4_offboard.egg-info/SOURCES.txt'
adding license file 'LICENSE'
writing manifest file '../../build/px4_offboard/px4_offboard.egg-info/SOURCES.txt'
running build
running build_py
creating /home/faruk/ws_sensor_combined/build/px4_offboard/build/lib/px4_offboard
copying px4_offboard/processes.py -> /home/faruk/ws_sensor_combined/build/px4_offboard/build/lib/px4_offboard
copying px4_offboard/visualizer.py -> /home/faruk/ws_sensor_combined/build/px4_offboard/build/lib/px4_offboard
copying px4_offboard/velocity_control.py -> /home/faruk/ws_sensor_combined/build/px4_offboard/build/lib/px4_offboard
copying px4_offboard/__init__.py -> /home/faruk/ws_sensor_combined/build/px4_offboard/build/lib/px4_offboard
copying px4_offboard/control.py -> /home/faruk/ws_sensor_combined/build/px4_offboard/build/lib/px4_offboard
running install
running install_lib
running install_data
running install_egg_info
removing '/home/faruk/ws_sensor_combined/install/px4_offboard/lib/python3.10/site-packages/px4_offboard-0.0.0-py3.10.egg-info' (and everything under it)
Copying ../../build/px4_offboard/px4_offboard.egg-info to /home/faruk/ws_sensor_combined/install/px4_offboard/lib/python3.10/site-packages/px4_offboard-0.0.0-py3.10.egg-info
running install_scripts
Installing control script to /home/faruk/ws_sensor_combined/install/px4_offboard/lib/px4_offboard
Installing offboard_control script to /home/faruk/ws_sensor_combined/install/px4_offboard/lib/px4_offboard
Installing processes script to /home/faruk/ws_sensor_combined/install/px4_offboard/lib/px4_offboard
Installing velocity_control script to /home/faruk/ws_sensor_combined/install/px4_offboard/lib/px4_offboard
Installing visualizer script to /home/faruk/ws_sensor_combined/install/px4_offboard/lib/px4_offboard
writing list of installed files to '/home/faruk/ws_sensor_combined/build/px4_offboard/install.log'
