[0.910s] Invoking command in '/home/faruk/ws_sensor_combined/src/px4_offboard': AMENT_PREFIX_PATH=/home/faruk/ws_sensor_combined/install/px4_msgs:${AMENT_PREFIX_PATH} CMAKE_PREFIX_PATH=/home/faruk/ws_sensor_combined/install/px4_msgs LD_LIBRARY_PATH=/home/faruk/ws_sensor_combined/install/px4_msgs/lib:${LD_LIBRARY_PATH} PYTHONPATH=/home/faruk/ws_sensor_combined/build/px4_offboard/prefix_override:/usr/lib/python3/dist-packages/colcon_core/task/python/colcon_distutils_commands:/home/faruk/ws_sensor_combined/install/px4_offboard/lib/python3.10/site-packages:/home/faruk/ws_sensor_combined/install/px4_msgs/local/lib/python3.10/dist-packages:${PYTHONPATH} /usr/bin/python3 -W ignore:setup.py install is deprecated -W ignore:easy_install command is deprecated setup.py egg_info --egg-base ../../build/px4_offboard build --build-base /home/faruk/ws_sensor_combined/build/px4_offboard/build install --record /home/faruk/ws_sensor_combined/build/px4_offboard/install.log --single-version-externally-managed install_data
[1.097s] /home/faruk/.local/lib/python3.10/site-packages/setuptools/_distutils/dist.py:289: UserWarning: Unknown distribution option: 'tests_require'
[1.097s]   warnings.warn(msg)
[1.221s] running egg_info
[1.241s] creating ../../build/px4_offboard/px4_offboard.egg-info
[1.242s] writing ../../build/px4_offboard/px4_offboard.egg-info/PKG-INFO
[1.242s] writing dependency_links to ../../build/px4_offboard/px4_offboard.egg-info/dependency_links.txt
[1.242s] writing entry points to ../../build/px4_offboard/px4_offboard.egg-info/entry_points.txt
[1.242s] writing requirements to ../../build/px4_offboard/px4_offboard.egg-info/requires.txt
[1.243s] writing top-level names to ../../build/px4_offboard/px4_offboard.egg-info/top_level.txt
[1.243s] writing manifest file '../../build/px4_offboard/px4_offboard.egg-info/SOURCES.txt'
[1.287s] reading manifest file '../../build/px4_offboard/px4_offboard.egg-info/SOURCES.txt'
[1.287s] adding license file 'LICENSE'
[1.289s] writing manifest file '../../build/px4_offboard/px4_offboard.egg-info/SOURCES.txt'
[1.289s] running build
[1.289s] running build_py
[1.289s] creating /home/faruk/ws_sensor_combined/build/px4_offboard/build/lib/px4_offboard
[1.289s] copying px4_offboard/processes.py -> /home/faruk/ws_sensor_combined/build/px4_offboard/build/lib/px4_offboard
[1.290s] copying px4_offboard/visualizer.py -> /home/faruk/ws_sensor_combined/build/px4_offboard/build/lib/px4_offboard
[1.290s] copying px4_offboard/velocity_control.py -> /home/faruk/ws_sensor_combined/build/px4_offboard/build/lib/px4_offboard
[1.290s] copying px4_offboard/__init__.py -> /home/faruk/ws_sensor_combined/build/px4_offboard/build/lib/px4_offboard
[1.290s] copying px4_offboard/control.py -> /home/faruk/ws_sensor_combined/build/px4_offboard/build/lib/px4_offboard
[1.291s] running install
[1.296s] running install_lib
[1.318s] running install_data
[1.319s] running install_egg_info
[1.345s] removing '/home/faruk/ws_sensor_combined/install/px4_offboard/lib/python3.10/site-packages/px4_offboard-0.0.0-py3.10.egg-info' (and everything under it)
[1.346s] Copying ../../build/px4_offboard/px4_offboard.egg-info to /home/faruk/ws_sensor_combined/install/px4_offboard/lib/python3.10/site-packages/px4_offboard-0.0.0-py3.10.egg-info
[1.347s] running install_scripts
[1.597s] Installing control script to /home/faruk/ws_sensor_combined/install/px4_offboard/lib/px4_offboard
[1.597s] Installing offboard_control script to /home/faruk/ws_sensor_combined/install/px4_offboard/lib/px4_offboard
[1.597s] Installing processes script to /home/faruk/ws_sensor_combined/install/px4_offboard/lib/px4_offboard
[1.597s] Installing velocity_control script to /home/faruk/ws_sensor_combined/install/px4_offboard/lib/px4_offboard
[1.598s] Installing visualizer script to /home/faruk/ws_sensor_combined/install/px4_offboard/lib/px4_offboard
[1.598s] writing list of installed files to '/home/faruk/ws_sensor_combined/build/px4_offboard/install.log'
[1.622s] Invoked command in '/home/faruk/ws_sensor_combined/src/px4_offboard' returned '0': AMENT_PREFIX_PATH=/home/faruk/ws_sensor_combined/install/px4_msgs:${AMENT_PREFIX_PATH} CMAKE_PREFIX_PATH=/home/faruk/ws_sensor_combined/install/px4_msgs LD_LIBRARY_PATH=/home/faruk/ws_sensor_combined/install/px4_msgs/lib:${LD_LIBRARY_PATH} PYTHONPATH=/home/faruk/ws_sensor_combined/build/px4_offboard/prefix_override:/usr/lib/python3/dist-packages/colcon_core/task/python/colcon_distutils_commands:/home/faruk/ws_sensor_combined/install/px4_offboard/lib/python3.10/site-packages:/home/faruk/ws_sensor_combined/install/px4_msgs/local/lib/python3.10/dist-packages:${PYTHONPATH} /usr/bin/python3 -W ignore:setup.py install is deprecated -W ignore:easy_install command is deprecated setup.py egg_info --egg-base ../../build/px4_offboard build --build-base /home/faruk/ws_sensor_combined/build/px4_offboard/build install --record /home/faruk/ws_sensor_combined/build/px4_offboard/install.log --single-version-externally-managed install_data
