/home/faruk/.local/lib/python3.10/site-packages/setuptools/_distutils/dist.py:289: UserWarning: Unknown distribution option: 'tests_require'
  warnings.warn(msg)
running egg_info
creating ../../build/yolo_listener/yolo_listener.egg-info
writing ../../build/yolo_listener/yolo_listener.egg-info/PKG-INFO
writing dependency_links to ../../build/yolo_listener/yolo_listener.egg-info/dependency_links.txt
writing entry points to ../../build/yolo_listener/yolo_listener.egg-info/entry_points.txt
writing requirements to ../../build/yolo_listener/yolo_listener.egg-info/requires.txt
writing top-level names to ../../build/yolo_listener/yolo_listener.egg-info/top_level.txt
writing manifest file '../../build/yolo_listener/yolo_listener.egg-info/SOURCES.txt'
reading manifest file '../../build/yolo_listener/yolo_listener.egg-info/SOURCES.txt'
writing manifest file '../../build/yolo_listener/yolo_listener.egg-info/SOURCES.txt'
running build
running build_py
creating /home/faruk/ws_sensor_combined/build/yolo_listener/build/lib/yolo_listener
copying yolo_listener/listener_node.py -> /home/faruk/ws_sensor_combined/build/yolo_listener/build/lib/yolo_listener
copying yolo_listener/__init__.py -> /home/faruk/ws_sensor_combined/build/yolo_listener/build/lib/yolo_listener
running install
running install_lib
creating /home/faruk/ws_sensor_combined/install/yolo_listener/lib/python3.10/site-packages/yolo_listener
copying /home/faruk/ws_sensor_combined/build/yolo_listener/build/lib/yolo_listener/listener_node.py -> /home/faruk/ws_sensor_combined/install/yolo_listener/lib/python3.10/site-packages/yolo_listener
copying /home/faruk/ws_sensor_combined/build/yolo_listener/build/lib/yolo_listener/__init__.py -> /home/faruk/ws_sensor_combined/install/yolo_listener/lib/python3.10/site-packages/yolo_listener
byte-compiling /home/faruk/ws_sensor_combined/install/yolo_listener/lib/python3.10/site-packages/yolo_listener/listener_node.py to listener_node.cpython-310.pyc
byte-compiling /home/faruk/ws_sensor_combined/install/yolo_listener/lib/python3.10/site-packages/yolo_listener/__init__.py to __init__.cpython-310.pyc
running install_data
creating /home/faruk/ws_sensor_combined/install/yolo_listener/share/ament_index/resource_index/packages
copying resource/yolo_listener -> /home/faruk/ws_sensor_combined/install/yolo_listener/share/ament_index/resource_index/packages
copying package.xml -> /home/faruk/ws_sensor_combined/install/yolo_listener/share/yolo_listener
running install_egg_info
Copying ../../build/yolo_listener/yolo_listener.egg-info to /home/faruk/ws_sensor_combined/install/yolo_listener/lib/python3.10/site-packages/yolo_listener-0.0.0-py3.10.egg-info
running install_scripts
Installing listener_node script to /home/faruk/ws_sensor_combined/install/yolo_listener/lib/yolo_listener
writing list of installed files to '/home/faruk/ws_sensor_combined/build/yolo_listener/install.log'
