[1.533s] Invoking command in '/home/faruk/ws_sensor_combined/src/yolo_listener': PYTHONPATH=/home/faruk/ws_sensor_combined/build/yolo_listener/prefix_override:/usr/lib/python3/dist-packages/colcon_core/task/python/colcon_distutils_commands:/home/faruk/ws_sensor_combined/install/yolo_listener/lib/python3.10/site-packages:${PYTHONPATH} /usr/bin/python3 -W ignore:setup.py install is deprecated -W ignore:easy_install command is deprecated setup.py egg_info --egg-base ../../build/yolo_listener build --build-base /home/faruk/ws_sensor_combined/build/yolo_listener/build install --record /home/faruk/ws_sensor_combined/build/yolo_listener/install.log --single-version-externally-managed install_data
[1.761s] /home/faruk/.local/lib/python3.10/site-packages/setuptools/_distutils/dist.py:289: UserWarning: Unknown distribution option: 'tests_require'
[1.762s]   warnings.warn(msg)
[2.089s] running egg_info
[2.144s] creating ../../build/yolo_listener/yolo_listener.egg-info
[2.144s] writing ../../build/yolo_listener/yolo_listener.egg-info/PKG-INFO
[2.144s] writing dependency_links to ../../build/yolo_listener/yolo_listener.egg-info/dependency_links.txt
[2.144s] writing entry points to ../../build/yolo_listener/yolo_listener.egg-info/entry_points.txt
[2.145s] writing requirements to ../../build/yolo_listener/yolo_listener.egg-info/requires.txt
[2.145s] writing top-level names to ../../build/yolo_listener/yolo_listener.egg-info/top_level.txt
[2.145s] writing manifest file '../../build/yolo_listener/yolo_listener.egg-info/SOURCES.txt'
[2.288s] reading manifest file '../../build/yolo_listener/yolo_listener.egg-info/SOURCES.txt'
[2.291s] writing manifest file '../../build/yolo_listener/yolo_listener.egg-info/SOURCES.txt'
[2.295s] running build
[2.295s] running build_py
[2.295s] creating /home/faruk/ws_sensor_combined/build/yolo_listener/build/lib/yolo_listener
[2.295s] copying yolo_listener/listener_node.py -> /home/faruk/ws_sensor_combined/build/yolo_listener/build/lib/yolo_listener
[2.296s] copying yolo_listener/__init__.py -> /home/faruk/ws_sensor_combined/build/yolo_listener/build/lib/yolo_listener
[2.296s] running install
[2.320s] running install_lib
[2.390s] creating /home/faruk/ws_sensor_combined/install/yolo_listener/lib/python3.10/site-packages/yolo_listener
[2.390s] copying /home/faruk/ws_sensor_combined/build/yolo_listener/build/lib/yolo_listener/listener_node.py -> /home/faruk/ws_sensor_combined/install/yolo_listener/lib/python3.10/site-packages/yolo_listener
[2.390s] copying /home/faruk/ws_sensor_combined/build/yolo_listener/build/lib/yolo_listener/__init__.py -> /home/faruk/ws_sensor_combined/install/yolo_listener/lib/python3.10/site-packages/yolo_listener
[2.390s] byte-compiling /home/faruk/ws_sensor_combined/install/yolo_listener/lib/python3.10/site-packages/yolo_listener/listener_node.py to listener_node.cpython-310.pyc
[2.390s] byte-compiling /home/faruk/ws_sensor_combined/install/yolo_listener/lib/python3.10/site-packages/yolo_listener/__init__.py to __init__.cpython-310.pyc
[2.390s] running install_data
[2.390s] creating /home/faruk/ws_sensor_combined/install/yolo_listener/share/ament_index/resource_index/packages
[2.391s] copying resource/yolo_listener -> /home/faruk/ws_sensor_combined/install/yolo_listener/share/ament_index/resource_index/packages
[2.391s] copying package.xml -> /home/faruk/ws_sensor_combined/install/yolo_listener/share/yolo_listener
[2.391s] running install_egg_info
[2.394s] Copying ../../build/yolo_listener/yolo_listener.egg-info to /home/faruk/ws_sensor_combined/install/yolo_listener/lib/python3.10/site-packages/yolo_listener-0.0.0-py3.10.egg-info
[2.394s] running install_scripts
[2.451s] Installing listener_node script to /home/faruk/ws_sensor_combined/install/yolo_listener/lib/yolo_listener
[2.451s] writing list of installed files to '/home/faruk/ws_sensor_combined/build/yolo_listener/install.log'
[2.463s] Invoked command in '/home/faruk/ws_sensor_combined/src/yolo_listener' returned '0': PYTHONPATH=/home/faruk/ws_sensor_combined/build/yolo_listener/prefix_override:/usr/lib/python3/dist-packages/colcon_core/task/python/colcon_distutils_commands:/home/faruk/ws_sensor_combined/install/yolo_listener/lib/python3.10/site-packages:${PYTHONPATH} /usr/bin/python3 -W ignore:setup.py install is deprecated -W ignore:easy_install command is deprecated setup.py egg_info --egg-base ../../build/yolo_listener build --build-base /home/faruk/ws_sensor_combined/build/yolo_listener/build install --record /home/faruk/ws_sensor_combined/build/yolo_listener/install.log --single-version-externally-managed install_data
