[0.171s] DEBUG:colcon:Command line arguments: ['/usr/bin/colcon', 'build']
[0.171s] DEBUG:colcon:Parsed command line arguments: Namespace(log_base=None, log_level=None, verb_name='build', build_base='build', install_base='install', merge_install=False, symlink_install=False, test_result_base=None, continue_on_error=False, executor='parallel', parallel_workers=12, event_handlers=None, ignore_user_meta=False, metas=['./colcon.meta'], base_paths=['.'], packages_ignore=None, packages_ignore_regex=None, paths=None, packages_up_to=None, packages_up_to_regex=None, packages_above=None, packages_above_and_dependencies=None, packages_above_depth=None, packages_select_by_dep=None, packages_skip_by_dep=None, packages_skip_up_to=None, packages_select_build_failed=False, packages_skip_build_finished=False, packages_select_test_failures=False, packages_skip_test_passed=False, packages_select=None, packages_skip=None, packages_select_regex=None, packages_skip_regex=None, packages_start=None, packages_end=None, allow_overriding=[], cmake_args=None, cmake_target=None, cmake_target_skip_unavailable=False, cmake_clean_cache=False, cmake_clean_first=False, cmake_force_configure=False, ament_cmake_args=None, catkin_cmake_args=None, catkin_skip_building_tests=False, mixin_files=None, mixin=None, verb_parser=<colcon_mixin.mixin.mixin_argument.MixinArgumentDecorator object at 0x78a638157d60>, verb_extension=<colcon_core.verb.build.BuildVerb object at 0x78a63829cd60>, main=<bound method BuildVerb.main of <colcon_core.verb.build.BuildVerb object at 0x78a63829cd60>>, mixin_verb=('build',))
[0.234s] Level 1:colcon.colcon_core.package_discovery:discover_packages(colcon_meta) check parameters
[0.234s] Level 1:colcon.colcon_core.package_discovery:discover_packages(recursive) check parameters
[0.234s] Level 1:colcon.colcon_core.package_discovery:discover_packages(ignore) check parameters
[0.234s] Level 1:colcon.colcon_core.package_discovery:discover_packages(path) check parameters
[0.234s] Level 1:colcon.colcon_core.package_discovery:discover_packages(colcon_meta) discover
[0.234s] Level 1:colcon.colcon_core.package_discovery:discover_packages(recursive) discover
[0.234s] INFO:colcon.colcon_core.package_discovery:Crawling recursively for packages in '/home/faruk/ws_sensor_combined'
[0.234s] Level 1:colcon.colcon_core.package_identification:_identify(.) by extensions ['ignore', 'ignore_ament_install']
[0.234s] Level 1:colcon.colcon_core.package_identification:_identify(.) by extension 'ignore'
[0.234s] Level 1:colcon.colcon_core.package_identification:_identify(.) by extension 'ignore_ament_install'
[0.234s] Level 1:colcon.colcon_core.package_identification:_identify(.) by extensions ['colcon_pkg']
[0.234s] Level 1:colcon.colcon_core.package_identification:_identify(.) by extension 'colcon_pkg'
[0.234s] Level 1:colcon.colcon_core.package_identification:_identify(.) by extensions ['colcon_meta']
[0.234s] Level 1:colcon.colcon_core.package_identification:_identify(.) by extension 'colcon_meta'
[0.234s] Level 1:colcon.colcon_core.package_identification:_identify(.) by extensions ['ros']
[0.234s] Level 1:colcon.colcon_core.package_identification:_identify(.) by extension 'ros'
[0.254s] Level 1:colcon.colcon_core.package_identification:_identify(.) by extensions ['cmake', 'python']
[0.254s] Level 1:colcon.colcon_core.package_identification:_identify(.) by extension 'cmake'
[0.255s] Level 1:colcon.colcon_core.package_identification:_identify(.) by extension 'python'
[0.255s] Level 1:colcon.colcon_core.package_identification:_identify(.) by extensions ['python_setup_py']
[0.255s] Level 1:colcon.colcon_core.package_identification:_identify(.) by extension 'python_setup_py'
[0.255s] Level 1:colcon.colcon_core.package_identification:_identify(build) by extensions ['ignore', 'ignore_ament_install']
[0.255s] Level 1:colcon.colcon_core.package_identification:_identify(build) by extension 'ignore'
[0.255s] Level 1:colcon.colcon_core.package_identification:_identify(build) ignored
[0.255s] Level 1:colcon.colcon_core.package_identification:_identify(install) by extensions ['ignore', 'ignore_ament_install']
[0.255s] Level 1:colcon.colcon_core.package_identification:_identify(install) by extension 'ignore'
[0.255s] Level 1:colcon.colcon_core.package_identification:_identify(install) ignored
[0.255s] Level 1:colcon.colcon_core.package_identification:_identify(log) by extensions ['ignore', 'ignore_ament_install']
[0.255s] Level 1:colcon.colcon_core.package_identification:_identify(log) by extension 'ignore'
[0.255s] Level 1:colcon.colcon_core.package_identification:_identify(log) ignored
[0.255s] Level 1:colcon.colcon_core.package_identification:_identify(src) by extensions ['ignore', 'ignore_ament_install']
[0.255s] Level 1:colcon.colcon_core.package_identification:_identify(src) by extension 'ignore'
[0.256s] Level 1:colcon.colcon_core.package_identification:_identify(src) by extension 'ignore_ament_install'
[0.256s] Level 1:colcon.colcon_core.package_identification:_identify(src) by extensions ['colcon_pkg']
[0.256s] Level 1:colcon.colcon_core.package_identification:_identify(src) by extension 'colcon_pkg'
[0.256s] Level 1:colcon.colcon_core.package_identification:_identify(src) by extensions ['colcon_meta']
[0.256s] Level 1:colcon.colcon_core.package_identification:_identify(src) by extension 'colcon_meta'
[0.256s] Level 1:colcon.colcon_core.package_identification:_identify(src) by extensions ['ros']
[0.256s] Level 1:colcon.colcon_core.package_identification:_identify(src) by extension 'ros'
[0.256s] Level 1:colcon.colcon_core.package_identification:_identify(src) by extensions ['cmake', 'python']
[0.256s] Level 1:colcon.colcon_core.package_identification:_identify(src) by extension 'cmake'
[0.256s] Level 1:colcon.colcon_core.package_identification:_identify(src) by extension 'python'
[0.256s] Level 1:colcon.colcon_core.package_identification:_identify(src) by extensions ['python_setup_py']
[0.256s] Level 1:colcon.colcon_core.package_identification:_identify(src) by extension 'python_setup_py'
[0.256s] Level 1:colcon.colcon_core.package_identification:_identify(src/px4_msgs) by extensions ['ignore', 'ignore_ament_install']
[0.256s] Level 1:colcon.colcon_core.package_identification:_identify(src/px4_msgs) by extension 'ignore'
[0.256s] Level 1:colcon.colcon_core.package_identification:_identify(src/px4_msgs) by extension 'ignore_ament_install'
[0.256s] Level 1:colcon.colcon_core.package_identification:_identify(src/px4_msgs) by extensions ['colcon_pkg']
[0.256s] Level 1:colcon.colcon_core.package_identification:_identify(src/px4_msgs) by extension 'colcon_pkg'
[0.257s] Level 1:colcon.colcon_core.package_identification:_identify(src/px4_msgs) by extensions ['colcon_meta']
[0.257s] Level 1:colcon.colcon_core.package_identification:_identify(src/px4_msgs) by extension 'colcon_meta'
[0.257s] Level 1:colcon.colcon_core.package_identification:_identify(src/px4_msgs) by extensions ['ros']
[0.257s] Level 1:colcon.colcon_core.package_identification:_identify(src/px4_msgs) by extension 'ros'
[0.261s] DEBUG:colcon.colcon_core.package_identification:Package 'src/px4_msgs' with type 'ros.ament_cmake' and name 'px4_msgs'
[0.261s] Level 1:colcon.colcon_core.package_identification:_identify(src/px4_offboard) by extensions ['ignore', 'ignore_ament_install']
[0.261s] Level 1:colcon.colcon_core.package_identification:_identify(src/px4_offboard) by extension 'ignore'
[0.261s] Level 1:colcon.colcon_core.package_identification:_identify(src/px4_offboard) by extension 'ignore_ament_install'
[0.261s] Level 1:colcon.colcon_core.package_identification:_identify(src/px4_offboard) by extensions ['colcon_pkg']
[0.261s] Level 1:colcon.colcon_core.package_identification:_identify(src/px4_offboard) by extension 'colcon_pkg'
[0.261s] Level 1:colcon.colcon_core.package_identification:_identify(src/px4_offboard) by extensions ['colcon_meta']
[0.261s] Level 1:colcon.colcon_core.package_identification:_identify(src/px4_offboard) by extension 'colcon_meta'
[0.261s] Level 1:colcon.colcon_core.package_identification:_identify(src/px4_offboard) by extensions ['ros']
[0.262s] Level 1:colcon.colcon_core.package_identification:_identify(src/px4_offboard) by extension 'ros'
[0.262s] DEBUG:colcon.colcon_core.package_identification:Package 'src/px4_offboard' with type 'ros.ament_python' and name 'px4_offboard'
[0.263s] Level 1:colcon.colcon_core.package_identification:_identify(src/px4_offboard_control) by extensions ['ignore', 'ignore_ament_install']
[0.263s] Level 1:colcon.colcon_core.package_identification:_identify(src/px4_offboard_control) by extension 'ignore'
[0.263s] Level 1:colcon.colcon_core.package_identification:_identify(src/px4_offboard_control) by extension 'ignore_ament_install'
[0.263s] Level 1:colcon.colcon_core.package_identification:_identify(src/px4_offboard_control) by extensions ['colcon_pkg']
[0.263s] Level 1:colcon.colcon_core.package_identification:_identify(src/px4_offboard_control) by extension 'colcon_pkg'
[0.263s] Level 1:colcon.colcon_core.package_identification:_identify(src/px4_offboard_control) by extensions ['colcon_meta']
[0.263s] Level 1:colcon.colcon_core.package_identification:_identify(src/px4_offboard_control) by extension 'colcon_meta'
[0.263s] Level 1:colcon.colcon_core.package_identification:_identify(src/px4_offboard_control) by extensions ['ros']
[0.263s] Level 1:colcon.colcon_core.package_identification:_identify(src/px4_offboard_control) by extension 'ros'
[0.264s] DEBUG:colcon.colcon_core.package_identification:Package 'src/px4_offboard_control' with type 'ros.ament_cmake' and name 'px4_offboard_control'
[0.265s] Level 1:colcon.colcon_core.package_identification:_identify(src/px4_ros_com) by extensions ['ignore', 'ignore_ament_install']
[0.265s] Level 1:colcon.colcon_core.package_identification:_identify(src/px4_ros_com) by extension 'ignore'
[0.265s] Level 1:colcon.colcon_core.package_identification:_identify(src/px4_ros_com) by extension 'ignore_ament_install'
[0.265s] Level 1:colcon.colcon_core.package_identification:_identify(src/px4_ros_com) by extensions ['colcon_pkg']
[0.265s] Level 1:colcon.colcon_core.package_identification:_identify(src/px4_ros_com) by extension 'colcon_pkg'
[0.265s] Level 1:colcon.colcon_core.package_identification:_identify(src/px4_ros_com) by extensions ['colcon_meta']
[0.265s] Level 1:colcon.colcon_core.package_identification:_identify(src/px4_ros_com) by extension 'colcon_meta'
[0.265s] Level 1:colcon.colcon_core.package_identification:_identify(src/px4_ros_com) by extensions ['ros']
[0.265s] Level 1:colcon.colcon_core.package_identification:_identify(src/px4_ros_com) by extension 'ros'
[0.266s] DEBUG:colcon.colcon_core.package_identification:Package 'src/px4_ros_com' with type 'ros.ament_cmake' and name 'px4_ros_com'
[0.267s] Level 1:colcon.colcon_core.package_identification:_identify(src/yolo_detector) by extensions ['ignore', 'ignore_ament_install']
[0.267s] Level 1:colcon.colcon_core.package_identification:_identify(src/yolo_detector) by extension 'ignore'
[0.267s] Level 1:colcon.colcon_core.package_identification:_identify(src/yolo_detector) by extension 'ignore_ament_install'
[0.267s] Level 1:colcon.colcon_core.package_identification:_identify(src/yolo_detector) by extensions ['colcon_pkg']
[0.267s] Level 1:colcon.colcon_core.package_identification:_identify(src/yolo_detector) by extension 'colcon_pkg'
[0.267s] Level 1:colcon.colcon_core.package_identification:_identify(src/yolo_detector) by extensions ['colcon_meta']
[0.267s] Level 1:colcon.colcon_core.package_identification:_identify(src/yolo_detector) by extension 'colcon_meta'
[0.267s] Level 1:colcon.colcon_core.package_identification:_identify(src/yolo_detector) by extensions ['ros']
[0.267s] Level 1:colcon.colcon_core.package_identification:_identify(src/yolo_detector) by extension 'ros'
[0.268s] DEBUG:colcon.colcon_core.package_identification:Package 'src/yolo_detector' with type 'ros.ament_python' and name 'yolo_detector'
[0.268s] Level 1:colcon.colcon_core.package_identification:_identify(src/yolo_listener) by extensions ['ignore', 'ignore_ament_install']
[0.268s] Level 1:colcon.colcon_core.package_identification:_identify(src/yolo_listener) by extension 'ignore'
[0.268s] Level 1:colcon.colcon_core.package_identification:_identify(src/yolo_listener) by extension 'ignore_ament_install'
[0.268s] Level 1:colcon.colcon_core.package_identification:_identify(src/yolo_listener) by extensions ['colcon_pkg']
[0.268s] Level 1:colcon.colcon_core.package_identification:_identify(src/yolo_listener) by extension 'colcon_pkg'
[0.268s] Level 1:colcon.colcon_core.package_identification:_identify(src/yolo_listener) by extensions ['colcon_meta']
[0.268s] Level 1:colcon.colcon_core.package_identification:_identify(src/yolo_listener) by extension 'colcon_meta'
[0.268s] Level 1:colcon.colcon_core.package_identification:_identify(src/yolo_listener) by extensions ['ros']
[0.268s] Level 1:colcon.colcon_core.package_identification:_identify(src/yolo_listener) by extension 'ros'
[0.269s] DEBUG:colcon.colcon_core.package_identification:Package 'src/yolo_listener' with type 'ros.ament_python' and name 'yolo_listener'
[0.269s] Level 1:colcon.colcon_core.package_discovery:discover_packages(recursive) using defaults
[0.269s] Level 1:colcon.colcon_core.package_discovery:discover_packages(ignore) discover
[0.269s] Level 1:colcon.colcon_core.package_discovery:discover_packages(ignore) using defaults
[0.269s] Level 1:colcon.colcon_core.package_discovery:discover_packages(path) discover
[0.269s] Level 1:colcon.colcon_core.package_discovery:discover_packages(path) using defaults
[0.298s] Level 1:colcon.colcon_core.package_discovery:discover_packages(prefix_path) check parameters
[0.298s] Level 1:colcon.colcon_core.package_discovery:discover_packages(prefix_path) discover
[0.302s] DEBUG:colcon.colcon_installed_package_information.package_discovery:Found 306 installed packages in /opt/ros/humble
[0.304s] Level 1:colcon.colcon_core.package_discovery:discover_packages(prefix_path) using defaults
[0.349s] Level 5:colcon.colcon_core.verb:set package 'px4_msgs' build argument 'cmake_args' from command line to 'None'
[0.349s] Level 5:colcon.colcon_core.verb:set package 'px4_msgs' build argument 'cmake_target' from command line to 'None'
[0.349s] Level 5:colcon.colcon_core.verb:set package 'px4_msgs' build argument 'cmake_target_skip_unavailable' from command line to 'False'
[0.349s] Level 5:colcon.colcon_core.verb:set package 'px4_msgs' build argument 'cmake_clean_cache' from command line to 'False'
[0.349s] Level 5:colcon.colcon_core.verb:set package 'px4_msgs' build argument 'cmake_clean_first' from command line to 'False'
[0.349s] Level 5:colcon.colcon_core.verb:set package 'px4_msgs' build argument 'cmake_force_configure' from command line to 'False'
[0.349s] Level 5:colcon.colcon_core.verb:set package 'px4_msgs' build argument 'ament_cmake_args' from command line to 'None'
[0.349s] Level 5:colcon.colcon_core.verb:set package 'px4_msgs' build argument 'catkin_cmake_args' from command line to 'None'
[0.349s] Level 5:colcon.colcon_core.verb:set package 'px4_msgs' build argument 'catkin_skip_building_tests' from command line to 'False'
[0.349s] DEBUG:colcon.colcon_core.verb:Building package 'px4_msgs' with the following arguments: {'ament_cmake_args': None, 'build_base': '/home/faruk/ws_sensor_combined/build/px4_msgs', 'catkin_cmake_args': None, 'catkin_skip_building_tests': False, 'cmake_args': None, 'cmake_clean_cache': False, 'cmake_clean_first': False, 'cmake_force_configure': False, 'cmake_target': None, 'cmake_target_skip_unavailable': False, 'install_base': '/home/faruk/ws_sensor_combined/install/px4_msgs', 'merge_install': False, 'path': '/home/faruk/ws_sensor_combined/src/px4_msgs', 'symlink_install': False, 'test_result_base': None}
[0.349s] Level 5:colcon.colcon_core.verb:set package 'yolo_detector' build argument 'cmake_args' from command line to 'None'
[0.350s] Level 5:colcon.colcon_core.verb:set package 'yolo_detector' build argument 'cmake_target' from command line to 'None'
[0.350s] Level 5:colcon.colcon_core.verb:set package 'yolo_detector' build argument 'cmake_target_skip_unavailable' from command line to 'False'
[0.350s] Level 5:colcon.colcon_core.verb:set package 'yolo_detector' build argument 'cmake_clean_cache' from command line to 'False'
[0.350s] Level 5:colcon.colcon_core.verb:set package 'yolo_detector' build argument 'cmake_clean_first' from command line to 'False'
[0.350s] Level 5:colcon.colcon_core.verb:set package 'yolo_detector' build argument 'cmake_force_configure' from command line to 'False'
[0.350s] Level 5:colcon.colcon_core.verb:set package 'yolo_detector' build argument 'ament_cmake_args' from command line to 'None'
[0.350s] Level 5:colcon.colcon_core.verb:set package 'yolo_detector' build argument 'catkin_cmake_args' from command line to 'None'
[0.350s] Level 5:colcon.colcon_core.verb:set package 'yolo_detector' build argument 'catkin_skip_building_tests' from command line to 'False'
[0.350s] DEBUG:colcon.colcon_core.verb:Building package 'yolo_detector' with the following arguments: {'ament_cmake_args': None, 'build_base': '/home/faruk/ws_sensor_combined/build/yolo_detector', 'catkin_cmake_args': None, 'catkin_skip_building_tests': False, 'cmake_args': None, 'cmake_clean_cache': False, 'cmake_clean_first': False, 'cmake_force_configure': False, 'cmake_target': None, 'cmake_target_skip_unavailable': False, 'install_base': '/home/faruk/ws_sensor_combined/install/yolo_detector', 'merge_install': False, 'path': '/home/faruk/ws_sensor_combined/src/yolo_detector', 'symlink_install': False, 'test_result_base': None}
[0.350s] Level 5:colcon.colcon_core.verb:set package 'yolo_listener' build argument 'cmake_args' from command line to 'None'
[0.350s] Level 5:colcon.colcon_core.verb:set package 'yolo_listener' build argument 'cmake_target' from command line to 'None'
[0.350s] Level 5:colcon.colcon_core.verb:set package 'yolo_listener' build argument 'cmake_target_skip_unavailable' from command line to 'False'
[0.350s] Level 5:colcon.colcon_core.verb:set package 'yolo_listener' build argument 'cmake_clean_cache' from command line to 'False'
[0.350s] Level 5:colcon.colcon_core.verb:set package 'yolo_listener' build argument 'cmake_clean_first' from command line to 'False'
[0.350s] Level 5:colcon.colcon_core.verb:set package 'yolo_listener' build argument 'cmake_force_configure' from command line to 'False'
[0.350s] Level 5:colcon.colcon_core.verb:set package 'yolo_listener' build argument 'ament_cmake_args' from command line to 'None'
[0.350s] Level 5:colcon.colcon_core.verb:set package 'yolo_listener' build argument 'catkin_cmake_args' from command line to 'None'
[0.351s] Level 5:colcon.colcon_core.verb:set package 'yolo_listener' build argument 'catkin_skip_building_tests' from command line to 'False'
[0.351s] DEBUG:colcon.colcon_core.verb:Building package 'yolo_listener' with the following arguments: {'ament_cmake_args': None, 'build_base': '/home/faruk/ws_sensor_combined/build/yolo_listener', 'catkin_cmake_args': None, 'catkin_skip_building_tests': False, 'cmake_args': None, 'cmake_clean_cache': False, 'cmake_clean_first': False, 'cmake_force_configure': False, 'cmake_target': None, 'cmake_target_skip_unavailable': False, 'install_base': '/home/faruk/ws_sensor_combined/install/yolo_listener', 'merge_install': False, 'path': '/home/faruk/ws_sensor_combined/src/yolo_listener', 'symlink_install': False, 'test_result_base': None}
[0.351s] Level 5:colcon.colcon_core.verb:set package 'px4_offboard' build argument 'cmake_args' from command line to 'None'
[0.351s] Level 5:colcon.colcon_core.verb:set package 'px4_offboard' build argument 'cmake_target' from command line to 'None'
[0.351s] Level 5:colcon.colcon_core.verb:set package 'px4_offboard' build argument 'cmake_target_skip_unavailable' from command line to 'False'
[0.351s] Level 5:colcon.colcon_core.verb:set package 'px4_offboard' build argument 'cmake_clean_cache' from command line to 'False'
[0.351s] Level 5:colcon.colcon_core.verb:set package 'px4_offboard' build argument 'cmake_clean_first' from command line to 'False'
[0.351s] Level 5:colcon.colcon_core.verb:set package 'px4_offboard' build argument 'cmake_force_configure' from command line to 'False'
[0.351s] Level 5:colcon.colcon_core.verb:set package 'px4_offboard' build argument 'ament_cmake_args' from command line to 'None'
[0.351s] Level 5:colcon.colcon_core.verb:set package 'px4_offboard' build argument 'catkin_cmake_args' from command line to 'None'
[0.351s] Level 5:colcon.colcon_core.verb:set package 'px4_offboard' build argument 'catkin_skip_building_tests' from command line to 'False'
[0.351s] DEBUG:colcon.colcon_core.verb:Building package 'px4_offboard' with the following arguments: {'ament_cmake_args': None, 'build_base': '/home/faruk/ws_sensor_combined/build/px4_offboard', 'catkin_cmake_args': None, 'catkin_skip_building_tests': False, 'cmake_args': None, 'cmake_clean_cache': False, 'cmake_clean_first': False, 'cmake_force_configure': False, 'cmake_target': None, 'cmake_target_skip_unavailable': False, 'install_base': '/home/faruk/ws_sensor_combined/install/px4_offboard', 'merge_install': False, 'path': '/home/faruk/ws_sensor_combined/src/px4_offboard', 'symlink_install': False, 'test_result_base': None}
[0.351s] Level 5:colcon.colcon_core.verb:set package 'px4_offboard_control' build argument 'cmake_args' from command line to 'None'
[0.351s] Level 5:colcon.colcon_core.verb:set package 'px4_offboard_control' build argument 'cmake_target' from command line to 'None'
[0.351s] Level 5:colcon.colcon_core.verb:set package 'px4_offboard_control' build argument 'cmake_target_skip_unavailable' from command line to 'False'
[0.351s] Level 5:colcon.colcon_core.verb:set package 'px4_offboard_control' build argument 'cmake_clean_cache' from command line to 'False'
[0.352s] Level 5:colcon.colcon_core.verb:set package 'px4_offboard_control' build argument 'cmake_clean_first' from command line to 'False'
[0.352s] Level 5:colcon.colcon_core.verb:set package 'px4_offboard_control' build argument 'cmake_force_configure' from command line to 'False'
[0.352s] Level 5:colcon.colcon_core.verb:set package 'px4_offboard_control' build argument 'ament_cmake_args' from command line to 'None'
[0.352s] Level 5:colcon.colcon_core.verb:set package 'px4_offboard_control' build argument 'catkin_cmake_args' from command line to 'None'
[0.352s] Level 5:colcon.colcon_core.verb:set package 'px4_offboard_control' build argument 'catkin_skip_building_tests' from command line to 'False'
[0.352s] DEBUG:colcon.colcon_core.verb:Building package 'px4_offboard_control' with the following arguments: {'ament_cmake_args': None, 'build_base': '/home/faruk/ws_sensor_combined/build/px4_offboard_control', 'catkin_cmake_args': None, 'catkin_skip_building_tests': False, 'cmake_args': None, 'cmake_clean_cache': False, 'cmake_clean_first': False, 'cmake_force_configure': False, 'cmake_target': None, 'cmake_target_skip_unavailable': False, 'install_base': '/home/faruk/ws_sensor_combined/install/px4_offboard_control', 'merge_install': False, 'path': '/home/faruk/ws_sensor_combined/src/px4_offboard_control', 'symlink_install': False, 'test_result_base': None}
[0.352s] Level 5:colcon.colcon_core.verb:set package 'px4_ros_com' build argument 'cmake_args' from command line to 'None'
[0.352s] Level 5:colcon.colcon_core.verb:set package 'px4_ros_com' build argument 'cmake_target' from command line to 'None'
[0.352s] Level 5:colcon.colcon_core.verb:set package 'px4_ros_com' build argument 'cmake_target_skip_unavailable' from command line to 'False'
[0.352s] Level 5:colcon.colcon_core.verb:set package 'px4_ros_com' build argument 'cmake_clean_cache' from command line to 'False'
[0.352s] Level 5:colcon.colcon_core.verb:set package 'px4_ros_com' build argument 'cmake_clean_first' from command line to 'False'
[0.352s] Level 5:colcon.colcon_core.verb:set package 'px4_ros_com' build argument 'cmake_force_configure' from command line to 'False'
[0.352s] Level 5:colcon.colcon_core.verb:set package 'px4_ros_com' build argument 'ament_cmake_args' from command line to 'None'
[0.352s] Level 5:colcon.colcon_core.verb:set package 'px4_ros_com' build argument 'catkin_cmake_args' from command line to 'None'
[0.352s] Level 5:colcon.colcon_core.verb:set package 'px4_ros_com' build argument 'catkin_skip_building_tests' from command line to 'False'
[0.352s] DEBUG:colcon.colcon_core.verb:Building package 'px4_ros_com' with the following arguments: {'ament_cmake_args': None, 'build_base': '/home/faruk/ws_sensor_combined/build/px4_ros_com', 'catkin_cmake_args': None, 'catkin_skip_building_tests': False, 'cmake_args': None, 'cmake_clean_cache': False, 'cmake_clean_first': False, 'cmake_force_configure': False, 'cmake_target': None, 'cmake_target_skip_unavailable': False, 'install_base': '/home/faruk/ws_sensor_combined/install/px4_ros_com', 'merge_install': False, 'path': '/home/faruk/ws_sensor_combined/src/px4_ros_com', 'symlink_install': False, 'test_result_base': None}
[0.353s] INFO:colcon.colcon_core.executor:Executing jobs using 'parallel' executor
[0.354s] DEBUG:colcon.colcon_parallel_executor.executor.parallel:run_until_complete
[0.354s] INFO:colcon.colcon_ros.task.ament_cmake.build:Building ROS package in '/home/faruk/ws_sensor_combined/src/px4_msgs' with build type 'ament_cmake'
[0.354s] INFO:colcon.colcon_cmake.task.cmake.build:Building CMake package in '/home/faruk/ws_sensor_combined/src/px4_msgs'
[0.358s] INFO:colcon.colcon_core.plugin_system:Skipping extension 'colcon_core.shell.bat': Not used on non-Windows systems
[0.358s] INFO:colcon.colcon_core.shell:Skip shell extension 'powershell' for command environment: Not usable outside of PowerShell
[0.359s] DEBUG:colcon.colcon_core.shell:Skip shell extension 'dsv' for command environment
[0.362s] INFO:colcon.colcon_ros.task.ament_python.build:Building ROS package in '/home/faruk/ws_sensor_combined/src/yolo_detector' with build type 'ament_python'
[0.362s] Level 1:colcon.colcon_core.shell:create_environment_hook('yolo_detector', 'ament_prefix_path')
[0.362s] INFO:colcon.colcon_core.shell:Creating environment hook '/home/faruk/ws_sensor_combined/install/yolo_detector/share/yolo_detector/hook/ament_prefix_path.ps1'
[0.363s] INFO:colcon.colcon_core.shell:Creating environment descriptor '/home/faruk/ws_sensor_combined/install/yolo_detector/share/yolo_detector/hook/ament_prefix_path.dsv'
[0.363s] INFO:colcon.colcon_core.shell:Creating environment hook '/home/faruk/ws_sensor_combined/install/yolo_detector/share/yolo_detector/hook/ament_prefix_path.sh'
[0.364s] INFO:colcon.colcon_core.shell:Skip shell extension 'powershell' for command environment: Not usable outside of PowerShell
[0.364s] DEBUG:colcon.colcon_core.shell:Skip shell extension 'dsv' for command environment
[0.367s] INFO:colcon.colcon_ros.task.ament_python.build:Building ROS package in '/home/faruk/ws_sensor_combined/src/yolo_listener' with build type 'ament_python'
[0.367s] Level 1:colcon.colcon_core.shell:create_environment_hook('yolo_listener', 'ament_prefix_path')
[0.367s] INFO:colcon.colcon_core.shell:Creating environment hook '/home/faruk/ws_sensor_combined/install/yolo_listener/share/yolo_listener/hook/ament_prefix_path.ps1'
[0.367s] INFO:colcon.colcon_core.shell:Creating environment descriptor '/home/faruk/ws_sensor_combined/install/yolo_listener/share/yolo_listener/hook/ament_prefix_path.dsv'
[0.368s] INFO:colcon.colcon_core.shell:Creating environment hook '/home/faruk/ws_sensor_combined/install/yolo_listener/share/yolo_listener/hook/ament_prefix_path.sh'
[0.368s] INFO:colcon.colcon_core.shell:Skip shell extension 'powershell' for command environment: Not usable outside of PowerShell
[0.368s] DEBUG:colcon.colcon_core.shell:Skip shell extension 'dsv' for command environment
[0.376s] DEBUG:colcon.colcon_core.event_handler.log_command:Invoking command in '/home/faruk/ws_sensor_combined/build/px4_msgs': CMAKE_PREFIX_PATH=/opt/ros/humble /usr/bin/cmake --build /home/faruk/ws_sensor_combined/build/px4_msgs -- -j12 -l12
[0.624s] INFO:colcon.colcon_core.task.python.build:Building Python package in '/home/faruk/ws_sensor_combined/src/yolo_detector'
[0.625s] INFO:colcon.colcon_core.shell:Skip shell extension 'powershell' for command environment: Not usable outside of PowerShell
[0.625s] DEBUG:colcon.colcon_core.shell:Skip shell extension 'dsv' for command environment
[0.870s] INFO:colcon.colcon_core.task.python.build:Building Python package in '/home/faruk/ws_sensor_combined/src/yolo_listener'
[0.870s] INFO:colcon.colcon_core.shell:Skip shell extension 'powershell' for command environment: Not usable outside of PowerShell
[0.871s] DEBUG:colcon.colcon_core.shell:Skip shell extension 'dsv' for command environment
[1.689s] DEBUG:colcon.colcon_core.event_handler.log_command:Invoking command in '/home/faruk/ws_sensor_combined/src/yolo_detector': PYTHONPATH=/home/faruk/ws_sensor_combined/build/yolo_detector/prefix_override:/usr/lib/python3/dist-packages/colcon_core/task/python/colcon_distutils_commands:/home/faruk/ws_sensor_combined/install/yolo_detector/lib/python3.10/site-packages:${PYTHONPATH} /usr/bin/python3 -W ignore:setup.py install is deprecated -W ignore:easy_install command is deprecated setup.py egg_info --egg-base ../../build/yolo_detector build --build-base /home/faruk/ws_sensor_combined/build/yolo_detector/build install --record /home/faruk/ws_sensor_combined/build/yolo_detector/install.log --single-version-externally-managed install_data
[1.694s] DEBUG:colcon.colcon_core.event_handler.log_command:Invoking command in '/home/faruk/ws_sensor_combined/src/yolo_listener': PYTHONPATH=/home/faruk/ws_sensor_combined/build/yolo_listener/prefix_override:/usr/lib/python3/dist-packages/colcon_core/task/python/colcon_distutils_commands:/home/faruk/ws_sensor_combined/install/yolo_listener/lib/python3.10/site-packages:${PYTHONPATH} /usr/bin/python3 -W ignore:setup.py install is deprecated -W ignore:easy_install command is deprecated setup.py egg_info --egg-base ../../build/yolo_listener build --build-base /home/faruk/ws_sensor_combined/build/yolo_listener/build install --record /home/faruk/ws_sensor_combined/build/yolo_listener/install.log --single-version-externally-managed install_data
[1.953s] DEBUG:colcon.colcon_core.event_handler.log_command:Invoked command in '/home/faruk/ws_sensor_combined/build/px4_msgs' returned '0': CMAKE_PREFIX_PATH=/opt/ros/humble /usr/bin/cmake --build /home/faruk/ws_sensor_combined/build/px4_msgs -- -j12 -l12
[1.964s] DEBUG:colcon.colcon_core.event_handler.log_command:Invoking command in '/home/faruk/ws_sensor_combined/build/px4_msgs': CMAKE_PREFIX_PATH=/opt/ros/humble /usr/bin/cmake --install /home/faruk/ws_sensor_combined/build/px4_msgs
[2.343s] Level 1:colcon.colcon_core.environment:checking '/home/faruk/ws_sensor_combined/install/yolo_listener' for CMake module files
[2.347s] Level 1:colcon.colcon_core.environment:checking '/home/faruk/ws_sensor_combined/install/yolo_listener' for CMake config files
[2.364s] Level 1:colcon.colcon_core.environment:checking '/home/faruk/ws_sensor_combined/install/yolo_listener/lib'
[2.366s] Level 1:colcon.colcon_core.environment:checking '/home/faruk/ws_sensor_combined/install/yolo_listener/bin'
[2.367s] Level 1:colcon.colcon_core.environment:checking '/home/faruk/ws_sensor_combined/install/yolo_listener/lib/pkgconfig/yolo_listener.pc'
[2.367s] Level 1:colcon.colcon_core.environment:checking '/home/faruk/ws_sensor_combined/install/yolo_listener/lib/python3.10/site-packages'
[2.367s] Level 1:colcon.colcon_core.shell:create_environment_hook('yolo_listener', 'pythonpath')
[2.368s] INFO:colcon.colcon_core.shell:Creating environment hook '/home/faruk/ws_sensor_combined/install/yolo_listener/share/yolo_listener/hook/pythonpath.ps1'
[2.370s] INFO:colcon.colcon_core.shell:Creating environment descriptor '/home/faruk/ws_sensor_combined/install/yolo_listener/share/yolo_listener/hook/pythonpath.dsv'
[2.372s] INFO:colcon.colcon_core.shell:Creating environment hook '/home/faruk/ws_sensor_combined/install/yolo_listener/share/yolo_listener/hook/pythonpath.sh'
[2.375s] Level 1:colcon.colcon_core.environment:checking '/home/faruk/ws_sensor_combined/install/yolo_listener/bin'
[2.375s] Level 1:colcon.colcon_core.environment:create_environment_scripts_only(yolo_listener)
[2.376s] INFO:colcon.colcon_core.shell:Creating package script '/home/faruk/ws_sensor_combined/install/yolo_listener/share/yolo_listener/package.ps1'
[2.379s] INFO:colcon.colcon_core.shell:Creating package descriptor '/home/faruk/ws_sensor_combined/install/yolo_listener/share/yolo_listener/package.dsv'
[2.381s] INFO:colcon.colcon_core.shell:Creating package script '/home/faruk/ws_sensor_combined/install/yolo_listener/share/yolo_listener/package.sh'
[2.383s] INFO:colcon.colcon_core.shell:Creating package script '/home/faruk/ws_sensor_combined/install/yolo_listener/share/yolo_listener/package.bash'
[2.385s] INFO:colcon.colcon_core.shell:Creating package script '/home/faruk/ws_sensor_combined/install/yolo_listener/share/yolo_listener/package.zsh'
[2.387s] Level 1:colcon.colcon_core.environment:create_file_with_runtime_dependencies(/home/faruk/ws_sensor_combined/install/yolo_listener/share/colcon-core/packages/yolo_listener)
[2.388s] Level 1:colcon.colcon_core.environment:checking '/home/faruk/ws_sensor_combined/install/yolo_detector' for CMake module files
[2.389s] Level 1:colcon.colcon_core.environment:checking '/home/faruk/ws_sensor_combined/install/yolo_detector' for CMake config files
[2.394s] Level 1:colcon.colcon_core.environment:checking '/home/faruk/ws_sensor_combined/install/yolo_detector/lib'
[2.394s] Level 1:colcon.colcon_core.environment:checking '/home/faruk/ws_sensor_combined/install/yolo_detector/bin'
[2.394s] Level 1:colcon.colcon_core.environment:checking '/home/faruk/ws_sensor_combined/install/yolo_detector/lib/pkgconfig/yolo_detector.pc'
[2.395s] Level 1:colcon.colcon_core.environment:checking '/home/faruk/ws_sensor_combined/install/yolo_detector/lib/python3.10/site-packages'
[2.395s] Level 1:colcon.colcon_core.shell:create_environment_hook('yolo_detector', 'pythonpath')
[2.395s] INFO:colcon.colcon_core.shell:Creating environment hook '/home/faruk/ws_sensor_combined/install/yolo_detector/share/yolo_detector/hook/pythonpath.ps1'
[2.396s] INFO:colcon.colcon_core.shell:Creating environment descriptor '/home/faruk/ws_sensor_combined/install/yolo_detector/share/yolo_detector/hook/pythonpath.dsv'
[2.398s] INFO:colcon.colcon_core.shell:Creating environment hook '/home/faruk/ws_sensor_combined/install/yolo_detector/share/yolo_detector/hook/pythonpath.sh'
[2.401s] Level 1:colcon.colcon_core.environment:checking '/home/faruk/ws_sensor_combined/install/yolo_detector/bin'
[2.401s] Level 1:colcon.colcon_core.environment:create_environment_scripts_only(yolo_detector)
[2.401s] INFO:colcon.colcon_core.shell:Creating package script '/home/faruk/ws_sensor_combined/install/yolo_detector/share/yolo_detector/package.ps1'
[2.403s] INFO:colcon.colcon_core.shell:Creating package descriptor '/home/faruk/ws_sensor_combined/install/yolo_detector/share/yolo_detector/package.dsv'
[2.405s] INFO:colcon.colcon_core.shell:Creating package script '/home/faruk/ws_sensor_combined/install/yolo_detector/share/yolo_detector/package.sh'
[2.409s] INFO:colcon.colcon_core.shell:Creating package script '/home/faruk/ws_sensor_combined/install/yolo_detector/share/yolo_detector/package.bash'
[2.411s] INFO:colcon.colcon_core.shell:Creating package script '/home/faruk/ws_sensor_combined/install/yolo_detector/share/yolo_detector/package.zsh'
[2.414s] Level 1:colcon.colcon_core.environment:create_file_with_runtime_dependencies(/home/faruk/ws_sensor_combined/install/yolo_detector/share/colcon-core/packages/yolo_detector)
[2.419s] DEBUG:colcon.colcon_core.event_handler.log_command:Invoked command in '/home/faruk/ws_sensor_combined/src/yolo_listener' returned '0': PYTHONPATH=/home/faruk/ws_sensor_combined/build/yolo_listener/prefix_override:/usr/lib/python3/dist-packages/colcon_core/task/python/colcon_distutils_commands:/home/faruk/ws_sensor_combined/install/yolo_listener/lib/python3.10/site-packages:${PYTHONPATH} /usr/bin/python3 -W ignore:setup.py install is deprecated -W ignore:easy_install command is deprecated setup.py egg_info --egg-base ../../build/yolo_listener build --build-base /home/faruk/ws_sensor_combined/build/yolo_listener/build install --record /home/faruk/ws_sensor_combined/build/yolo_listener/install.log --single-version-externally-managed install_data
[2.424s] Level 1:colcon.colcon_core.environment:create_environment_scripts_only(px4_msgs)
[2.425s] Level 1:colcon.colcon_core.environment:checking '/home/faruk/ws_sensor_combined/install/px4_msgs' for CMake module files
[2.429s] Level 1:colcon.colcon_core.environment:checking '/home/faruk/ws_sensor_combined/install/px4_msgs' for CMake config files
[2.429s] DEBUG:colcon.colcon_core.event_handler.log_command:Invoked command in '/home/faruk/ws_sensor_combined/src/yolo_detector' returned '0': PYTHONPATH=/home/faruk/ws_sensor_combined/build/yolo_detector/prefix_override:/usr/lib/python3/dist-packages/colcon_core/task/python/colcon_distutils_commands:/home/faruk/ws_sensor_combined/install/yolo_detector/lib/python3.10/site-packages:${PYTHONPATH} /usr/bin/python3 -W ignore:setup.py install is deprecated -W ignore:easy_install command is deprecated setup.py egg_info --egg-base ../../build/yolo_detector build --build-base /home/faruk/ws_sensor_combined/build/yolo_detector/build install --record /home/faruk/ws_sensor_combined/build/yolo_detector/install.log --single-version-externally-managed install_data
[2.434s] DEBUG:colcon.colcon_core.event_handler.log_command:Invoked command in '/home/faruk/ws_sensor_combined/build/px4_msgs' returned '0': CMAKE_PREFIX_PATH=/opt/ros/humble /usr/bin/cmake --install /home/faruk/ws_sensor_combined/build/px4_msgs
[2.438s] Level 1:colcon.colcon_core.shell:create_environment_hook('px4_msgs', 'cmake_prefix_path')
[2.438s] INFO:colcon.colcon_core.shell:Creating environment hook '/home/faruk/ws_sensor_combined/install/px4_msgs/share/px4_msgs/hook/cmake_prefix_path.ps1'
[2.439s] INFO:colcon.colcon_core.shell:Creating environment descriptor '/home/faruk/ws_sensor_combined/install/px4_msgs/share/px4_msgs/hook/cmake_prefix_path.dsv'
[2.439s] INFO:colcon.colcon_core.shell:Creating environment hook '/home/faruk/ws_sensor_combined/install/px4_msgs/share/px4_msgs/hook/cmake_prefix_path.sh'
[2.439s] Level 1:colcon.colcon_core.environment:checking '/home/faruk/ws_sensor_combined/install/px4_msgs/lib'
[2.439s] Level 1:colcon.colcon_core.shell:create_environment_hook('px4_msgs', 'ld_library_path_lib')
[2.440s] INFO:colcon.colcon_core.shell:Creating environment hook '/home/faruk/ws_sensor_combined/install/px4_msgs/share/px4_msgs/hook/ld_library_path_lib.ps1'
[2.440s] INFO:colcon.colcon_core.shell:Creating environment descriptor '/home/faruk/ws_sensor_combined/install/px4_msgs/share/px4_msgs/hook/ld_library_path_lib.dsv'
[2.441s] INFO:colcon.colcon_core.shell:Creating environment hook '/home/faruk/ws_sensor_combined/install/px4_msgs/share/px4_msgs/hook/ld_library_path_lib.sh'
[2.441s] Level 1:colcon.colcon_core.environment:checking '/home/faruk/ws_sensor_combined/install/px4_msgs/bin'
[2.441s] Level 1:colcon.colcon_core.environment:checking '/home/faruk/ws_sensor_combined/install/px4_msgs/lib/pkgconfig/px4_msgs.pc'
[2.441s] Level 1:colcon.colcon_core.environment:checking '/home/faruk/ws_sensor_combined/install/px4_msgs/lib/python3.10/site-packages'
[2.442s] Level 1:colcon.colcon_core.environment:checking '/home/faruk/ws_sensor_combined/install/px4_msgs/bin'
[2.442s] INFO:colcon.colcon_core.shell:Creating package script '/home/faruk/ws_sensor_combined/install/px4_msgs/share/px4_msgs/package.ps1'
[2.443s] INFO:colcon.colcon_core.shell:Creating package descriptor '/home/faruk/ws_sensor_combined/install/px4_msgs/share/px4_msgs/package.dsv'
[2.443s] INFO:colcon.colcon_core.shell:Creating package script '/home/faruk/ws_sensor_combined/install/px4_msgs/share/px4_msgs/package.sh'
[2.444s] INFO:colcon.colcon_core.shell:Creating package script '/home/faruk/ws_sensor_combined/install/px4_msgs/share/px4_msgs/package.bash'
[2.444s] INFO:colcon.colcon_core.shell:Creating package script '/home/faruk/ws_sensor_combined/install/px4_msgs/share/px4_msgs/package.zsh'
[2.444s] Level 1:colcon.colcon_core.environment:create_file_with_runtime_dependencies(/home/faruk/ws_sensor_combined/install/px4_msgs/share/colcon-core/packages/px4_msgs)
[2.445s] Level 1:colcon.colcon_core.environment:create_environment_scripts_only(px4_msgs)
[2.445s] Level 1:colcon.colcon_core.environment:checking '/home/faruk/ws_sensor_combined/install/px4_msgs' for CMake module files
[2.446s] Level 1:colcon.colcon_core.environment:checking '/home/faruk/ws_sensor_combined/install/px4_msgs' for CMake config files
[2.451s] Level 1:colcon.colcon_core.shell:create_environment_hook('px4_msgs', 'cmake_prefix_path')
[2.451s] INFO:colcon.colcon_core.shell:Creating environment hook '/home/faruk/ws_sensor_combined/install/px4_msgs/share/px4_msgs/hook/cmake_prefix_path.ps1'
[2.452s] INFO:colcon.colcon_core.shell:Creating environment descriptor '/home/faruk/ws_sensor_combined/install/px4_msgs/share/px4_msgs/hook/cmake_prefix_path.dsv'
[2.452s] INFO:colcon.colcon_core.shell:Creating environment hook '/home/faruk/ws_sensor_combined/install/px4_msgs/share/px4_msgs/hook/cmake_prefix_path.sh'
[2.452s] Level 1:colcon.colcon_core.environment:checking '/home/faruk/ws_sensor_combined/install/px4_msgs/lib'
[2.452s] Level 1:colcon.colcon_core.shell:create_environment_hook('px4_msgs', 'ld_library_path_lib')
[2.453s] INFO:colcon.colcon_core.shell:Creating environment hook '/home/faruk/ws_sensor_combined/install/px4_msgs/share/px4_msgs/hook/ld_library_path_lib.ps1'
[2.453s] INFO:colcon.colcon_core.shell:Creating environment descriptor '/home/faruk/ws_sensor_combined/install/px4_msgs/share/px4_msgs/hook/ld_library_path_lib.dsv'
[2.453s] INFO:colcon.colcon_core.shell:Creating environment hook '/home/faruk/ws_sensor_combined/install/px4_msgs/share/px4_msgs/hook/ld_library_path_lib.sh'
[2.454s] Level 1:colcon.colcon_core.environment:checking '/home/faruk/ws_sensor_combined/install/px4_msgs/bin'
[2.454s] Level 1:colcon.colcon_core.environment:checking '/home/faruk/ws_sensor_combined/install/px4_msgs/lib/pkgconfig/px4_msgs.pc'
[2.454s] Level 1:colcon.colcon_core.environment:checking '/home/faruk/ws_sensor_combined/install/px4_msgs/lib/python3.10/site-packages'
[2.454s] Level 1:colcon.colcon_core.environment:checking '/home/faruk/ws_sensor_combined/install/px4_msgs/bin'
[2.454s] INFO:colcon.colcon_core.shell:Creating package script '/home/faruk/ws_sensor_combined/install/px4_msgs/share/px4_msgs/package.ps1'
[2.455s] INFO:colcon.colcon_core.shell:Creating package descriptor '/home/faruk/ws_sensor_combined/install/px4_msgs/share/px4_msgs/package.dsv'
[2.455s] INFO:colcon.colcon_core.shell:Creating package script '/home/faruk/ws_sensor_combined/install/px4_msgs/share/px4_msgs/package.sh'
[2.456s] INFO:colcon.colcon_core.shell:Creating package script '/home/faruk/ws_sensor_combined/install/px4_msgs/share/px4_msgs/package.bash'
[2.456s] INFO:colcon.colcon_core.shell:Creating package script '/home/faruk/ws_sensor_combined/install/px4_msgs/share/px4_msgs/package.zsh'
[2.457s] Level 1:colcon.colcon_core.environment:create_file_with_runtime_dependencies(/home/faruk/ws_sensor_combined/install/px4_msgs/share/colcon-core/packages/px4_msgs)
[2.457s] INFO:colcon.colcon_ros.task.ament_python.build:Building ROS package in '/home/faruk/ws_sensor_combined/src/px4_offboard' with build type 'ament_python'
[2.458s] Level 1:colcon.colcon_core.shell:create_environment_hook('px4_offboard', 'ament_prefix_path')
[2.458s] INFO:colcon.colcon_core.shell:Creating environment hook '/home/faruk/ws_sensor_combined/install/px4_offboard/share/px4_offboard/hook/ament_prefix_path.ps1'
[2.459s] INFO:colcon.colcon_core.shell:Creating environment descriptor '/home/faruk/ws_sensor_combined/install/px4_offboard/share/px4_offboard/hook/ament_prefix_path.dsv'
[2.460s] INFO:colcon.colcon_core.shell:Creating environment hook '/home/faruk/ws_sensor_combined/install/px4_offboard/share/px4_offboard/hook/ament_prefix_path.sh'
[2.460s] INFO:colcon.colcon_core.shell:Skip shell extension 'powershell' for command environment: Not usable outside of PowerShell
[2.460s] DEBUG:colcon.colcon_core.shell:Skip shell extension 'dsv' for command environment
[2.463s] INFO:colcon.colcon_ros.task.ament_cmake.build:Building ROS package in '/home/faruk/ws_sensor_combined/src/px4_offboard_control' with build type 'ament_cmake'
[2.463s] INFO:colcon.colcon_cmake.task.cmake.build:Building CMake package in '/home/faruk/ws_sensor_combined/src/px4_offboard_control'
[2.464s] INFO:colcon.colcon_core.shell:Skip shell extension 'powershell' for command environment: Not usable outside of PowerShell
[2.464s] DEBUG:colcon.colcon_core.shell:Skip shell extension 'dsv' for command environment
[2.467s] INFO:colcon.colcon_ros.task.ament_cmake.build:Building ROS package in '/home/faruk/ws_sensor_combined/src/px4_ros_com' with build type 'ament_cmake'
[2.467s] INFO:colcon.colcon_cmake.task.cmake.build:Building CMake package in '/home/faruk/ws_sensor_combined/src/px4_ros_com'
[2.468s] INFO:colcon.colcon_core.shell:Skip shell extension 'powershell' for command environment: Not usable outside of PowerShell
[2.468s] DEBUG:colcon.colcon_core.shell:Skip shell extension 'dsv' for command environment
[2.683s] INFO:colcon.colcon_core.task.python.build:Building Python package in '/home/faruk/ws_sensor_combined/src/px4_offboard'
[2.683s] INFO:colcon.colcon_core.shell:Skip shell extension 'powershell' for command environment: Not usable outside of PowerShell
[2.683s] DEBUG:colcon.colcon_core.shell:Skip shell extension 'dsv' for command environment
[2.689s] DEBUG:colcon.colcon_core.event_handler.log_command:Invoking command in '/home/faruk/ws_sensor_combined/build/px4_offboard_control': AMENT_PREFIX_PATH=/home/faruk/ws_sensor_combined/install/px4_msgs:${AMENT_PREFIX_PATH} CMAKE_PREFIX_PATH=/home/faruk/ws_sensor_combined/install/px4_msgs:/opt/ros/humble LD_LIBRARY_PATH=/home/faruk/ws_sensor_combined/install/px4_msgs/lib:${LD_LIBRARY_PATH} PYTHONPATH=/home/faruk/ws_sensor_combined/install/px4_msgs/local/lib/python3.10/dist-packages:${PYTHONPATH} /usr/bin/cmake --build /home/faruk/ws_sensor_combined/build/px4_offboard_control -- -j12 -l12
[2.693s] DEBUG:colcon.colcon_core.event_handler.log_command:Invoking command in '/home/faruk/ws_sensor_combined/build/px4_ros_com': AMENT_PREFIX_PATH=/home/faruk/ws_sensor_combined/install/px4_msgs:${AMENT_PREFIX_PATH} CMAKE_PREFIX_PATH=/home/faruk/ws_sensor_combined/install/px4_msgs:/opt/ros/humble LD_LIBRARY_PATH=/home/faruk/ws_sensor_combined/install/px4_msgs/lib:${LD_LIBRARY_PATH} PYTHONPATH=/home/faruk/ws_sensor_combined/install/px4_msgs/local/lib/python3.10/dist-packages:${PYTHONPATH} /usr/bin/cmake --build /home/faruk/ws_sensor_combined/build/px4_ros_com -- -j12 -l12
[3.166s] DEBUG:colcon.colcon_core.event_handler.log_command:Invoked command in '/home/faruk/ws_sensor_combined/build/px4_offboard_control' returned '0': AMENT_PREFIX_PATH=/home/faruk/ws_sensor_combined/install/px4_msgs:${AMENT_PREFIX_PATH} CMAKE_PREFIX_PATH=/home/faruk/ws_sensor_combined/install/px4_msgs:/opt/ros/humble LD_LIBRARY_PATH=/home/faruk/ws_sensor_combined/install/px4_msgs/lib:${LD_LIBRARY_PATH} PYTHONPATH=/home/faruk/ws_sensor_combined/install/px4_msgs/local/lib/python3.10/dist-packages:${PYTHONPATH} /usr/bin/cmake --build /home/faruk/ws_sensor_combined/build/px4_offboard_control -- -j12 -l12
[3.167s] DEBUG:colcon.colcon_core.event_handler.log_command:Invoking command in '/home/faruk/ws_sensor_combined/build/px4_offboard_control': AMENT_PREFIX_PATH=/home/faruk/ws_sensor_combined/install/px4_msgs:${AMENT_PREFIX_PATH} CMAKE_PREFIX_PATH=/home/faruk/ws_sensor_combined/install/px4_msgs:/opt/ros/humble LD_LIBRARY_PATH=/home/faruk/ws_sensor_combined/install/px4_msgs/lib:${LD_LIBRARY_PATH} PYTHONPATH=/home/faruk/ws_sensor_combined/install/px4_msgs/local/lib/python3.10/dist-packages:${PYTHONPATH} /usr/bin/cmake --install /home/faruk/ws_sensor_combined/build/px4_offboard_control
[3.175s] DEBUG:colcon.colcon_core.event_handler.log_command:Invoked command in '/home/faruk/ws_sensor_combined/build/px4_ros_com' returned '0': AMENT_PREFIX_PATH=/home/faruk/ws_sensor_combined/install/px4_msgs:${AMENT_PREFIX_PATH} CMAKE_PREFIX_PATH=/home/faruk/ws_sensor_combined/install/px4_msgs:/opt/ros/humble LD_LIBRARY_PATH=/home/faruk/ws_sensor_combined/install/px4_msgs/lib:${LD_LIBRARY_PATH} PYTHONPATH=/home/faruk/ws_sensor_combined/install/px4_msgs/local/lib/python3.10/dist-packages:${PYTHONPATH} /usr/bin/cmake --build /home/faruk/ws_sensor_combined/build/px4_ros_com -- -j12 -l12
[3.178s] DEBUG:colcon.colcon_core.event_handler.log_command:Invoking command in '/home/faruk/ws_sensor_combined/build/px4_ros_com': AMENT_PREFIX_PATH=/home/faruk/ws_sensor_combined/install/px4_msgs:${AMENT_PREFIX_PATH} CMAKE_PREFIX_PATH=/home/faruk/ws_sensor_combined/install/px4_msgs:/opt/ros/humble LD_LIBRARY_PATH=/home/faruk/ws_sensor_combined/install/px4_msgs/lib:${LD_LIBRARY_PATH} PYTHONPATH=/home/faruk/ws_sensor_combined/install/px4_msgs/local/lib/python3.10/dist-packages:${PYTHONPATH} /usr/bin/cmake --install /home/faruk/ws_sensor_combined/build/px4_ros_com
[3.219s] Level 1:colcon.colcon_core.environment:create_environment_scripts_only(px4_offboard_control)
[3.220s] Level 1:colcon.colcon_core.environment:checking '/home/faruk/ws_sensor_combined/install/px4_offboard_control' for CMake module files
[3.220s] DEBUG:colcon.colcon_core.event_handler.log_command:Invoked command in '/home/faruk/ws_sensor_combined/build/px4_offboard_control' returned '0': AMENT_PREFIX_PATH=/home/faruk/ws_sensor_combined/install/px4_msgs:${AMENT_PREFIX_PATH} CMAKE_PREFIX_PATH=/home/faruk/ws_sensor_combined/install/px4_msgs:/opt/ros/humble LD_LIBRARY_PATH=/home/faruk/ws_sensor_combined/install/px4_msgs/lib:${LD_LIBRARY_PATH} PYTHONPATH=/home/faruk/ws_sensor_combined/install/px4_msgs/local/lib/python3.10/dist-packages:${PYTHONPATH} /usr/bin/cmake --install /home/faruk/ws_sensor_combined/build/px4_offboard_control
[3.221s] Level 1:colcon.colcon_core.environment:checking '/home/faruk/ws_sensor_combined/install/px4_offboard_control' for CMake config files
[3.221s] Level 1:colcon.colcon_core.shell:create_environment_hook('px4_offboard_control', 'cmake_prefix_path')
[3.221s] INFO:colcon.colcon_core.shell:Creating environment hook '/home/faruk/ws_sensor_combined/install/px4_offboard_control/share/px4_offboard_control/hook/cmake_prefix_path.ps1'
[3.222s] INFO:colcon.colcon_core.shell:Creating environment descriptor '/home/faruk/ws_sensor_combined/install/px4_offboard_control/share/px4_offboard_control/hook/cmake_prefix_path.dsv'
[3.222s] INFO:colcon.colcon_core.shell:Creating environment hook '/home/faruk/ws_sensor_combined/install/px4_offboard_control/share/px4_offboard_control/hook/cmake_prefix_path.sh'
[3.223s] Level 1:colcon.colcon_core.environment:checking '/home/faruk/ws_sensor_combined/install/px4_offboard_control/lib'
[3.223s] Level 1:colcon.colcon_core.shell:create_environment_hook('px4_offboard_control', 'ld_library_path_lib')
[3.223s] INFO:colcon.colcon_core.shell:Creating environment hook '/home/faruk/ws_sensor_combined/install/px4_offboard_control/share/px4_offboard_control/hook/ld_library_path_lib.ps1'
[3.223s] INFO:colcon.colcon_core.shell:Creating environment descriptor '/home/faruk/ws_sensor_combined/install/px4_offboard_control/share/px4_offboard_control/hook/ld_library_path_lib.dsv'
[3.223s] INFO:colcon.colcon_core.shell:Creating environment hook '/home/faruk/ws_sensor_combined/install/px4_offboard_control/share/px4_offboard_control/hook/ld_library_path_lib.sh'
[3.224s] Level 1:colcon.colcon_core.environment:checking '/home/faruk/ws_sensor_combined/install/px4_offboard_control/bin'
[3.224s] Level 1:colcon.colcon_core.environment:checking '/home/faruk/ws_sensor_combined/install/px4_offboard_control/lib/pkgconfig/px4_offboard_control.pc'
[3.224s] Level 1:colcon.colcon_core.environment:checking '/home/faruk/ws_sensor_combined/install/px4_offboard_control/lib/python3.10/site-packages'
[3.224s] Level 1:colcon.colcon_core.environment:checking '/home/faruk/ws_sensor_combined/install/px4_offboard_control/bin'
[3.225s] INFO:colcon.colcon_core.shell:Creating package script '/home/faruk/ws_sensor_combined/install/px4_offboard_control/share/px4_offboard_control/package.ps1'
[3.226s] INFO:colcon.colcon_core.shell:Creating package descriptor '/home/faruk/ws_sensor_combined/install/px4_offboard_control/share/px4_offboard_control/package.dsv'
[3.227s] INFO:colcon.colcon_core.shell:Creating package script '/home/faruk/ws_sensor_combined/install/px4_offboard_control/share/px4_offboard_control/package.sh'
[3.228s] INFO:colcon.colcon_core.shell:Creating package script '/home/faruk/ws_sensor_combined/install/px4_offboard_control/share/px4_offboard_control/package.bash'
[3.229s] INFO:colcon.colcon_core.shell:Creating package script '/home/faruk/ws_sensor_combined/install/px4_offboard_control/share/px4_offboard_control/package.zsh'
[3.230s] Level 1:colcon.colcon_core.environment:create_file_with_runtime_dependencies(/home/faruk/ws_sensor_combined/install/px4_offboard_control/share/colcon-core/packages/px4_offboard_control)
[3.230s] Level 1:colcon.colcon_core.environment:create_environment_scripts_only(px4_offboard_control)
[3.230s] Level 1:colcon.colcon_core.environment:checking '/home/faruk/ws_sensor_combined/install/px4_offboard_control' for CMake module files
[3.231s] Level 1:colcon.colcon_core.environment:checking '/home/faruk/ws_sensor_combined/install/px4_offboard_control' for CMake config files
[3.231s] Level 1:colcon.colcon_core.shell:create_environment_hook('px4_offboard_control', 'cmake_prefix_path')
[3.231s] INFO:colcon.colcon_core.shell:Creating environment hook '/home/faruk/ws_sensor_combined/install/px4_offboard_control/share/px4_offboard_control/hook/cmake_prefix_path.ps1'
[3.231s] INFO:colcon.colcon_core.shell:Creating environment descriptor '/home/faruk/ws_sensor_combined/install/px4_offboard_control/share/px4_offboard_control/hook/cmake_prefix_path.dsv'
[3.232s] INFO:colcon.colcon_core.shell:Creating environment hook '/home/faruk/ws_sensor_combined/install/px4_offboard_control/share/px4_offboard_control/hook/cmake_prefix_path.sh'
[3.232s] Level 1:colcon.colcon_core.environment:checking '/home/faruk/ws_sensor_combined/install/px4_offboard_control/lib'
[3.232s] Level 1:colcon.colcon_core.shell:create_environment_hook('px4_offboard_control', 'ld_library_path_lib')
[3.232s] INFO:colcon.colcon_core.shell:Creating environment hook '/home/faruk/ws_sensor_combined/install/px4_offboard_control/share/px4_offboard_control/hook/ld_library_path_lib.ps1'
[3.233s] INFO:colcon.colcon_core.shell:Creating environment descriptor '/home/faruk/ws_sensor_combined/install/px4_offboard_control/share/px4_offboard_control/hook/ld_library_path_lib.dsv'
[3.233s] INFO:colcon.colcon_core.shell:Creating environment hook '/home/faruk/ws_sensor_combined/install/px4_offboard_control/share/px4_offboard_control/hook/ld_library_path_lib.sh'
[3.234s] Level 1:colcon.colcon_core.environment:checking '/home/faruk/ws_sensor_combined/install/px4_offboard_control/bin'
[3.234s] Level 1:colcon.colcon_core.environment:checking '/home/faruk/ws_sensor_combined/install/px4_offboard_control/lib/pkgconfig/px4_offboard_control.pc'
[3.234s] Level 1:colcon.colcon_core.environment:checking '/home/faruk/ws_sensor_combined/install/px4_offboard_control/lib/python3.10/site-packages'
[3.234s] Level 1:colcon.colcon_core.environment:checking '/home/faruk/ws_sensor_combined/install/px4_offboard_control/bin'
[3.235s] INFO:colcon.colcon_core.shell:Creating package script '/home/faruk/ws_sensor_combined/install/px4_offboard_control/share/px4_offboard_control/package.ps1'
[3.235s] INFO:colcon.colcon_core.shell:Creating package descriptor '/home/faruk/ws_sensor_combined/install/px4_offboard_control/share/px4_offboard_control/package.dsv'
[3.236s] INFO:colcon.colcon_core.shell:Creating package script '/home/faruk/ws_sensor_combined/install/px4_offboard_control/share/px4_offboard_control/package.sh'
[3.236s] INFO:colcon.colcon_core.shell:Creating package script '/home/faruk/ws_sensor_combined/install/px4_offboard_control/share/px4_offboard_control/package.bash'
[3.237s] INFO:colcon.colcon_core.shell:Creating package script '/home/faruk/ws_sensor_combined/install/px4_offboard_control/share/px4_offboard_control/package.zsh'
[3.237s] Level 1:colcon.colcon_core.environment:create_file_with_runtime_dependencies(/home/faruk/ws_sensor_combined/install/px4_offboard_control/share/colcon-core/packages/px4_offboard_control)
[3.238s] Level 1:colcon.colcon_core.environment:create_environment_scripts_only(px4_ros_com)
[3.238s] Level 1:colcon.colcon_core.environment:checking '/home/faruk/ws_sensor_combined/install/px4_ros_com' for CMake module files
[3.239s] DEBUG:colcon.colcon_core.event_handler.log_command:Invoked command in '/home/faruk/ws_sensor_combined/build/px4_ros_com' returned '0': AMENT_PREFIX_PATH=/home/faruk/ws_sensor_combined/install/px4_msgs:${AMENT_PREFIX_PATH} CMAKE_PREFIX_PATH=/home/faruk/ws_sensor_combined/install/px4_msgs:/opt/ros/humble LD_LIBRARY_PATH=/home/faruk/ws_sensor_combined/install/px4_msgs/lib:${LD_LIBRARY_PATH} PYTHONPATH=/home/faruk/ws_sensor_combined/install/px4_msgs/local/lib/python3.10/dist-packages:${PYTHONPATH} /usr/bin/cmake --install /home/faruk/ws_sensor_combined/build/px4_ros_com
[3.240s] Level 1:colcon.colcon_core.environment:checking '/home/faruk/ws_sensor_combined/install/px4_ros_com' for CMake config files
[3.240s] Level 1:colcon.colcon_core.shell:create_environment_hook('px4_ros_com', 'cmake_prefix_path')
[3.241s] INFO:colcon.colcon_core.shell:Creating environment hook '/home/faruk/ws_sensor_combined/install/px4_ros_com/share/px4_ros_com/hook/cmake_prefix_path.ps1'
[3.241s] INFO:colcon.colcon_core.shell:Creating environment descriptor '/home/faruk/ws_sensor_combined/install/px4_ros_com/share/px4_ros_com/hook/cmake_prefix_path.dsv'
[3.241s] INFO:colcon.colcon_core.shell:Creating environment hook '/home/faruk/ws_sensor_combined/install/px4_ros_com/share/px4_ros_com/hook/cmake_prefix_path.sh'
[3.242s] Level 1:colcon.colcon_core.environment:checking '/home/faruk/ws_sensor_combined/install/px4_ros_com/lib'
[3.242s] Level 1:colcon.colcon_core.shell:create_environment_hook('px4_ros_com', 'ld_library_path_lib')
[3.242s] INFO:colcon.colcon_core.shell:Creating environment hook '/home/faruk/ws_sensor_combined/install/px4_ros_com/share/px4_ros_com/hook/ld_library_path_lib.ps1'
[3.243s] INFO:colcon.colcon_core.shell:Creating environment descriptor '/home/faruk/ws_sensor_combined/install/px4_ros_com/share/px4_ros_com/hook/ld_library_path_lib.dsv'
[3.243s] INFO:colcon.colcon_core.shell:Creating environment hook '/home/faruk/ws_sensor_combined/install/px4_ros_com/share/px4_ros_com/hook/ld_library_path_lib.sh'
[3.243s] Level 1:colcon.colcon_core.environment:checking '/home/faruk/ws_sensor_combined/install/px4_ros_com/bin'
[3.244s] Level 1:colcon.colcon_core.environment:checking '/home/faruk/ws_sensor_combined/install/px4_ros_com/lib/pkgconfig/px4_ros_com.pc'
[3.244s] Level 1:colcon.colcon_core.environment:checking '/home/faruk/ws_sensor_combined/install/px4_ros_com/lib/python3.10/site-packages'
[3.244s] Level 1:colcon.colcon_core.environment:checking '/home/faruk/ws_sensor_combined/install/px4_ros_com/bin'
[3.244s] INFO:colcon.colcon_core.shell:Creating package script '/home/faruk/ws_sensor_combined/install/px4_ros_com/share/px4_ros_com/package.ps1'
[3.245s] INFO:colcon.colcon_core.shell:Creating package descriptor '/home/faruk/ws_sensor_combined/install/px4_ros_com/share/px4_ros_com/package.dsv'
[3.245s] INFO:colcon.colcon_core.shell:Creating package script '/home/faruk/ws_sensor_combined/install/px4_ros_com/share/px4_ros_com/package.sh'
[3.246s] INFO:colcon.colcon_core.shell:Creating package script '/home/faruk/ws_sensor_combined/install/px4_ros_com/share/px4_ros_com/package.bash'
[3.246s] INFO:colcon.colcon_core.shell:Creating package script '/home/faruk/ws_sensor_combined/install/px4_ros_com/share/px4_ros_com/package.zsh'
[3.246s] Level 1:colcon.colcon_core.environment:create_file_with_runtime_dependencies(/home/faruk/ws_sensor_combined/install/px4_ros_com/share/colcon-core/packages/px4_ros_com)
[3.247s] Level 1:colcon.colcon_core.environment:create_environment_scripts_only(px4_ros_com)
[3.247s] Level 1:colcon.colcon_core.environment:checking '/home/faruk/ws_sensor_combined/install/px4_ros_com' for CMake module files
[3.247s] Level 1:colcon.colcon_core.environment:checking '/home/faruk/ws_sensor_combined/install/px4_ros_com' for CMake config files
[3.247s] Level 1:colcon.colcon_core.shell:create_environment_hook('px4_ros_com', 'cmake_prefix_path')
[3.248s] INFO:colcon.colcon_core.shell:Creating environment hook '/home/faruk/ws_sensor_combined/install/px4_ros_com/share/px4_ros_com/hook/cmake_prefix_path.ps1'
[3.248s] INFO:colcon.colcon_core.shell:Creating environment descriptor '/home/faruk/ws_sensor_combined/install/px4_ros_com/share/px4_ros_com/hook/cmake_prefix_path.dsv'
[3.248s] INFO:colcon.colcon_core.shell:Creating environment hook '/home/faruk/ws_sensor_combined/install/px4_ros_com/share/px4_ros_com/hook/cmake_prefix_path.sh'
[3.249s] Level 1:colcon.colcon_core.environment:checking '/home/faruk/ws_sensor_combined/install/px4_ros_com/lib'
[3.249s] Level 1:colcon.colcon_core.shell:create_environment_hook('px4_ros_com', 'ld_library_path_lib')
[3.249s] INFO:colcon.colcon_core.shell:Creating environment hook '/home/faruk/ws_sensor_combined/install/px4_ros_com/share/px4_ros_com/hook/ld_library_path_lib.ps1'
[3.250s] INFO:colcon.colcon_core.shell:Creating environment descriptor '/home/faruk/ws_sensor_combined/install/px4_ros_com/share/px4_ros_com/hook/ld_library_path_lib.dsv'
[3.250s] INFO:colcon.colcon_core.shell:Creating environment hook '/home/faruk/ws_sensor_combined/install/px4_ros_com/share/px4_ros_com/hook/ld_library_path_lib.sh'
[3.251s] Level 1:colcon.colcon_core.environment:checking '/home/faruk/ws_sensor_combined/install/px4_ros_com/bin'
[3.251s] Level 1:colcon.colcon_core.environment:checking '/home/faruk/ws_sensor_combined/install/px4_ros_com/lib/pkgconfig/px4_ros_com.pc'
[3.251s] Level 1:colcon.colcon_core.environment:checking '/home/faruk/ws_sensor_combined/install/px4_ros_com/lib/python3.10/site-packages'
[3.251s] Level 1:colcon.colcon_core.environment:checking '/home/faruk/ws_sensor_combined/install/px4_ros_com/bin'
[3.251s] INFO:colcon.colcon_core.shell:Creating package script '/home/faruk/ws_sensor_combined/install/px4_ros_com/share/px4_ros_com/package.ps1'
[3.252s] INFO:colcon.colcon_core.shell:Creating package descriptor '/home/faruk/ws_sensor_combined/install/px4_ros_com/share/px4_ros_com/package.dsv'
[3.252s] INFO:colcon.colcon_core.shell:Creating package script '/home/faruk/ws_sensor_combined/install/px4_ros_com/share/px4_ros_com/package.sh'
[3.253s] INFO:colcon.colcon_core.shell:Creating package script '/home/faruk/ws_sensor_combined/install/px4_ros_com/share/px4_ros_com/package.bash'
[3.253s] INFO:colcon.colcon_core.shell:Creating package script '/home/faruk/ws_sensor_combined/install/px4_ros_com/share/px4_ros_com/package.zsh'
[3.253s] Level 1:colcon.colcon_core.environment:create_file_with_runtime_dependencies(/home/faruk/ws_sensor_combined/install/px4_ros_com/share/colcon-core/packages/px4_ros_com)
[3.292s] DEBUG:colcon.colcon_core.event_handler.log_command:Invoking command in '/home/faruk/ws_sensor_combined/src/px4_offboard': AMENT_PREFIX_PATH=/home/faruk/ws_sensor_combined/install/px4_msgs:${AMENT_PREFIX_PATH} CMAKE_PREFIX_PATH=/home/faruk/ws_sensor_combined/install/px4_msgs LD_LIBRARY_PATH=/home/faruk/ws_sensor_combined/install/px4_msgs/lib:${LD_LIBRARY_PATH} PYTHONPATH=/home/faruk/ws_sensor_combined/build/px4_offboard/prefix_override:/usr/lib/python3/dist-packages/colcon_core/task/python/colcon_distutils_commands:/home/faruk/ws_sensor_combined/install/px4_offboard/lib/python3.10/site-packages:/home/faruk/ws_sensor_combined/install/px4_msgs/local/lib/python3.10/dist-packages:${PYTHONPATH} /usr/bin/python3 -W ignore:setup.py install is deprecated -W ignore:easy_install command is deprecated setup.py egg_info --egg-base ../../build/px4_offboard build --build-base /home/faruk/ws_sensor_combined/build/px4_offboard/build install --record /home/faruk/ws_sensor_combined/build/px4_offboard/install.log --single-version-externally-managed install_data
[3.853s] Level 1:colcon.colcon_core.environment:checking '/home/faruk/ws_sensor_combined/install/px4_offboard' for CMake module files
[3.854s] DEBUG:colcon.colcon_core.event_handler.log_command:Invoked command in '/home/faruk/ws_sensor_combined/src/px4_offboard' returned '0': AMENT_PREFIX_PATH=/home/faruk/ws_sensor_combined/install/px4_msgs:${AMENT_PREFIX_PATH} CMAKE_PREFIX_PATH=/home/faruk/ws_sensor_combined/install/px4_msgs LD_LIBRARY_PATH=/home/faruk/ws_sensor_combined/install/px4_msgs/lib:${LD_LIBRARY_PATH} PYTHONPATH=/home/faruk/ws_sensor_combined/build/px4_offboard/prefix_override:/usr/lib/python3/dist-packages/colcon_core/task/python/colcon_distutils_commands:/home/faruk/ws_sensor_combined/install/px4_offboard/lib/python3.10/site-packages:/home/faruk/ws_sensor_combined/install/px4_msgs/local/lib/python3.10/dist-packages:${PYTHONPATH} /usr/bin/python3 -W ignore:setup.py install is deprecated -W ignore:easy_install command is deprecated setup.py egg_info --egg-base ../../build/px4_offboard build --build-base /home/faruk/ws_sensor_combined/build/px4_offboard/build install --record /home/faruk/ws_sensor_combined/build/px4_offboard/install.log --single-version-externally-managed install_data
[3.854s] Level 1:colcon.colcon_core.environment:checking '/home/faruk/ws_sensor_combined/install/px4_offboard' for CMake config files
[3.856s] Level 1:colcon.colcon_core.environment:checking '/home/faruk/ws_sensor_combined/install/px4_offboard/lib'
[3.857s] Level 1:colcon.colcon_core.environment:checking '/home/faruk/ws_sensor_combined/install/px4_offboard/bin'
[3.857s] Level 1:colcon.colcon_core.environment:checking '/home/faruk/ws_sensor_combined/install/px4_offboard/lib/pkgconfig/px4_offboard.pc'
[3.857s] Level 1:colcon.colcon_core.environment:checking '/home/faruk/ws_sensor_combined/install/px4_offboard/lib/python3.10/site-packages'
[3.857s] Level 1:colcon.colcon_core.shell:create_environment_hook('px4_offboard', 'pythonpath')
[3.857s] INFO:colcon.colcon_core.shell:Creating environment hook '/home/faruk/ws_sensor_combined/install/px4_offboard/share/px4_offboard/hook/pythonpath.ps1'
[3.858s] INFO:colcon.colcon_core.shell:Creating environment descriptor '/home/faruk/ws_sensor_combined/install/px4_offboard/share/px4_offboard/hook/pythonpath.dsv'
[3.858s] INFO:colcon.colcon_core.shell:Creating environment hook '/home/faruk/ws_sensor_combined/install/px4_offboard/share/px4_offboard/hook/pythonpath.sh'
[3.858s] Level 1:colcon.colcon_core.environment:checking '/home/faruk/ws_sensor_combined/install/px4_offboard/bin'
[3.858s] Level 1:colcon.colcon_core.environment:create_environment_scripts_only(px4_offboard)
[3.859s] INFO:colcon.colcon_core.shell:Creating package script '/home/faruk/ws_sensor_combined/install/px4_offboard/share/px4_offboard/package.ps1'
[3.859s] INFO:colcon.colcon_core.shell:Creating package descriptor '/home/faruk/ws_sensor_combined/install/px4_offboard/share/px4_offboard/package.dsv'
[3.859s] INFO:colcon.colcon_core.shell:Creating package script '/home/faruk/ws_sensor_combined/install/px4_offboard/share/px4_offboard/package.sh'
[3.860s] INFO:colcon.colcon_core.shell:Creating package script '/home/faruk/ws_sensor_combined/install/px4_offboard/share/px4_offboard/package.bash'
[3.860s] INFO:colcon.colcon_core.shell:Creating package script '/home/faruk/ws_sensor_combined/install/px4_offboard/share/px4_offboard/package.zsh'
[3.860s] Level 1:colcon.colcon_core.environment:create_file_with_runtime_dependencies(/home/faruk/ws_sensor_combined/install/px4_offboard/share/colcon-core/packages/px4_offboard)
[3.861s] DEBUG:colcon.colcon_parallel_executor.executor.parallel:closing loop
[3.861s] DEBUG:colcon.colcon_parallel_executor.executor.parallel:loop closed
[3.861s] DEBUG:colcon.colcon_parallel_executor.executor.parallel:run_until_complete finished with '0'
[3.861s] DEBUG:colcon.colcon_core.event_reactor:joining thread
[3.866s] INFO:colcon.colcon_core.plugin_system:Skipping extension 'colcon_notification.desktop_notification.terminal_notifier': Not used on non-Darwin systems
[3.866s] INFO:colcon.colcon_core.plugin_system:Skipping extension 'colcon_notification.desktop_notification.win32': Not used on non-Windows systems
[3.866s] INFO:colcon.colcon_notification.desktop_notification:Sending desktop notification using 'notify2'
[3.877s] DEBUG:colcon.colcon_core.event_reactor:joined thread
[3.877s] INFO:colcon.colcon_core.shell:Creating prefix script '/home/faruk/ws_sensor_combined/install/local_setup.ps1'
[3.878s] INFO:colcon.colcon_core.shell:Creating prefix util module '/home/faruk/ws_sensor_combined/install/_local_setup_util_ps1.py'
[3.880s] INFO:colcon.colcon_core.shell:Creating prefix chain script '/home/faruk/ws_sensor_combined/install/setup.ps1'
[3.881s] INFO:colcon.colcon_core.shell:Creating prefix script '/home/faruk/ws_sensor_combined/install/local_setup.sh'
[3.881s] INFO:colcon.colcon_core.shell:Creating prefix util module '/home/faruk/ws_sensor_combined/install/_local_setup_util_sh.py'
[3.882s] INFO:colcon.colcon_core.shell:Creating prefix chain script '/home/faruk/ws_sensor_combined/install/setup.sh'
[3.883s] INFO:colcon.colcon_core.shell:Creating prefix script '/home/faruk/ws_sensor_combined/install/local_setup.bash'
[3.883s] INFO:colcon.colcon_core.shell:Creating prefix chain script '/home/faruk/ws_sensor_combined/install/setup.bash'
[3.884s] INFO:colcon.colcon_core.shell:Creating prefix script '/home/faruk/ws_sensor_combined/install/local_setup.zsh'
[3.884s] INFO:colcon.colcon_core.shell:Creating prefix chain script '/home/faruk/ws_sensor_combined/install/setup.zsh'
