[1.531s] Invoking command in '/home/faruk/ws_sensor_combined/src/yolo_detector': PYTHONPATH=/home/faruk/ws_sensor_combined/build/yolo_detector/prefix_override:/usr/lib/python3/dist-packages/colcon_core/task/python/colcon_distutils_commands:/home/faruk/ws_sensor_combined/install/yolo_detector/lib/python3.10/site-packages:${PYTHONPATH} /usr/bin/python3 -W ignore:setup.py install is deprecated -W ignore:easy_install command is deprecated setup.py egg_info --egg-base ../../build/yolo_detector build --build-base /home/faruk/ws_sensor_combined/build/yolo_detector/build install --record /home/faruk/ws_sensor_combined/build/yolo_detector/install.log --single-version-externally-managed install_data
[1.767s] /home/faruk/.local/lib/python3.10/site-packages/setuptools/_distutils/dist.py:289: UserWarning: Unknown distribution option: 'tests_require'
[1.767s]   warnings.warn(msg)
[2.110s] running egg_info
[2.149s] creating ../../build/yolo_detector/yolo_detector.egg-info
[2.150s] writing ../../build/yolo_detector/yolo_detector.egg-info/PKG-INFO
[2.150s] writing dependency_links to ../../build/yolo_detector/yolo_detector.egg-info/dependency_links.txt
[2.150s] writing entry points to ../../build/yolo_detector/yolo_detector.egg-info/entry_points.txt
[2.150s] writing requirements to ../../build/yolo_detector/yolo_detector.egg-info/requires.txt
[2.150s] writing top-level names to ../../build/yolo_detector/yolo_detector.egg-info/top_level.txt
[2.150s] writing manifest file '../../build/yolo_detector/yolo_detector.egg-info/SOURCES.txt'
[2.316s] reading manifest file '../../build/yolo_detector/yolo_detector.egg-info/SOURCES.txt'
[2.322s] writing manifest file '../../build/yolo_detector/yolo_detector.egg-info/SOURCES.txt'
[2.324s] running build
[2.324s] running build_py
[2.325s] creating /home/faruk/ws_sensor_combined/build/yolo_detector/build/lib/yolo_detector
[2.326s] copying yolo_detector/__init__.py -> /home/faruk/ws_sensor_combined/build/yolo_detector/build/lib/yolo_detector
[2.326s] copying yolo_detector/yolo_node.py -> /home/faruk/ws_sensor_combined/build/yolo_detector/build/lib/yolo_detector
[2.329s] running install
[2.348s] running install_lib
[2.398s] creating /home/faruk/ws_sensor_combined/install/yolo_detector/lib/python3.10/site-packages/yolo_detector
[2.399s] copying /home/faruk/ws_sensor_combined/build/yolo_detector/build/lib/yolo_detector/__init__.py -> /home/faruk/ws_sensor_combined/install/yolo_detector/lib/python3.10/site-packages/yolo_detector
[2.399s] copying /home/faruk/ws_sensor_combined/build/yolo_detector/build/lib/yolo_detector/yolo_node.py -> /home/faruk/ws_sensor_combined/install/yolo_detector/lib/python3.10/site-packages/yolo_detector
[2.399s] byte-compiling /home/faruk/ws_sensor_combined/install/yolo_detector/lib/python3.10/site-packages/yolo_detector/__init__.py to __init__.cpython-310.pyc
[2.399s] byte-compiling /home/faruk/ws_sensor_combined/install/yolo_detector/lib/python3.10/site-packages/yolo_detector/yolo_node.py to yolo_node.cpython-310.pyc
[2.399s] running install_data
[2.399s] creating /home/faruk/ws_sensor_combined/install/yolo_detector/share/ament_index/resource_index/packages
[2.399s] copying resource/yolo_detector -> /home/faruk/ws_sensor_combined/install/yolo_detector/share/ament_index/resource_index/packages
[2.399s] copying package.xml -> /home/faruk/ws_sensor_combined/install/yolo_detector/share/yolo_detector
[2.400s] running install_egg_info
[2.400s] Copying ../../build/yolo_detector/yolo_detector.egg-info to /home/faruk/ws_sensor_combined/install/yolo_detector/lib/python3.10/site-packages/yolo_detector-0.0.0-py3.10.egg-info
[2.400s] running install_scripts
[2.463s] Installing yolo_node script to /home/faruk/ws_sensor_combined/install/yolo_detector/lib/yolo_detector
[2.463s] writing list of installed files to '/home/faruk/ws_sensor_combined/build/yolo_detector/install.log'
[2.482s] Invoked command in '/home/faruk/ws_sensor_combined/src/yolo_detector' returned '0': PYTHONPATH=/home/faruk/ws_sensor_combined/build/yolo_detector/prefix_override:/usr/lib/python3/dist-packages/colcon_core/task/python/colcon_distutils_commands:/home/faruk/ws_sensor_combined/install/yolo_detector/lib/python3.10/site-packages:${PYTHONPATH} /usr/bin/python3 -W ignore:setup.py install is deprecated -W ignore:easy_install command is deprecated setup.py egg_info --egg-base ../../build/yolo_detector build --build-base /home/faruk/ws_sensor_combined/build/yolo_detector/build install --record /home/faruk/ws_sensor_combined/build/yolo_detector/install.log --single-version-externally-managed install_data
