running egg_info
creating ../../build/yolo_listener/yolo_listener.egg-info
writing ../../build/yolo_listener/yolo_listener.egg-info/PKG-INFO
writing dependency_links to ../../build/yolo_listener/yolo_listener.egg-info/dependency_links.txt
writing entry points to ../../build/yolo_listener/yolo_listener.egg-info/entry_points.txt
writing requirements to ../../build/yolo_listener/yolo_listener.egg-info/requires.txt
writing top-level names to ../../build/yolo_listener/yolo_listener.egg-info/top_level.txt
writing manifest file '../../build/yolo_listener/yolo_listener.egg-info/SOURCES.txt'
reading manifest file '../../build/yolo_listener/yolo_listener.egg-info/SOURCES.txt'
writing manifest file '../../build/yolo_listener/yolo_listener.egg-info/SOURCES.txt'
running build
running build_py
creating /home/faruk/ws_sensor_combined/build/yolo_listener/build/lib/yolo_listener
copying yolo_listener/listener_node.py -> /home/faruk/ws_sensor_combined/build/yolo_listener/build/lib/yolo_listener
copying yolo_listener/__init__.py -> /home/faruk/ws_sensor_combined/build/yolo_listener/build/lib/yolo_listener
running install
running install_lib
running install_data
running install_egg_info
removing '/home/faruk/ws_sensor_combined/install/yolo_listener/lib/python3.10/site-packages/yolo_listener-0.0.0-py3.10.egg-info' (and everything under it)
Copying ../../build/yolo_listener/yolo_listener.egg-info to /home/faruk/ws_sensor_combined/install/yolo_listener/lib/python3.10/site-packages/yolo_listener-0.0.0-py3.10.egg-info
running install_scripts
Installing listener_node script to /home/faruk/ws_sensor_combined/install/yolo_listener/lib/yolo_listener
writing list of installed files to '/home/faruk/ws_sensor_combined/build/yolo_listener/install.log'
