[1.203s] Invoking command in '/home/faruk/ws_sensor_combined/src/yolo_listener': PYTHONPATH=/home/faruk/ws_sensor_combined/build/yolo_listener/prefix_override:/usr/lib/python3/dist-packages/colcon_core/task/python/colcon_distutils_commands:/home/faruk/ws_sensor_combined/install/yolo_listener/lib/python3.10/site-packages:${PYTHONPATH} /usr/bin/python3 -W ignore:setup.py install is deprecated -W ignore:easy_install command is deprecated setup.py egg_info --egg-base ../../build/yolo_listener build --build-base /home/faruk/ws_sensor_combined/build/yolo_listener/build install --record /home/faruk/ws_sensor_combined/build/yolo_listener/install.log --single-version-externally-managed install_data
[1.430s] /home/faruk/.local/lib/python3.10/site-packages/setuptools/_distutils/dist.py:289: UserWarning: Unknown distribution option: 'tests_require'
[1.430s]   warnings.warn(msg)
[1.759s] running egg_info
[1.822s] writing ../../build/yolo_listener/yolo_listener.egg-info/PKG-INFO
[1.823s] writing dependency_links to ../../build/yolo_listener/yolo_listener.egg-info/dependency_links.txt
[1.823s] writing entry points to ../../build/yolo_listener/yolo_listener.egg-info/entry_points.txt
[1.825s] writing requirements to ../../build/yolo_listener/yolo_listener.egg-info/requires.txt
[1.825s] writing top-level names to ../../build/yolo_listener/yolo_listener.egg-info/top_level.txt
[1.965s] reading manifest file '../../build/yolo_listener/yolo_listener.egg-info/SOURCES.txt'
[1.976s] writing manifest file '../../build/yolo_listener/yolo_listener.egg-info/SOURCES.txt'
[1.977s] running build
[1.977s] running build_py
[1.983s] running install
[1.983s] running install_lib
[1.985s] running install_data
[1.986s] running install_egg_info
[1.989s] removing '/home/faruk/ws_sensor_combined/install/yolo_listener/lib/python3.10/site-packages/yolo_listener-0.0.0-py3.10.egg-info' (and everything under it)
[1.990s] Copying ../../build/yolo_listener/yolo_listener.egg-info to /home/faruk/ws_sensor_combined/install/yolo_listener/lib/python3.10/site-packages/yolo_listener-0.0.0-py3.10.egg-info
[1.991s] running install_scripts
[2.027s] Installing listener_node script to /home/faruk/ws_sensor_combined/install/yolo_listener/lib/yolo_listener
[2.027s] writing list of installed files to '/home/faruk/ws_sensor_combined/build/yolo_listener/install.log'
[2.041s] Invoked command in '/home/faruk/ws_sensor_combined/src/yolo_listener' returned '0': PYTHONPATH=/home/faruk/ws_sensor_combined/build/yolo_listener/prefix_override:/usr/lib/python3/dist-packages/colcon_core/task/python/colcon_distutils_commands:/home/faruk/ws_sensor_combined/install/yolo_listener/lib/python3.10/site-packages:${PYTHONPATH} /usr/bin/python3 -W ignore:setup.py install is deprecated -W ignore:easy_install command is deprecated setup.py egg_info --egg-base ../../build/yolo_listener build --build-base /home/faruk/ws_sensor_combined/build/yolo_listener/build install --record /home/faruk/ws_sensor_combined/build/yolo_listener/install.log --single-version-externally-managed install_data
