[0.012s] Invoking command in '/home/faruk/ws_sensor_combined/build/px4_ros_com': AMENT_PREFIX_PATH=/home/faruk/ws_sensor_combined/install/px4_msgs:${AMENT_PREFIX_PATH} CMAKE_PREFIX_PATH=/home/faruk/ws_sensor_combined/install/px4_msgs:/opt/ros/humble LD_LIBRARY_PATH=/home/faruk/ws_sensor_combined/install/px4_msgs/lib:${LD_LIBRARY_PATH} PYTHONPATH=/home/faruk/ws_sensor_combined/install/px4_msgs/local/lib/python3.10/dist-packages:${PYTHONPATH} /usr/bin/cmake /home/faruk/ws_sensor_combined/src/px4_ros_com -DCMAKE_INSTALL_PREFIX=/home/faruk/ws_sensor_combined/install/px4_ros_com
[0.089s] -- The C compiler identification is GNU 11.4.0
[0.171s] -- The CXX compiler identification is GNU 11.4.0
[0.182s] -- Detecting C compiler ABI info
[0.281s] -- Detecting C compiler ABI info - done
[0.293s] -- Check for working C compiler: /usr/bin/cc - skipped
[0.293s] -- Detecting C compile features
[0.294s] -- Detecting C compile features - done
[0.298s] -- Detecting CXX compiler ABI info
[0.410s] -- Detecting CXX compiler ABI info - done
[0.424s] -- Check for working CXX compiler: /usr/bin/c++ - skipped
[0.425s] -- Detecting CXX compile features
[0.425s] -- Detecting CXX compile features - done
[0.428s] -- Found ament_cmake: 1.3.11 (/opt/ros/humble/share/ament_cmake/cmake)
[1.034s] -- Found Python3: /usr/bin/python3 (found version "3.10.12") found components: Interpreter 
[1.169s] -- Found builtin_interfaces: 1.2.1 (/opt/ros/humble/share/builtin_interfaces/cmake)
[1.221s] -- Found rosidl_generator_c: 3.1.6 (/opt/ros/humble/share/rosidl_generator_c/cmake)
[1.228s] -- Found rosidl_adapter: 3.1.6 (/opt/ros/humble/share/rosidl_adapter/cmake)
[1.241s] -- Found rosidl_generator_cpp: 3.1.6 (/opt/ros/humble/share/rosidl_generator_cpp/cmake)
[1.263s] -- Using all available rosidl_typesupport_c: rosidl_typesupport_fastrtps_c;rosidl_typesupport_introspection_c
[1.287s] -- Using all available rosidl_typesupport_cpp: rosidl_typesupport_fastrtps_cpp;rosidl_typesupport_introspection_cpp
[1.317s] -- Found eigen3_cmake_module: 0.1.1 (/opt/ros/humble/share/eigen3_cmake_module/cmake)
[1.329s] -- Found Eigen3: TRUE (found version "3.4.0") 
[1.334s] -- Found geometry_msgs: 4.8.0 (/opt/ros/humble/share/geometry_msgs/cmake)
[1.393s] -- Found px4_msgs: 2.0.1 (/home/faruk/ws_sensor_combined/install/px4_msgs/share/px4_msgs/cmake)
[1.414s] -- Found rclcpp: 16.0.12 (/opt/ros/humble/share/rclcpp/cmake)
[1.485s] -- Found rmw_implementation_cmake: 6.1.2 (/opt/ros/humble/share/rmw_implementation_cmake/cmake)
[1.490s] -- Found rmw_fastrtps_cpp: 6.2.7 (/opt/ros/humble/share/rmw_fastrtps_cpp/cmake)
[1.636s] -- Found OpenSSL: /usr/lib/x86_64-linux-gnu/libcrypto.so (found version "3.0.2")  
[1.679s] -- Found FastRTPS: /opt/ros/humble/include  
[1.749s] -- Using RMW implementation 'rmw_fastrtps_cpp' as default
[1.766s] -- Looking for pthread.h
[1.866s] -- Looking for pthread.h - found
[1.866s] -- Performing Test CMAKE_HAVE_LIBC_PTHREAD
[1.972s] -- Performing Test CMAKE_HAVE_LIBC_PTHREAD - Success
[1.974s] -- Found Threads: TRUE  
[2.062s] -- Found sensor_msgs: 4.8.0 (/opt/ros/humble/share/sensor_msgs/cmake)
[2.099s] -- Found rclpy: 3.3.16 (/opt/ros/humble/share/rclpy/cmake)
[2.114s] -- Found ament_lint_auto: 0.12.12 (/opt/ros/humble/share/ament_lint_auto/cmake)
[2.283s] -- Added test 'copyright' to check source files copyright and LICENSE
[2.291s] -- Added test 'cppcheck' to perform static code analysis on C / C++ code
[2.292s] -- Configured cppcheck include dirs: /home/faruk/ws_sensor_combined/src/px4_ros_com/include;$<BUILD_INTERFACE:/home/faruk/ws_sensor_combined/src/px4_ros_com/include/px4_ros_com>
[2.292s] -- Configured cppcheck exclude dirs and/or files: 
[2.299s] -- Added test 'cpplint' to check C / C++ code against the Google style
[2.300s] -- Configured cpplint exclude dirs and/or files: 
[2.302s] -- Added test 'flake8' to check Python code syntax and style conventions
[2.304s] -- Added test 'lint_cmake' to check CMake code style
[2.306s] -- Added test 'pep257' to check Python code against some of the docstring style conventions in PEP 257
[2.314s] -- Added test 'uncrustify' to check C / C++ code style
[2.314s] -- Configured uncrustify additional arguments: 
[2.316s] -- Added test 'xmllint' to check XML markup files
[2.320s] -- Configuring done
[2.363s] -- Generating done
[2.382s] -- Build files have been written to: /home/faruk/ws_sensor_combined/build/px4_ros_com
[2.400s] Invoked command in '/home/faruk/ws_sensor_combined/build/px4_ros_com' returned '0': AMENT_PREFIX_PATH=/home/faruk/ws_sensor_combined/install/px4_msgs:${AMENT_PREFIX_PATH} CMAKE_PREFIX_PATH=/home/faruk/ws_sensor_combined/install/px4_msgs:/opt/ros/humble LD_LIBRARY_PATH=/home/faruk/ws_sensor_combined/install/px4_msgs/lib:${LD_LIBRARY_PATH} PYTHONPATH=/home/faruk/ws_sensor_combined/install/px4_msgs/local/lib/python3.10/dist-packages:${PYTHONPATH} /usr/bin/cmake /home/faruk/ws_sensor_combined/src/px4_ros_com -DCMAKE_INSTALL_PREFIX=/home/faruk/ws_sensor_combined/install/px4_ros_com
[2.402s] Invoking command in '/home/faruk/ws_sensor_combined/build/px4_ros_com': AMENT_PREFIX_PATH=/home/faruk/ws_sensor_combined/install/px4_msgs:${AMENT_PREFIX_PATH} CMAKE_PREFIX_PATH=/home/faruk/ws_sensor_combined/install/px4_msgs:/opt/ros/humble LD_LIBRARY_PATH=/home/faruk/ws_sensor_combined/install/px4_msgs/lib:${LD_LIBRARY_PATH} PYTHONPATH=/home/faruk/ws_sensor_combined/install/px4_msgs/local/lib/python3.10/dist-packages:${PYTHONPATH} /usr/bin/cmake --build /home/faruk/ws_sensor_combined/build/px4_ros_com -- -j12 -l12
[2.472s] [ 16%] [32mBuilding CXX object CMakeFiles/vehicle_gps_position_listener.dir/src/examples/listeners/vehicle_gps_position_listener.cpp.o[0m
[2.472s] [ 16%] [32mBuilding CXX object CMakeFiles/frame_transforms.dir/src/lib/frame_transforms.cpp.o[0m
[2.472s] [ 33%] [32mBuilding CXX object CMakeFiles/sensor_combined_listener.dir/src/examples/listeners/sensor_combined_listener.cpp.o[0m
[2.473s] [ 33%] [32mBuilding CXX object CMakeFiles/offboard_control_srv.dir/src/examples/offboard/offboard_control_srv.cpp.o[0m
[2.473s] [ 41%] [32mBuilding CXX object CMakeFiles/debug_vect_advertiser.dir/src/examples/advertisers/debug_vect_advertiser.cpp.o[0m
[2.477s] [ 50%] [32mBuilding CXX object CMakeFiles/offboard_control.dir/src/examples/offboard/offboard_control.cpp.o[0m
[2.488s] [ 50%] Built target ament_cmake_python_copy_px4_ros_com
[3.009s] running egg_info
[3.046s] creating px4_ros_com.egg-info
[3.047s] writing px4_ros_com.egg-info/PKG-INFO
[3.047s] writing dependency_links to px4_ros_com.egg-info/dependency_links.txt
[3.047s] writing top-level names to px4_ros_com.egg-info/top_level.txt
[3.048s] writing manifest file 'px4_ros_com.egg-info/SOURCES.txt'
[3.163s] reading manifest file 'px4_ros_com.egg-info/SOURCES.txt'
[3.166s] writing manifest file 'px4_ros_com.egg-info/SOURCES.txt'
[3.251s] [ 50%] Built target ament_cmake_python_build_px4_ros_com_egg
[11.246s] [ 58%] [32m[1mLinking CXX executable debug_vect_advertiser[0m
[11.730s] [ 58%] Built target debug_vect_advertiser
[13.594s] [ 66%] [32m[1mLinking CXX executable offboard_control[0m
[14.117s] [ 66%] Built target offboard_control
[14.200s] [ 75%] [32m[1mLinking CXX executable offboard_control_srv[0m
[14.721s] [ 75%] Built target offboard_control_srv
[16.872s] [ 83%] [32m[1mLinking CXX shared library libframe_transforms.so[0m
[17.419s] [ 83%] Built target frame_transforms
[18.883s] [ 91%] [32m[1mLinking CXX executable sensor_combined_listener[0m
[18.923s] [100%] [32m[1mLinking CXX executable vehicle_gps_position_listener[0m
[19.651s] [100%] Built target sensor_combined_listener
[19.700s] [100%] Built target vehicle_gps_position_listener
[19.716s] Invoked command in '/home/faruk/ws_sensor_combined/build/px4_ros_com' returned '0': AMENT_PREFIX_PATH=/home/faruk/ws_sensor_combined/install/px4_msgs:${AMENT_PREFIX_PATH} CMAKE_PREFIX_PATH=/home/faruk/ws_sensor_combined/install/px4_msgs:/opt/ros/humble LD_LIBRARY_PATH=/home/faruk/ws_sensor_combined/install/px4_msgs/lib:${LD_LIBRARY_PATH} PYTHONPATH=/home/faruk/ws_sensor_combined/install/px4_msgs/local/lib/python3.10/dist-packages:${PYTHONPATH} /usr/bin/cmake --build /home/faruk/ws_sensor_combined/build/px4_ros_com -- -j12 -l12
[19.718s] Invoking command in '/home/faruk/ws_sensor_combined/build/px4_ros_com': AMENT_PREFIX_PATH=/home/faruk/ws_sensor_combined/install/px4_msgs:${AMENT_PREFIX_PATH} CMAKE_PREFIX_PATH=/home/faruk/ws_sensor_combined/install/px4_msgs:/opt/ros/humble LD_LIBRARY_PATH=/home/faruk/ws_sensor_combined/install/px4_msgs/lib:${LD_LIBRARY_PATH} PYTHONPATH=/home/faruk/ws_sensor_combined/install/px4_msgs/local/lib/python3.10/dist-packages:${PYTHONPATH} /usr/bin/cmake --install /home/faruk/ws_sensor_combined/build/px4_ros_com
[19.727s] -- Install configuration: ""
[19.727s] -- Installing: /home/faruk/ws_sensor_combined/install/px4_ros_com/lib/px4_ros_com/sensor_combined_listener
[19.731s] -- Set runtime path of "/home/faruk/ws_sensor_combined/install/px4_ros_com/lib/px4_ros_com/sensor_combined_listener" to ""
[19.731s] -- Installing: /home/faruk/ws_sensor_combined/install/px4_ros_com/lib/px4_ros_com/vehicle_gps_position_listener
[19.735s] -- Set runtime path of "/home/faruk/ws_sensor_combined/install/px4_ros_com/lib/px4_ros_com/vehicle_gps_position_listener" to ""
[19.735s] -- Installing: /home/faruk/ws_sensor_combined/install/px4_ros_com/lib/px4_ros_com/debug_vect_advertiser
[19.737s] -- Set runtime path of "/home/faruk/ws_sensor_combined/install/px4_ros_com/lib/px4_ros_com/debug_vect_advertiser" to ""
[19.737s] -- Installing: /home/faruk/ws_sensor_combined/install/px4_ros_com/lib/px4_ros_com/offboard_control
[19.738s] -- Set runtime path of "/home/faruk/ws_sensor_combined/install/px4_ros_com/lib/px4_ros_com/offboard_control" to ""
[19.739s] -- Installing: /home/faruk/ws_sensor_combined/install/px4_ros_com/lib/px4_ros_com/offboard_control_srv
[19.741s] -- Set runtime path of "/home/faruk/ws_sensor_combined/install/px4_ros_com/lib/px4_ros_com/offboard_control_srv" to ""
[19.741s] -- Installing: /home/faruk/ws_sensor_combined/install/px4_ros_com/share/px4_ros_com/environment/library_path.sh
[19.741s] -- Installing: /home/faruk/ws_sensor_combined/install/px4_ros_com/share/px4_ros_com/environment/library_path.dsv
[19.741s] -- Installing: /home/faruk/ws_sensor_combined/install/px4_ros_com/include/px4_ros_com
[19.741s] -- Installing: /home/faruk/ws_sensor_combined/install/px4_ros_com/include/px4_ros_com/frame_transforms.h
[19.742s] -- Installing: /home/faruk/ws_sensor_combined/install/px4_ros_com/lib/libframe_transforms.so
[19.746s] -- Set runtime path of "/home/faruk/ws_sensor_combined/install/px4_ros_com/lib/libframe_transforms.so" to ""
[19.746s] -- Installing: /home/faruk/ws_sensor_combined/install/px4_ros_com/share/px4_ros_com//launch
[19.746s] -- Installing: /home/faruk/ws_sensor_combined/install/px4_ros_com/share/px4_ros_com//launch/offboard_control_launch.yaml
[19.746s] -- Installing: /home/faruk/ws_sensor_combined/install/px4_ros_com/share/px4_ros_com//launch/sensor_combined_listener.launch.py
[19.746s] -- Installing: /home/faruk/ws_sensor_combined/install/px4_ros_com/share/px4_ros_com//test
[19.746s] -- Installing: /home/faruk/ws_sensor_combined/install/px4_ros_com/share/px4_ros_com//test/test_output.py
[19.747s] -- Installing: /home/faruk/ws_sensor_combined/install/px4_ros_com/share/px4_ros_com//test/pipeline_io_test.py
[19.747s] -- Installing: /home/faruk/ws_sensor_combined/install/px4_ros_com/share/px4_ros_com//test/__init__.py
[19.747s] -- Installing: /home/faruk/ws_sensor_combined/install/px4_ros_com/share/px4_ros_com//test/test_input.py
[19.747s] -- Installing: /home/faruk/ws_sensor_combined/install/px4_ros_com/share/px4_ros_com/environment/pythonpath.sh
[19.747s] -- Installing: /home/faruk/ws_sensor_combined/install/px4_ros_com/share/px4_ros_com/environment/pythonpath.dsv
[19.747s] -- Installing: /home/faruk/ws_sensor_combined/install/px4_ros_com/local/lib/python3.10/dist-packages/px4_ros_com-0.1.0-py3.10.egg-info
[19.747s] -- Installing: /home/faruk/ws_sensor_combined/install/px4_ros_com/local/lib/python3.10/dist-packages/px4_ros_com-0.1.0-py3.10.egg-info/top_level.txt
[19.747s] -- Installing: /home/faruk/ws_sensor_combined/install/px4_ros_com/local/lib/python3.10/dist-packages/px4_ros_com-0.1.0-py3.10.egg-info/SOURCES.txt
[19.748s] -- Installing: /home/faruk/ws_sensor_combined/install/px4_ros_com/local/lib/python3.10/dist-packages/px4_ros_com-0.1.0-py3.10.egg-info/dependency_links.txt
[19.748s] -- Installing: /home/faruk/ws_sensor_combined/install/px4_ros_com/local/lib/python3.10/dist-packages/px4_ros_com-0.1.0-py3.10.egg-info/PKG-INFO
[19.748s] -- Installing: /home/faruk/ws_sensor_combined/install/px4_ros_com/local/lib/python3.10/dist-packages/px4_ros_com
[19.748s] -- Installing: /home/faruk/ws_sensor_combined/install/px4_ros_com/local/lib/python3.10/dist-packages/px4_ros_com/module_to_import.py
[19.748s] -- Installing: /home/faruk/ws_sensor_combined/install/px4_ros_com/local/lib/python3.10/dist-packages/px4_ros_com/__init__.py
[19.802s] Listing '/home/faruk/ws_sensor_combined/install/px4_ros_com/local/lib/python3.10/dist-packages/px4_ros_com'...
[19.802s] Compiling '/home/faruk/ws_sensor_combined/install/px4_ros_com/local/lib/python3.10/dist-packages/px4_ros_com/__init__.py'...
[19.802s] Compiling '/home/faruk/ws_sensor_combined/install/px4_ros_com/local/lib/python3.10/dist-packages/px4_ros_com/module_to_import.py'...
[19.811s] -- Installing: /home/faruk/ws_sensor_combined/install/px4_ros_com/lib/px4_ros_com/offboard_control.py
[19.811s] -- Installing: /home/faruk/ws_sensor_combined/install/px4_ros_com/share/ament_index/resource_index/package_run_dependencies/px4_ros_com
[19.812s] -- Installing: /home/faruk/ws_sensor_combined/install/px4_ros_com/share/ament_index/resource_index/parent_prefix_path/px4_ros_com
[19.812s] -- Installing: /home/faruk/ws_sensor_combined/install/px4_ros_com/share/px4_ros_com/environment/ament_prefix_path.sh
[19.812s] -- Installing: /home/faruk/ws_sensor_combined/install/px4_ros_com/share/px4_ros_com/environment/ament_prefix_path.dsv
[19.812s] -- Installing: /home/faruk/ws_sensor_combined/install/px4_ros_com/share/px4_ros_com/environment/path.sh
[19.812s] -- Installing: /home/faruk/ws_sensor_combined/install/px4_ros_com/share/px4_ros_com/environment/path.dsv
[19.812s] -- Installing: /home/faruk/ws_sensor_combined/install/px4_ros_com/share/px4_ros_com/local_setup.bash
[19.813s] -- Installing: /home/faruk/ws_sensor_combined/install/px4_ros_com/share/px4_ros_com/local_setup.sh
[19.813s] -- Installing: /home/faruk/ws_sensor_combined/install/px4_ros_com/share/px4_ros_com/local_setup.zsh
[19.813s] -- Installing: /home/faruk/ws_sensor_combined/install/px4_ros_com/share/px4_ros_com/local_setup.dsv
[19.813s] -- Installing: /home/faruk/ws_sensor_combined/install/px4_ros_com/share/px4_ros_com/package.dsv
[19.813s] -- Installing: /home/faruk/ws_sensor_combined/install/px4_ros_com/share/ament_index/resource_index/packages/px4_ros_com
[19.814s] -- Installing: /home/faruk/ws_sensor_combined/install/px4_ros_com/share/px4_ros_com/cmake/export_frame_transformsExport.cmake
[19.814s] -- Installing: /home/faruk/ws_sensor_combined/install/px4_ros_com/share/px4_ros_com/cmake/export_frame_transformsExport-noconfig.cmake
[19.814s] -- Installing: /home/faruk/ws_sensor_combined/install/px4_ros_com/share/px4_ros_com/cmake/ament_cmake_export_dependencies-extras.cmake
[19.814s] -- Installing: /home/faruk/ws_sensor_combined/install/px4_ros_com/share/px4_ros_com/cmake/ament_cmake_export_targets-extras.cmake
[19.814s] -- Installing: /home/faruk/ws_sensor_combined/install/px4_ros_com/share/px4_ros_com/cmake/ament_cmake_export_include_directories-extras.cmake
[19.815s] -- Installing: /home/faruk/ws_sensor_combined/install/px4_ros_com/share/px4_ros_com/cmake/ament_cmake_export_libraries-extras.cmake
[19.815s] -- Installing: /home/faruk/ws_sensor_combined/install/px4_ros_com/share/px4_ros_com/cmake/px4_ros_comConfig.cmake
[19.815s] -- Installing: /home/faruk/ws_sensor_combined/install/px4_ros_com/share/px4_ros_com/cmake/px4_ros_comConfig-version.cmake
[19.815s] -- Installing: /home/faruk/ws_sensor_combined/install/px4_ros_com/share/px4_ros_com/package.xml
[19.819s] Invoked command in '/home/faruk/ws_sensor_combined/build/px4_ros_com' returned '0': AMENT_PREFIX_PATH=/home/faruk/ws_sensor_combined/install/px4_msgs:${AMENT_PREFIX_PATH} CMAKE_PREFIX_PATH=/home/faruk/ws_sensor_combined/install/px4_msgs:/opt/ros/humble LD_LIBRARY_PATH=/home/faruk/ws_sensor_combined/install/px4_msgs/lib:${LD_LIBRARY_PATH} PYTHONPATH=/home/faruk/ws_sensor_combined/install/px4_msgs/local/lib/python3.10/dist-packages:${PYTHONPATH} /usr/bin/cmake --install /home/faruk/ws_sensor_combined/build/px4_ros_com
