[0.343s] Invoking command in '/home/faruk/ws_sensor_combined/build/px4_ros_com': AMENT_PREFIX_PATH=/home/faruk/ws_sensor_combined/install/px4_msgs:${AMENT_PREFIX_PATH} CMAKE_PREFIX_PATH=/home/faruk/ws_sensor_combined/install/px4_msgs:/opt/ros/humble LD_LIBRARY_PATH=/home/faruk/ws_sensor_combined/install/px4_msgs/lib:${LD_LIBRARY_PATH} PYTHONPATH=/home/faruk/ws_sensor_combined/install/px4_msgs/local/lib/python3.10/dist-packages:${PYTHONPATH} /usr/bin/cmake --build /home/faruk/ws_sensor_combined/build/px4_ros_com -- -j12 -l12
[0.440s] [ 16%] Built target sensor_combined_listener
[0.442s] [ 33%] Built target offboard_control
[0.447s] [ 66%] Built target frame_transforms
[0.447s] [ 66%] Built target vehicle_gps_position_listener
[0.450s] [ 83%] Built target debug_vect_advertiser
[0.450s] [100%] Built target offboard_control_srv
[0.454s] [100%] Built target ament_cmake_python_copy_px4_ros_com
[0.852s] running egg_info
[0.884s] writing px4_ros_com.egg-info/PKG-INFO
[0.885s] writing dependency_links to px4_ros_com.egg-info/dependency_links.txt
[0.885s] writing top-level names to px4_ros_com.egg-info/top_level.txt
[0.980s] reading manifest file 'px4_ros_com.egg-info/SOURCES.txt'
[0.982s] writing manifest file 'px4_ros_com.egg-info/SOURCES.txt'
[1.025s] [100%] Built target ament_cmake_python_build_px4_ros_com_egg
[1.039s] Invoked command in '/home/faruk/ws_sensor_combined/build/px4_ros_com' returned '0': AMENT_PREFIX_PATH=/home/faruk/ws_sensor_combined/install/px4_msgs:${AMENT_PREFIX_PATH} CMAKE_PREFIX_PATH=/home/faruk/ws_sensor_combined/install/px4_msgs:/opt/ros/humble LD_LIBRARY_PATH=/home/faruk/ws_sensor_combined/install/px4_msgs/lib:${LD_LIBRARY_PATH} PYTHONPATH=/home/faruk/ws_sensor_combined/install/px4_msgs/local/lib/python3.10/dist-packages:${PYTHONPATH} /usr/bin/cmake --build /home/faruk/ws_sensor_combined/build/px4_ros_com -- -j12 -l12
[1.041s] Invoking command in '/home/faruk/ws_sensor_combined/build/px4_ros_com': AMENT_PREFIX_PATH=/home/faruk/ws_sensor_combined/install/px4_msgs:${AMENT_PREFIX_PATH} CMAKE_PREFIX_PATH=/home/faruk/ws_sensor_combined/install/px4_msgs:/opt/ros/humble LD_LIBRARY_PATH=/home/faruk/ws_sensor_combined/install/px4_msgs/lib:${LD_LIBRARY_PATH} PYTHONPATH=/home/faruk/ws_sensor_combined/install/px4_msgs/local/lib/python3.10/dist-packages:${PYTHONPATH} /usr/bin/cmake --install /home/faruk/ws_sensor_combined/build/px4_ros_com
[1.050s] -- Install configuration: ""
[1.050s] -- Up-to-date: /home/faruk/ws_sensor_combined/install/px4_ros_com/lib/px4_ros_com/sensor_combined_listener
[1.051s] -- Up-to-date: /home/faruk/ws_sensor_combined/install/px4_ros_com/lib/px4_ros_com/vehicle_gps_position_listener
[1.051s] -- Up-to-date: /home/faruk/ws_sensor_combined/install/px4_ros_com/lib/px4_ros_com/debug_vect_advertiser
[1.052s] -- Up-to-date: /home/faruk/ws_sensor_combined/install/px4_ros_com/lib/px4_ros_com/offboard_control
[1.052s] -- Up-to-date: /home/faruk/ws_sensor_combined/install/px4_ros_com/lib/px4_ros_com/offboard_control_srv
[1.052s] -- Up-to-date: /home/faruk/ws_sensor_combined/install/px4_ros_com/share/px4_ros_com/environment/library_path.sh
[1.053s] -- Up-to-date: /home/faruk/ws_sensor_combined/install/px4_ros_com/share/px4_ros_com/environment/library_path.dsv
[1.053s] -- Up-to-date: /home/faruk/ws_sensor_combined/install/px4_ros_com/include/px4_ros_com
[1.053s] -- Up-to-date: /home/faruk/ws_sensor_combined/install/px4_ros_com/include/px4_ros_com/frame_transforms.h
[1.053s] -- Up-to-date: /home/faruk/ws_sensor_combined/install/px4_ros_com/lib/libframe_transforms.so
[1.053s] -- Up-to-date: /home/faruk/ws_sensor_combined/install/px4_ros_com/share/px4_ros_com//launch
[1.053s] -- Up-to-date: /home/faruk/ws_sensor_combined/install/px4_ros_com/share/px4_ros_com//launch/offboard_control_launch.yaml
[1.053s] -- Up-to-date: /home/faruk/ws_sensor_combined/install/px4_ros_com/share/px4_ros_com//launch/sensor_combined_listener.launch.py
[1.054s] -- Up-to-date: /home/faruk/ws_sensor_combined/install/px4_ros_com/share/px4_ros_com//test
[1.054s] -- Up-to-date: /home/faruk/ws_sensor_combined/install/px4_ros_com/share/px4_ros_com//test/test_output.py
[1.054s] -- Up-to-date: /home/faruk/ws_sensor_combined/install/px4_ros_com/share/px4_ros_com//test/pipeline_io_test.py
[1.054s] -- Up-to-date: /home/faruk/ws_sensor_combined/install/px4_ros_com/share/px4_ros_com//test/__init__.py
[1.054s] -- Up-to-date: /home/faruk/ws_sensor_combined/install/px4_ros_com/share/px4_ros_com//test/test_input.py
[1.054s] -- Up-to-date: /home/faruk/ws_sensor_combined/install/px4_ros_com/share/px4_ros_com/environment/pythonpath.sh
[1.054s] -- Up-to-date: /home/faruk/ws_sensor_combined/install/px4_ros_com/share/px4_ros_com/environment/pythonpath.dsv
[1.054s] -- Up-to-date: /home/faruk/ws_sensor_combined/install/px4_ros_com/local/lib/python3.10/dist-packages/px4_ros_com-0.1.0-py3.10.egg-info
[1.055s] -- Installing: /home/faruk/ws_sensor_combined/install/px4_ros_com/local/lib/python3.10/dist-packages/px4_ros_com-0.1.0-py3.10.egg-info/top_level.txt
[1.055s] -- Installing: /home/faruk/ws_sensor_combined/install/px4_ros_com/local/lib/python3.10/dist-packages/px4_ros_com-0.1.0-py3.10.egg-info/SOURCES.txt
[1.055s] -- Installing: /home/faruk/ws_sensor_combined/install/px4_ros_com/local/lib/python3.10/dist-packages/px4_ros_com-0.1.0-py3.10.egg-info/dependency_links.txt
[1.055s] -- Installing: /home/faruk/ws_sensor_combined/install/px4_ros_com/local/lib/python3.10/dist-packages/px4_ros_com-0.1.0-py3.10.egg-info/PKG-INFO
[1.055s] -- Up-to-date: /home/faruk/ws_sensor_combined/install/px4_ros_com/local/lib/python3.10/dist-packages/px4_ros_com
[1.055s] -- Up-to-date: /home/faruk/ws_sensor_combined/install/px4_ros_com/local/lib/python3.10/dist-packages/px4_ros_com/module_to_import.py
[1.055s] -- Up-to-date: /home/faruk/ws_sensor_combined/install/px4_ros_com/local/lib/python3.10/dist-packages/px4_ros_com/__init__.py
[1.100s] Listing '/home/faruk/ws_sensor_combined/install/px4_ros_com/local/lib/python3.10/dist-packages/px4_ros_com'...
[1.105s] -- Up-to-date: /home/faruk/ws_sensor_combined/install/px4_ros_com/lib/px4_ros_com/offboard_control.py
[1.105s] -- Up-to-date: /home/faruk/ws_sensor_combined/install/px4_ros_com/share/ament_index/resource_index/package_run_dependencies/px4_ros_com
[1.105s] -- Up-to-date: /home/faruk/ws_sensor_combined/install/px4_ros_com/share/ament_index/resource_index/parent_prefix_path/px4_ros_com
[1.106s] -- Up-to-date: /home/faruk/ws_sensor_combined/install/px4_ros_com/share/px4_ros_com/environment/ament_prefix_path.sh
[1.106s] -- Up-to-date: /home/faruk/ws_sensor_combined/install/px4_ros_com/share/px4_ros_com/environment/ament_prefix_path.dsv
[1.106s] -- Up-to-date: /home/faruk/ws_sensor_combined/install/px4_ros_com/share/px4_ros_com/environment/path.sh
[1.106s] -- Up-to-date: /home/faruk/ws_sensor_combined/install/px4_ros_com/share/px4_ros_com/environment/path.dsv
[1.106s] -- Up-to-date: /home/faruk/ws_sensor_combined/install/px4_ros_com/share/px4_ros_com/local_setup.bash
[1.106s] -- Up-to-date: /home/faruk/ws_sensor_combined/install/px4_ros_com/share/px4_ros_com/local_setup.sh
[1.106s] -- Up-to-date: /home/faruk/ws_sensor_combined/install/px4_ros_com/share/px4_ros_com/local_setup.zsh
[1.107s] -- Up-to-date: /home/faruk/ws_sensor_combined/install/px4_ros_com/share/px4_ros_com/local_setup.dsv
[1.107s] -- Installing: /home/faruk/ws_sensor_combined/install/px4_ros_com/share/px4_ros_com/package.dsv
[1.107s] -- Up-to-date: /home/faruk/ws_sensor_combined/install/px4_ros_com/share/ament_index/resource_index/packages/px4_ros_com
[1.107s] -- Up-to-date: /home/faruk/ws_sensor_combined/install/px4_ros_com/share/px4_ros_com/cmake/export_frame_transformsExport.cmake
[1.107s] -- Up-to-date: /home/faruk/ws_sensor_combined/install/px4_ros_com/share/px4_ros_com/cmake/export_frame_transformsExport-noconfig.cmake
[1.107s] -- Up-to-date: /home/faruk/ws_sensor_combined/install/px4_ros_com/share/px4_ros_com/cmake/ament_cmake_export_dependencies-extras.cmake
[1.107s] -- Up-to-date: /home/faruk/ws_sensor_combined/install/px4_ros_com/share/px4_ros_com/cmake/ament_cmake_export_targets-extras.cmake
[1.108s] -- Up-to-date: /home/faruk/ws_sensor_combined/install/px4_ros_com/share/px4_ros_com/cmake/ament_cmake_export_include_directories-extras.cmake
[1.108s] -- Up-to-date: /home/faruk/ws_sensor_combined/install/px4_ros_com/share/px4_ros_com/cmake/ament_cmake_export_libraries-extras.cmake
[1.108s] -- Up-to-date: /home/faruk/ws_sensor_combined/install/px4_ros_com/share/px4_ros_com/cmake/px4_ros_comConfig.cmake
[1.108s] -- Up-to-date: /home/faruk/ws_sensor_combined/install/px4_ros_com/share/px4_ros_com/cmake/px4_ros_comConfig-version.cmake
[1.108s] -- Up-to-date: /home/faruk/ws_sensor_combined/install/px4_ros_com/share/px4_ros_com/package.xml
[1.121s] Invoked command in '/home/faruk/ws_sensor_combined/build/px4_ros_com' returned '0': AMENT_PREFIX_PATH=/home/faruk/ws_sensor_combined/install/px4_msgs:${AMENT_PREFIX_PATH} CMAKE_PREFIX_PATH=/home/faruk/ws_sensor_combined/install/px4_msgs:/opt/ros/humble LD_LIBRARY_PATH=/home/faruk/ws_sensor_combined/install/px4_msgs/lib:${LD_LIBRARY_PATH} PYTHONPATH=/home/faruk/ws_sensor_combined/install/px4_msgs/local/lib/python3.10/dist-packages:${PYTHONPATH} /usr/bin/cmake --install /home/faruk/ws_sensor_combined/build/px4_ros_com
