[2.271s] Invoking command in '/home/faruk/ws_sensor_combined/src/yolo_listener': PYTHONPATH=/home/faruk/ws_sensor_combined/build/yolo_listener/prefix_override:/usr/lib/python3/dist-packages/colcon_core/task/python/colcon_distutils_commands:/home/faruk/ws_sensor_combined/install/yolo_listener/lib/python3.10/site-packages:${PYTHONPATH} /usr/bin/python3 -W ignore:setup.py install is deprecated -W ignore:easy_install command is deprecated setup.py egg_info --egg-base ../../build/yolo_listener build --build-base /home/faruk/ws_sensor_combined/build/yolo_listener/build install --record /home/faruk/ws_sensor_combined/build/yolo_listener/install.log --single-version-externally-managed install_data
[2.807s] /home/faruk/.local/lib/python3.10/site-packages/setuptools/_distutils/dist.py:289: UserWarning: Unknown distribution option: 'tests_require'
[2.807s]   warnings.warn(msg)
[3.210s] running egg_info
[3.215s] writing ../../build/yolo_listener/yolo_listener.egg-info/PKG-INFO
[3.215s] writing dependency_links to ../../build/yolo_listener/yolo_listener.egg-info/dependency_links.txt
[3.215s] writing entry points to ../../build/yolo_listener/yolo_listener.egg-info/entry_points.txt
[3.215s] writing requirements to ../../build/yolo_listener/yolo_listener.egg-info/requires.txt
[3.215s] writing top-level names to ../../build/yolo_listener/yolo_listener.egg-info/top_level.txt
[3.229s] reading manifest file '../../build/yolo_listener/yolo_listener.egg-info/SOURCES.txt'
[3.229s] writing manifest file '../../build/yolo_listener/yolo_listener.egg-info/SOURCES.txt'
[3.230s] running build
[3.230s] running build_py
[3.230s] running install
[3.232s] running install_lib
[3.238s] running install_data
[3.239s] running install_egg_info
[3.246s] removing '/home/faruk/ws_sensor_combined/install/yolo_listener/lib/python3.10/site-packages/yolo_listener-0.0.0-py3.10.egg-info' (and everything under it)
[3.246s] Copying ../../build/yolo_listener/yolo_listener.egg-info to /home/faruk/ws_sensor_combined/install/yolo_listener/lib/python3.10/site-packages/yolo_listener-0.0.0-py3.10.egg-info
[3.247s] running install_scripts
[3.373s] Installing listener_node script to /home/faruk/ws_sensor_combined/install/yolo_listener/lib/yolo_listener
[3.374s] writing list of installed files to '/home/faruk/ws_sensor_combined/build/yolo_listener/install.log'
[3.812s] Invoked command in '/home/faruk/ws_sensor_combined/src/yolo_listener' returned '0': PYTHONPATH=/home/faruk/ws_sensor_combined/build/yolo_listener/prefix_override:/usr/lib/python3/dist-packages/colcon_core/task/python/colcon_distutils_commands:/home/faruk/ws_sensor_combined/install/yolo_listener/lib/python3.10/site-packages:${PYTHONPATH} /usr/bin/python3 -W ignore:setup.py install is deprecated -W ignore:easy_install command is deprecated setup.py egg_info --egg-base ../../build/yolo_listener build --build-base /home/faruk/ws_sensor_combined/build/yolo_listener/build install --record /home/faruk/ws_sensor_combined/build/yolo_listener/install.log --single-version-externally-managed install_data
