[1.022s] Invoking command in '/home/faruk/ws_sensor_combined/src/yolo_listener': PYTHONPATH=/home/faruk/ws_sensor_combined/build/yolo_listener/prefix_override:/usr/lib/python3/dist-packages/colcon_core/task/python/colcon_distutils_commands:/home/faruk/ws_sensor_combined/install/yolo_listener/lib/python3.10/site-packages:${PYTHONPATH} /usr/bin/python3 -W ignore:setup.py install is deprecated -W ignore:easy_install command is deprecated setup.py egg_info --egg-base ../../build/yolo_listener build --build-base /home/faruk/ws_sensor_combined/build/yolo_listener/build install --record /home/faruk/ws_sensor_combined/build/yolo_listener/install.log --single-version-externally-managed install_data
[1.202s] /home/faruk/.local/lib/python3.10/site-packages/setuptools/_distutils/dist.py:289: UserWarning: Unknown distribution option: 'tests_require'
[1.202s]   warnings.warn(msg)
[1.497s] running egg_info
[1.597s] writing ../../build/yolo_listener/yolo_listener.egg-info/PKG-INFO
[1.598s] writing dependency_links to ../../build/yolo_listener/yolo_listener.egg-info/dependency_links.txt
[1.605s] writing entry points to ../../build/yolo_listener/yolo_listener.egg-info/entry_points.txt
[1.605s] writing requirements to ../../build/yolo_listener/yolo_listener.egg-info/requires.txt
[1.605s] writing top-level names to ../../build/yolo_listener/yolo_listener.egg-info/top_level.txt
[1.736s] reading manifest file '../../build/yolo_listener/yolo_listener.egg-info/SOURCES.txt'
[1.737s] writing manifest file '../../build/yolo_listener/yolo_listener.egg-info/SOURCES.txt'
[1.737s] running build
[1.737s] running build_py
[1.737s] running install
[1.737s] running install_lib
[1.737s] running install_data
[1.737s] running install_egg_info
[1.740s] removing '/home/faruk/ws_sensor_combined/install/yolo_listener/lib/python3.10/site-packages/yolo_listener-0.0.0-py3.10.egg-info' (and everything under it)
[1.740s] Copying ../../build/yolo_listener/yolo_listener.egg-info to /home/faruk/ws_sensor_combined/install/yolo_listener/lib/python3.10/site-packages/yolo_listener-0.0.0-py3.10.egg-info
[1.740s] running install_scripts
[1.759s] Installing listener_node script to /home/faruk/ws_sensor_combined/install/yolo_listener/lib/yolo_listener
[1.759s] writing list of installed files to '/home/faruk/ws_sensor_combined/build/yolo_listener/install.log'
[1.765s] Invoked command in '/home/faruk/ws_sensor_combined/src/yolo_listener' returned '0': PYTHONPATH=/home/faruk/ws_sensor_combined/build/yolo_listener/prefix_override:/usr/lib/python3/dist-packages/colcon_core/task/python/colcon_distutils_commands:/home/faruk/ws_sensor_combined/install/yolo_listener/lib/python3.10/site-packages:${PYTHONPATH} /usr/bin/python3 -W ignore:setup.py install is deprecated -W ignore:easy_install command is deprecated setup.py egg_info --egg-base ../../build/yolo_listener build --build-base /home/faruk/ws_sensor_combined/build/yolo_listener/build install --record /home/faruk/ws_sensor_combined/build/yolo_listener/install.log --single-version-externally-managed install_data
