[1.738s] Invoking command in '/home/faruk/ws_sensor_combined/src/px4_offboard': AMENT_PREFIX_PATH=/home/faruk/ws_sensor_combined/install/px4_msgs:${AMENT_PREFIX_PATH} CMAKE_PREFIX_PATH=/home/faruk/ws_sensor_combined/install/px4_msgs LD_LIBRARY_PATH=/home/faruk/ws_sensor_combined/install/px4_msgs/lib:${LD_LIBRARY_PATH} PYTHONPATH=/home/faruk/ws_sensor_combined/build/px4_offboard/prefix_override:/usr/lib/python3/dist-packages/colcon_core/task/python/colcon_distutils_commands:/home/faruk/ws_sensor_combined/install/px4_offboard/lib/python3.10/site-packages:/home/faruk/ws_sensor_combined/install/px4_msgs/local/lib/python3.10/dist-packages:${PYTHONPATH} /usr/bin/python3 -W ignore:setup.py install is deprecated -W ignore:easy_install command is deprecated setup.py egg_info --egg-base ../../build/px4_offboard build --build-base /home/faruk/ws_sensor_combined/build/px4_offboard/build install --record /home/faruk/ws_sensor_combined/build/px4_offboard/install.log --single-version-externally-managed install_data
[2.098s] /home/faruk/.local/lib/python3.10/site-packages/setuptools/_distutils/dist.py:289: UserWarning: Unknown distribution option: 'tests_require'
[2.098s]   warnings.warn(msg)
[2.328s] running egg_info
[2.360s] writing ../../build/px4_offboard/px4_offboard.egg-info/PKG-INFO
[2.361s] writing dependency_links to ../../build/px4_offboard/px4_offboard.egg-info/dependency_links.txt
[2.361s] writing entry points to ../../build/px4_offboard/px4_offboard.egg-info/entry_points.txt
[2.361s] writing requirements to ../../build/px4_offboard/px4_offboard.egg-info/requires.txt
[2.362s] writing top-level names to ../../build/px4_offboard/px4_offboard.egg-info/top_level.txt
[2.426s] reading manifest file '../../build/px4_offboard/px4_offboard.egg-info/SOURCES.txt'
[2.427s] adding license file 'LICENSE'
[2.429s] writing manifest file '../../build/px4_offboard/px4_offboard.egg-info/SOURCES.txt'
[2.429s] running build
[2.429s] running build_py
[2.431s] running install
[2.439s] running install_lib
[2.473s] running install_data
[2.474s] running install_egg_info
[2.504s] removing '/home/faruk/ws_sensor_combined/install/px4_offboard/lib/python3.10/site-packages/px4_offboard-0.0.0-py3.10.egg-info' (and everything under it)
[2.504s] Copying ../../build/px4_offboard/px4_offboard.egg-info to /home/faruk/ws_sensor_combined/install/px4_offboard/lib/python3.10/site-packages/px4_offboard-0.0.0-py3.10.egg-info
[2.506s] running install_scripts
[2.726s] Installing control script to /home/faruk/ws_sensor_combined/install/px4_offboard/lib/px4_offboard
[2.729s] Installing offboard_control script to /home/faruk/ws_sensor_combined/install/px4_offboard/lib/px4_offboard
[2.729s] Installing processes script to /home/faruk/ws_sensor_combined/install/px4_offboard/lib/px4_offboard
[2.730s] Installing velocity_control script to /home/faruk/ws_sensor_combined/install/px4_offboard/lib/px4_offboard
[2.730s] Installing visualizer script to /home/faruk/ws_sensor_combined/install/px4_offboard/lib/px4_offboard
[2.730s] writing list of installed files to '/home/faruk/ws_sensor_combined/build/px4_offboard/install.log'
[2.795s] Invoked command in '/home/faruk/ws_sensor_combined/src/px4_offboard' returned '0': AMENT_PREFIX_PATH=/home/faruk/ws_sensor_combined/install/px4_msgs:${AMENT_PREFIX_PATH} CMAKE_PREFIX_PATH=/home/faruk/ws_sensor_combined/install/px4_msgs LD_LIBRARY_PATH=/home/faruk/ws_sensor_combined/install/px4_msgs/lib:${LD_LIBRARY_PATH} PYTHONPATH=/home/faruk/ws_sensor_combined/build/px4_offboard/prefix_override:/usr/lib/python3/dist-packages/colcon_core/task/python/colcon_distutils_commands:/home/faruk/ws_sensor_combined/install/px4_offboard/lib/python3.10/site-packages:/home/faruk/ws_sensor_combined/install/px4_msgs/local/lib/python3.10/dist-packages:${PYTHONPATH} /usr/bin/python3 -W ignore:setup.py install is deprecated -W ignore:easy_install command is deprecated setup.py egg_info --egg-base ../../build/px4_offboard build --build-base /home/faruk/ws_sensor_combined/build/px4_offboard/build install --record /home/faruk/ws_sensor_combined/build/px4_offboard/install.log --single-version-externally-managed install_data
