[1.015s] Invoking command in '/home/faruk/ws_sensor_combined/src/yolo_listener': PYTHONPATH=/home/faruk/ws_sensor_combined/build/yolo_listener/prefix_override:/usr/lib/python3/dist-packages/colcon_core/task/python/colcon_distutils_commands:/home/faruk/ws_sensor_combined/install/yolo_listener/lib/python3.10/site-packages:${PYTHONPATH} /usr/bin/python3 -W ignore:setup.py install is deprecated -W ignore:easy_install command is deprecated setup.py egg_info --egg-base ../../build/yolo_listener build --build-base /home/faruk/ws_sensor_combined/build/yolo_listener/build install --record /home/faruk/ws_sensor_combined/build/yolo_listener/install.log --single-version-externally-managed install_data
[1.230s] /home/faruk/.local/lib/python3.10/site-packages/setuptools/_distutils/dist.py:289: UserWarning: Unknown distribution option: 'tests_require'
[1.230s]   warnings.warn(msg)
[1.575s] running egg_info
[1.682s] writing ../../build/yolo_listener/yolo_listener.egg-info/PKG-INFO
[1.687s] writing dependency_links to ../../build/yolo_listener/yolo_listener.egg-info/dependency_links.txt
[1.688s] writing entry points to ../../build/yolo_listener/yolo_listener.egg-info/entry_points.txt
[1.688s] writing requirements to ../../build/yolo_listener/yolo_listener.egg-info/requires.txt
[1.689s] writing top-level names to ../../build/yolo_listener/yolo_listener.egg-info/top_level.txt
[1.857s] reading manifest file '../../build/yolo_listener/yolo_listener.egg-info/SOURCES.txt'
[1.860s] writing manifest file '../../build/yolo_listener/yolo_listener.egg-info/SOURCES.txt'
[1.861s] running build
[1.861s] running build_py
[1.861s] running install
[1.871s] running install_lib
[1.871s] running install_data
[1.871s] running install_egg_info
[1.871s] removing '/home/faruk/ws_sensor_combined/install/yolo_listener/lib/python3.10/site-packages/yolo_listener-0.0.0-py3.10.egg-info' (and everything under it)
[1.871s] Copying ../../build/yolo_listener/yolo_listener.egg-info to /home/faruk/ws_sensor_combined/install/yolo_listener/lib/python3.10/site-packages/yolo_listener-0.0.0-py3.10.egg-info
[1.872s] running install_scripts
[1.891s] Installing listener_node script to /home/faruk/ws_sensor_combined/install/yolo_listener/lib/yolo_listener
[1.891s] writing list of installed files to '/home/faruk/ws_sensor_combined/build/yolo_listener/install.log'
[1.895s] Invoked command in '/home/faruk/ws_sensor_combined/src/yolo_listener' returned '0': PYTHONPATH=/home/faruk/ws_sensor_combined/build/yolo_listener/prefix_override:/usr/lib/python3/dist-packages/colcon_core/task/python/colcon_distutils_commands:/home/faruk/ws_sensor_combined/install/yolo_listener/lib/python3.10/site-packages:${PYTHONPATH} /usr/bin/python3 -W ignore:setup.py install is deprecated -W ignore:easy_install command is deprecated setup.py egg_info --egg-base ../../build/yolo_listener build --build-base /home/faruk/ws_sensor_combined/build/yolo_listener/build install --record /home/faruk/ws_sensor_combined/build/yolo_listener/install.log --single-version-externally-managed install_data
