[0.867s] Invoking command in '/home/faruk/ws_sensor_combined/src/px4_offboard': AMENT_PREFIX_PATH=/home/faruk/ws_sensor_combined/install/px4_msgs:${AMENT_PREFIX_PATH} CMAKE_PREFIX_PATH=/home/faruk/ws_sensor_combined/install/px4_msgs LD_LIBRARY_PATH=/home/faruk/ws_sensor_combined/install/px4_msgs/lib:${LD_LIBRARY_PATH} PYTHONPATH=/home/faruk/ws_sensor_combined/build/px4_offboard/prefix_override:/usr/lib/python3/dist-packages/colcon_core/task/python/colcon_distutils_commands:/home/faruk/ws_sensor_combined/install/px4_offboard/lib/python3.10/site-packages:/home/faruk/ws_sensor_combined/install/px4_msgs/local/lib/python3.10/dist-packages:${PYTHONPATH} /usr/bin/python3 -W ignore:setup.py install is deprecated -W ignore:easy_install command is deprecated setup.py egg_info --egg-base ../../build/px4_offboard build --build-base /home/faruk/ws_sensor_combined/build/px4_offboard/build install --record /home/faruk/ws_sensor_combined/build/px4_offboard/install.log --single-version-externally-managed install_data
[1.051s] /home/faruk/.local/lib/python3.10/site-packages/setuptools/_distutils/dist.py:289: UserWarning: Unknown distribution option: 'tests_require'
[1.051s]   warnings.warn(msg)
[1.168s] running egg_info
[1.186s] writing ../../build/px4_offboard/px4_offboard.egg-info/PKG-INFO
[1.187s] writing dependency_links to ../../build/px4_offboard/px4_offboard.egg-info/dependency_links.txt
[1.187s] writing entry points to ../../build/px4_offboard/px4_offboard.egg-info/entry_points.txt
[1.187s] writing requirements to ../../build/px4_offboard/px4_offboard.egg-info/requires.txt
[1.187s] writing top-level names to ../../build/px4_offboard/px4_offboard.egg-info/top_level.txt
[1.228s] reading manifest file '../../build/px4_offboard/px4_offboard.egg-info/SOURCES.txt'
[1.228s] adding license file 'LICENSE'
[1.229s] writing manifest file '../../build/px4_offboard/px4_offboard.egg-info/SOURCES.txt'
[1.229s] running build
[1.230s] running build_py
[1.230s] running install
[1.235s] running install_lib
[1.255s] running install_data
[1.256s] running install_egg_info
[1.276s] removing '/home/faruk/ws_sensor_combined/install/px4_offboard/lib/python3.10/site-packages/px4_offboard-0.0.0-py3.10.egg-info' (and everything under it)
[1.276s] Copying ../../build/px4_offboard/px4_offboard.egg-info to /home/faruk/ws_sensor_combined/install/px4_offboard/lib/python3.10/site-packages/px4_offboard-0.0.0-py3.10.egg-info
[1.277s] running install_scripts
[1.419s] Installing control script to /home/faruk/ws_sensor_combined/install/px4_offboard/lib/px4_offboard
[1.419s] Installing offboard_control script to /home/faruk/ws_sensor_combined/install/px4_offboard/lib/px4_offboard
[1.419s] Installing processes script to /home/faruk/ws_sensor_combined/install/px4_offboard/lib/px4_offboard
[1.419s] Installing velocity_control script to /home/faruk/ws_sensor_combined/install/px4_offboard/lib/px4_offboard
[1.419s] Installing visualizer script to /home/faruk/ws_sensor_combined/install/px4_offboard/lib/px4_offboard
[1.420s] writing list of installed files to '/home/faruk/ws_sensor_combined/build/px4_offboard/install.log'
[1.445s] Invoked command in '/home/faruk/ws_sensor_combined/src/px4_offboard' returned '0': AMENT_PREFIX_PATH=/home/faruk/ws_sensor_combined/install/px4_msgs:${AMENT_PREFIX_PATH} CMAKE_PREFIX_PATH=/home/faruk/ws_sensor_combined/install/px4_msgs LD_LIBRARY_PATH=/home/faruk/ws_sensor_combined/install/px4_msgs/lib:${LD_LIBRARY_PATH} PYTHONPATH=/home/faruk/ws_sensor_combined/build/px4_offboard/prefix_override:/usr/lib/python3/dist-packages/colcon_core/task/python/colcon_distutils_commands:/home/faruk/ws_sensor_combined/install/px4_offboard/lib/python3.10/site-packages:/home/faruk/ws_sensor_combined/install/px4_msgs/local/lib/python3.10/dist-packages:${PYTHONPATH} /usr/bin/python3 -W ignore:setup.py install is deprecated -W ignore:easy_install command is deprecated setup.py egg_info --egg-base ../../build/px4_offboard build --build-base /home/faruk/ws_sensor_combined/build/px4_offboard/build install --record /home/faruk/ws_sensor_combined/build/px4_offboard/install.log --single-version-externally-managed install_data
