[2.316s] Invoking command in '/home/faruk/ws_sensor_combined/src/yolo_detector': PYTHONPATH=/home/faruk/ws_sensor_combined/build/yolo_detector/prefix_override:/usr/lib/python3/dist-packages/colcon_core/task/python/colcon_distutils_commands:/home/faruk/ws_sensor_combined/install/yolo_detector/lib/python3.10/site-packages:${PYTHONPATH} /usr/bin/python3 -W ignore:setup.py install is deprecated -W ignore:easy_install command is deprecated setup.py egg_info --egg-base ../../build/yolo_detector build --build-base /home/faruk/ws_sensor_combined/build/yolo_detector/build install --record /home/faruk/ws_sensor_combined/build/yolo_detector/install.log --single-version-externally-managed install_data
[2.892s] /home/faruk/.local/lib/python3.10/site-packages/setuptools/_distutils/dist.py:289: UserWarning: Unknown distribution option: 'tests_require'
[2.892s]   warnings.warn(msg)
[3.223s] running egg_info
[3.231s] writing ../../build/yolo_detector/yolo_detector.egg-info/PKG-INFO
[3.231s] writing dependency_links to ../../build/yolo_detector/yolo_detector.egg-info/dependency_links.txt
[3.231s] writing entry points to ../../build/yolo_detector/yolo_detector.egg-info/entry_points.txt
[3.231s] writing requirements to ../../build/yolo_detector/yolo_detector.egg-info/requires.txt
[3.232s] writing top-level names to ../../build/yolo_detector/yolo_detector.egg-info/top_level.txt
[3.247s] reading manifest file '../../build/yolo_detector/yolo_detector.egg-info/SOURCES.txt'
[3.248s] writing manifest file '../../build/yolo_detector/yolo_detector.egg-info/SOURCES.txt'
[3.248s] running build
[3.248s] running build_py
[3.249s] running install
[3.252s] running install_lib
[3.260s] running install_data
[3.260s] running install_egg_info
[3.268s] removing '/home/faruk/ws_sensor_combined/install/yolo_detector/lib/python3.10/site-packages/yolo_detector-0.0.0-py3.10.egg-info' (and everything under it)
[3.268s] Copying ../../build/yolo_detector/yolo_detector.egg-info to /home/faruk/ws_sensor_combined/install/yolo_detector/lib/python3.10/site-packages/yolo_detector-0.0.0-py3.10.egg-info
[3.268s] running install_scripts
[3.475s] Installing yolo_node script to /home/faruk/ws_sensor_combined/install/yolo_detector/lib/yolo_detector
[3.476s] writing list of installed files to '/home/faruk/ws_sensor_combined/build/yolo_detector/install.log'
[3.812s] Invoked command in '/home/faruk/ws_sensor_combined/src/yolo_detector' returned '0': PYTHONPATH=/home/faruk/ws_sensor_combined/build/yolo_detector/prefix_override:/usr/lib/python3/dist-packages/colcon_core/task/python/colcon_distutils_commands:/home/faruk/ws_sensor_combined/install/yolo_detector/lib/python3.10/site-packages:${PYTHONPATH} /usr/bin/python3 -W ignore:setup.py install is deprecated -W ignore:easy_install command is deprecated setup.py egg_info --egg-base ../../build/yolo_detector build --build-base /home/faruk/ws_sensor_combined/build/yolo_detector/build install --record /home/faruk/ws_sensor_combined/build/yolo_detector/install.log --single-version-externally-managed install_data
