[0.227s] Invoking command in '/home/faruk/ws_sensor_combined/build/px4_offboard_control': AMENT_PREFIX_PATH=/home/faruk/ws_sensor_combined/install/px4_msgs:${AMENT_PREFIX_PATH} CMAKE_PREFIX_PATH=/home/faruk/ws_sensor_combined/install/px4_msgs:/opt/ros/humble LD_LIBRARY_PATH=/home/faruk/ws_sensor_combined/install/px4_msgs/lib:${LD_LIBRARY_PATH} PYTHONPATH=/home/faruk/ws_sensor_combined/install/px4_msgs/local/lib/python3.10/dist-packages:${PYTHONPATH} /usr/bin/cmake --build /home/faruk/ws_sensor_combined/build/px4_offboard_control -- -j12 -l12
[0.317s] [  0%] Built target ament_cmake_python_copy_px4_offboard_control
[0.323s] [ 25%] Built target sensor_combined_listener
[0.324s] [ 33%] Built target offboard_control_srv
[0.324s] [ 50%] Built target frame_transforms
[0.324s] [ 66%] Built target debug_vect_advertiser
[0.327s] [ 83%] Built target vehicle_gps_position_listener
[0.329s] [100%] Built target offboard_control
[0.570s] running egg_info
[0.592s] writing px4_offboard_control.egg-info/PKG-INFO
[0.592s] writing dependency_links to px4_offboard_control.egg-info/dependency_links.txt
[0.592s] writing top-level names to px4_offboard_control.egg-info/top_level.txt
[0.652s] reading manifest file 'px4_offboard_control.egg-info/SOURCES.txt'
[0.661s] writing manifest file 'px4_offboard_control.egg-info/SOURCES.txt'
[0.690s] [100%] Built target ament_cmake_python_build_px4_offboard_control_egg
[0.703s] Invoked command in '/home/faruk/ws_sensor_combined/build/px4_offboard_control' returned '0': AMENT_PREFIX_PATH=/home/faruk/ws_sensor_combined/install/px4_msgs:${AMENT_PREFIX_PATH} CMAKE_PREFIX_PATH=/home/faruk/ws_sensor_combined/install/px4_msgs:/opt/ros/humble LD_LIBRARY_PATH=/home/faruk/ws_sensor_combined/install/px4_msgs/lib:${LD_LIBRARY_PATH} PYTHONPATH=/home/faruk/ws_sensor_combined/install/px4_msgs/local/lib/python3.10/dist-packages:${PYTHONPATH} /usr/bin/cmake --build /home/faruk/ws_sensor_combined/build/px4_offboard_control -- -j12 -l12
[0.705s] Invoking command in '/home/faruk/ws_sensor_combined/build/px4_offboard_control': AMENT_PREFIX_PATH=/home/faruk/ws_sensor_combined/install/px4_msgs:${AMENT_PREFIX_PATH} CMAKE_PREFIX_PATH=/home/faruk/ws_sensor_combined/install/px4_msgs:/opt/ros/humble LD_LIBRARY_PATH=/home/faruk/ws_sensor_combined/install/px4_msgs/lib:${LD_LIBRARY_PATH} PYTHONPATH=/home/faruk/ws_sensor_combined/install/px4_msgs/local/lib/python3.10/dist-packages:${PYTHONPATH} /usr/bin/cmake --install /home/faruk/ws_sensor_combined/build/px4_offboard_control
[0.712s] -- Install configuration: ""
[0.713s] -- Up-to-date: /home/faruk/ws_sensor_combined/install/px4_offboard_control/lib/px4_offboard_control/sensor_combined_listener
[0.714s] -- Up-to-date: /home/faruk/ws_sensor_combined/install/px4_offboard_control/lib/px4_offboard_control/vehicle_gps_position_listener
[0.715s] -- Up-to-date: /home/faruk/ws_sensor_combined/install/px4_offboard_control/lib/px4_offboard_control/debug_vect_advertiser
[0.716s] -- Up-to-date: /home/faruk/ws_sensor_combined/install/px4_offboard_control/lib/px4_offboard_control/offboard_control
[0.717s] -- Up-to-date: /home/faruk/ws_sensor_combined/install/px4_offboard_control/lib/px4_offboard_control/offboard_control_srv
[0.717s] -- Up-to-date: /home/faruk/ws_sensor_combined/install/px4_offboard_control/share/px4_offboard_control/environment/library_path.sh
[0.717s] -- Up-to-date: /home/faruk/ws_sensor_combined/install/px4_offboard_control/share/px4_offboard_control/environment/library_path.dsv
[0.718s] -- Up-to-date: /home/faruk/ws_sensor_combined/install/px4_offboard_control/include/px4_offboard_control
[0.718s] -- Up-to-date: /home/faruk/ws_sensor_combined/install/px4_offboard_control/include/px4_offboard_control/frame_transforms.h
[0.719s] -- Up-to-date: /home/faruk/ws_sensor_combined/install/px4_offboard_control/lib/libframe_transforms.so
[0.719s] -- Up-to-date: /home/faruk/ws_sensor_combined/install/px4_offboard_control/share/px4_offboard_control//launch
[0.719s] -- Up-to-date: /home/faruk/ws_sensor_combined/install/px4_offboard_control/share/px4_offboard_control//launch/offboard_control_launch.yaml
[0.719s] -- Up-to-date: /home/faruk/ws_sensor_combined/install/px4_offboard_control/share/px4_offboard_control//launch/sensor_combined_listener.launch.py
[0.719s] -- Up-to-date: /home/faruk/ws_sensor_combined/install/px4_offboard_control/share/px4_offboard_control//test
[0.720s] -- Up-to-date: /home/faruk/ws_sensor_combined/install/px4_offboard_control/share/px4_offboard_control//test/test_output.py
[0.720s] -- Up-to-date: /home/faruk/ws_sensor_combined/install/px4_offboard_control/share/px4_offboard_control//test/pipeline_io_test.py
[0.720s] -- Up-to-date: /home/faruk/ws_sensor_combined/install/px4_offboard_control/share/px4_offboard_control//test/__init__.py
[0.720s] -- Up-to-date: /home/faruk/ws_sensor_combined/install/px4_offboard_control/share/px4_offboard_control//test/test_input.py
[0.721s] -- Up-to-date: /home/faruk/ws_sensor_combined/install/px4_offboard_control/share/px4_offboard_control/environment/pythonpath.sh
[0.721s] -- Up-to-date: /home/faruk/ws_sensor_combined/install/px4_offboard_control/share/px4_offboard_control/environment/pythonpath.dsv
[0.721s] -- Up-to-date: /home/faruk/ws_sensor_combined/install/px4_offboard_control/local/lib/python3.10/dist-packages/px4_offboard_control-0.1.0-py3.10.egg-info
[0.721s] -- Installing: /home/faruk/ws_sensor_combined/install/px4_offboard_control/local/lib/python3.10/dist-packages/px4_offboard_control-0.1.0-py3.10.egg-info/top_level.txt
[0.721s] -- Installing: /home/faruk/ws_sensor_combined/install/px4_offboard_control/local/lib/python3.10/dist-packages/px4_offboard_control-0.1.0-py3.10.egg-info/SOURCES.txt
[0.721s] -- Installing: /home/faruk/ws_sensor_combined/install/px4_offboard_control/local/lib/python3.10/dist-packages/px4_offboard_control-0.1.0-py3.10.egg-info/dependency_links.txt
[0.721s] -- Installing: /home/faruk/ws_sensor_combined/install/px4_offboard_control/local/lib/python3.10/dist-packages/px4_offboard_control-0.1.0-py3.10.egg-info/PKG-INFO
[0.721s] -- Up-to-date: /home/faruk/ws_sensor_combined/install/px4_offboard_control/local/lib/python3.10/dist-packages/px4_offboard_control
[0.721s] -- Up-to-date: /home/faruk/ws_sensor_combined/install/px4_offboard_control/local/lib/python3.10/dist-packages/px4_offboard_control/module_to_import.py
[0.721s] -- Up-to-date: /home/faruk/ws_sensor_combined/install/px4_offboard_control/local/lib/python3.10/dist-packages/px4_offboard_control/__init__.py
[0.752s] Listing '/home/faruk/ws_sensor_combined/install/px4_offboard_control/local/lib/python3.10/dist-packages/px4_offboard_control'...
[0.757s] -- Up-to-date: /home/faruk/ws_sensor_combined/install/px4_offboard_control/lib/px4_offboard_control/offboard_control.py
[0.757s] -- Up-to-date: /home/faruk/ws_sensor_combined/install/px4_offboard_control/share/ament_index/resource_index/package_run_dependencies/px4_offboard_control
[0.757s] -- Up-to-date: /home/faruk/ws_sensor_combined/install/px4_offboard_control/share/ament_index/resource_index/parent_prefix_path/px4_offboard_control
[0.757s] -- Up-to-date: /home/faruk/ws_sensor_combined/install/px4_offboard_control/share/px4_offboard_control/environment/ament_prefix_path.sh
[0.757s] -- Up-to-date: /home/faruk/ws_sensor_combined/install/px4_offboard_control/share/px4_offboard_control/environment/ament_prefix_path.dsv
[0.758s] -- Up-to-date: /home/faruk/ws_sensor_combined/install/px4_offboard_control/share/px4_offboard_control/environment/path.sh
[0.758s] -- Up-to-date: /home/faruk/ws_sensor_combined/install/px4_offboard_control/share/px4_offboard_control/environment/path.dsv
[0.758s] -- Up-to-date: /home/faruk/ws_sensor_combined/install/px4_offboard_control/share/px4_offboard_control/local_setup.bash
[0.758s] -- Up-to-date: /home/faruk/ws_sensor_combined/install/px4_offboard_control/share/px4_offboard_control/local_setup.sh
[0.758s] -- Up-to-date: /home/faruk/ws_sensor_combined/install/px4_offboard_control/share/px4_offboard_control/local_setup.zsh
[0.758s] -- Up-to-date: /home/faruk/ws_sensor_combined/install/px4_offboard_control/share/px4_offboard_control/local_setup.dsv
[0.758s] -- Installing: /home/faruk/ws_sensor_combined/install/px4_offboard_control/share/px4_offboard_control/package.dsv
[0.758s] -- Up-to-date: /home/faruk/ws_sensor_combined/install/px4_offboard_control/share/ament_index/resource_index/packages/px4_offboard_control
[0.760s] -- Up-to-date: /home/faruk/ws_sensor_combined/install/px4_offboard_control/share/px4_offboard_control/cmake/export_frame_transformsExport.cmake
[0.760s] -- Up-to-date: /home/faruk/ws_sensor_combined/install/px4_offboard_control/share/px4_offboard_control/cmake/export_frame_transformsExport-noconfig.cmake
[0.760s] -- Up-to-date: /home/faruk/ws_sensor_combined/install/px4_offboard_control/share/px4_offboard_control/cmake/ament_cmake_export_dependencies-extras.cmake
[0.760s] -- Up-to-date: /home/faruk/ws_sensor_combined/install/px4_offboard_control/share/px4_offboard_control/cmake/ament_cmake_export_targets-extras.cmake
[0.760s] -- Up-to-date: /home/faruk/ws_sensor_combined/install/px4_offboard_control/share/px4_offboard_control/cmake/ament_cmake_export_include_directories-extras.cmake
[0.760s] -- Up-to-date: /home/faruk/ws_sensor_combined/install/px4_offboard_control/share/px4_offboard_control/cmake/ament_cmake_export_libraries-extras.cmake
[0.761s] -- Up-to-date: /home/faruk/ws_sensor_combined/install/px4_offboard_control/share/px4_offboard_control/cmake/px4_offboard_controlConfig.cmake
[0.761s] -- Up-to-date: /home/faruk/ws_sensor_combined/install/px4_offboard_control/share/px4_offboard_control/cmake/px4_offboard_controlConfig-version.cmake
[0.761s] -- Up-to-date: /home/faruk/ws_sensor_combined/install/px4_offboard_control/share/px4_offboard_control/package.xml
[0.764s] Invoked command in '/home/faruk/ws_sensor_combined/build/px4_offboard_control' returned '0': AMENT_PREFIX_PATH=/home/faruk/ws_sensor_combined/install/px4_msgs:${AMENT_PREFIX_PATH} CMAKE_PREFIX_PATH=/home/faruk/ws_sensor_combined/install/px4_msgs:/opt/ros/humble LD_LIBRARY_PATH=/home/faruk/ws_sensor_combined/install/px4_msgs/lib:${LD_LIBRARY_PATH} PYTHONPATH=/home/faruk/ws_sensor_combined/install/px4_msgs/local/lib/python3.10/dist-packages:${PYTHONPATH} /usr/bin/cmake --install /home/faruk/ws_sensor_combined/build/px4_offboard_control
