[1.137s] Invoking command in '/home/faruk/ws_sensor_combined/src/px4_offboard': AMENT_PREFIX_PATH=/home/faruk/ws_sensor_combined/install/px4_msgs:${AMENT_PREFIX_PATH} CMAKE_PREFIX_PATH=/home/faruk/ws_sensor_combined/install/px4_msgs LD_LIBRARY_PATH=/home/faruk/ws_sensor_combined/install/px4_msgs/lib:${LD_LIBRARY_PATH} PYTHONPATH=/home/faruk/ws_sensor_combined/build/px4_offboard/prefix_override:/usr/lib/python3/dist-packages/colcon_core/task/python/colcon_distutils_commands:/home/faruk/ws_sensor_combined/install/px4_offboard/lib/python3.10/site-packages:/home/faruk/ws_sensor_combined/install/px4_msgs/local/lib/python3.10/dist-packages:${PYTHONPATH} /usr/bin/python3 -W ignore:setup.py install is deprecated -W ignore:easy_install command is deprecated setup.py egg_info --egg-base ../../build/px4_offboard build --build-base /home/faruk/ws_sensor_combined/build/px4_offboard/build install --record /home/faruk/ws_sensor_combined/build/px4_offboard/install.log --single-version-externally-managed install_data
[1.374s] /home/faruk/.local/lib/python3.10/site-packages/setuptools/_distutils/dist.py:289: UserWarning: Unknown distribution option: 'tests_require'
[1.374s]   warnings.warn(msg)
[1.571s] running egg_info
[1.605s] creating ../../build/px4_offboard/px4_offboard.egg-info
[1.605s] writing ../../build/px4_offboard/px4_offboard.egg-info/PKG-INFO
[1.606s] writing dependency_links to ../../build/px4_offboard/px4_offboard.egg-info/dependency_links.txt
[1.607s] writing entry points to ../../build/px4_offboard/px4_offboard.egg-info/entry_points.txt
[1.607s] writing requirements to ../../build/px4_offboard/px4_offboard.egg-info/requires.txt
[1.607s] writing top-level names to ../../build/px4_offboard/px4_offboard.egg-info/top_level.txt
[1.607s] writing manifest file '../../build/px4_offboard/px4_offboard.egg-info/SOURCES.txt'
[1.673s] reading manifest file '../../build/px4_offboard/px4_offboard.egg-info/SOURCES.txt'
[1.674s] adding license file 'LICENSE'
[1.675s] writing manifest file '../../build/px4_offboard/px4_offboard.egg-info/SOURCES.txt'
[1.676s] running build
[1.676s] running build_py
[1.676s] creating /home/faruk/ws_sensor_combined/build/px4_offboard/build/lib/px4_offboard
[1.677s] copying px4_offboard/processes.py -> /home/faruk/ws_sensor_combined/build/px4_offboard/build/lib/px4_offboard
[1.677s] copying px4_offboard/visualizer.py -> /home/faruk/ws_sensor_combined/build/px4_offboard/build/lib/px4_offboard
[1.677s] copying px4_offboard/velocity_control.py -> /home/faruk/ws_sensor_combined/build/px4_offboard/build/lib/px4_offboard
[1.678s] copying px4_offboard/__init__.py -> /home/faruk/ws_sensor_combined/build/px4_offboard/build/lib/px4_offboard
[1.678s] copying px4_offboard/control.py -> /home/faruk/ws_sensor_combined/build/px4_offboard/build/lib/px4_offboard
[1.678s] running install
[1.688s] running install_lib
[1.722s] creating /home/faruk/ws_sensor_combined/install/px4_offboard/lib/python3.10/site-packages/px4_offboard
[1.722s] copying /home/faruk/ws_sensor_combined/build/px4_offboard/build/lib/px4_offboard/processes.py -> /home/faruk/ws_sensor_combined/install/px4_offboard/lib/python3.10/site-packages/px4_offboard
[1.722s] copying /home/faruk/ws_sensor_combined/build/px4_offboard/build/lib/px4_offboard/visualizer.py -> /home/faruk/ws_sensor_combined/install/px4_offboard/lib/python3.10/site-packages/px4_offboard
[1.722s] copying /home/faruk/ws_sensor_combined/build/px4_offboard/build/lib/px4_offboard/velocity_control.py -> /home/faruk/ws_sensor_combined/install/px4_offboard/lib/python3.10/site-packages/px4_offboard
[1.723s] copying /home/faruk/ws_sensor_combined/build/px4_offboard/build/lib/px4_offboard/__init__.py -> /home/faruk/ws_sensor_combined/install/px4_offboard/lib/python3.10/site-packages/px4_offboard
[1.723s] copying /home/faruk/ws_sensor_combined/build/px4_offboard/build/lib/px4_offboard/control.py -> /home/faruk/ws_sensor_combined/install/px4_offboard/lib/python3.10/site-packages/px4_offboard
[1.724s] byte-compiling /home/faruk/ws_sensor_combined/install/px4_offboard/lib/python3.10/site-packages/px4_offboard/processes.py to processes.cpython-310.pyc
[1.724s] byte-compiling /home/faruk/ws_sensor_combined/install/px4_offboard/lib/python3.10/site-packages/px4_offboard/visualizer.py to visualizer.cpython-310.pyc
[1.726s] byte-compiling /home/faruk/ws_sensor_combined/install/px4_offboard/lib/python3.10/site-packages/px4_offboard/velocity_control.py to velocity_control.cpython-310.pyc
[1.729s] byte-compiling /home/faruk/ws_sensor_combined/install/px4_offboard/lib/python3.10/site-packages/px4_offboard/__init__.py to __init__.cpython-310.pyc
[1.729s] byte-compiling /home/faruk/ws_sensor_combined/install/px4_offboard/lib/python3.10/site-packages/px4_offboard/control.py to control.cpython-310.pyc
[1.731s] running install_data
[1.731s] creating /home/faruk/ws_sensor_combined/install/px4_offboard/share/ament_index/resource_index/packages
[1.731s] copying resource/px4_offboard -> /home/faruk/ws_sensor_combined/install/px4_offboard/share/ament_index/resource_index/packages
[1.731s] copying resource/visualize.rviz -> /home/faruk/ws_sensor_combined/install/px4_offboard/share/ament_index/resource_index/packages
[1.732s] copying package.xml -> /home/faruk/ws_sensor_combined/install/px4_offboard/share/px4_offboard
[1.732s] copying launch/offboard_velocity_control.launch.py -> /home/faruk/ws_sensor_combined/install/px4_offboard/share/px4_offboard
[1.732s] copying resource/visualize.rviz -> /home/faruk/ws_sensor_combined/install/px4_offboard/share/px4_offboard
[1.732s] running install_egg_info
[1.768s] Copying ../../build/px4_offboard/px4_offboard.egg-info to /home/faruk/ws_sensor_combined/install/px4_offboard/lib/python3.10/site-packages/px4_offboard-0.0.0-py3.10.egg-info
[1.769s] running install_scripts
[1.971s] Installing control script to /home/faruk/ws_sensor_combined/install/px4_offboard/lib/px4_offboard
[1.971s] Installing offboard_control script to /home/faruk/ws_sensor_combined/install/px4_offboard/lib/px4_offboard
[1.971s] Installing processes script to /home/faruk/ws_sensor_combined/install/px4_offboard/lib/px4_offboard
[1.971s] Installing velocity_control script to /home/faruk/ws_sensor_combined/install/px4_offboard/lib/px4_offboard
[1.972s] Installing visualizer script to /home/faruk/ws_sensor_combined/install/px4_offboard/lib/px4_offboard
[1.972s] writing list of installed files to '/home/faruk/ws_sensor_combined/build/px4_offboard/install.log'
[2.016s] Invoked command in '/home/faruk/ws_sensor_combined/src/px4_offboard' returned '0': AMENT_PREFIX_PATH=/home/faruk/ws_sensor_combined/install/px4_msgs:${AMENT_PREFIX_PATH} CMAKE_PREFIX_PATH=/home/faruk/ws_sensor_combined/install/px4_msgs LD_LIBRARY_PATH=/home/faruk/ws_sensor_combined/install/px4_msgs/lib:${LD_LIBRARY_PATH} PYTHONPATH=/home/faruk/ws_sensor_combined/build/px4_offboard/prefix_override:/usr/lib/python3/dist-packages/colcon_core/task/python/colcon_distutils_commands:/home/faruk/ws_sensor_combined/install/px4_offboard/lib/python3.10/site-packages:/home/faruk/ws_sensor_combined/install/px4_msgs/local/lib/python3.10/dist-packages:${PYTHONPATH} /usr/bin/python3 -W ignore:setup.py install is deprecated -W ignore:easy_install command is deprecated setup.py egg_info --egg-base ../../build/px4_offboard build --build-base /home/faruk/ws_sensor_combined/build/px4_offboard/build install --record /home/faruk/ws_sensor_combined/build/px4_offboard/install.log --single-version-externally-managed install_data
