[0.391s] Invoking command in '/home/faruk/ws_sensor_combined/build/px4_ros_com': AMENT_PREFIX_PATH=/home/faruk/ws_sensor_combined/install/px4_msgs:${AMENT_PREFIX_PATH} CMAKE_PREFIX_PATH=/home/faruk/ws_sensor_combined/install/px4_msgs:/opt/ros/humble LD_LIBRARY_PATH=/home/faruk/ws_sensor_combined/install/px4_msgs/lib:${LD_LIBRARY_PATH} PYTHONPATH=/home/faruk/ws_sensor_combined/install/px4_msgs/local/lib/python3.10/dist-packages:${PYTHONPATH} /usr/bin/cmake --build /home/faruk/ws_sensor_combined/build/px4_ros_com -- -j12 -l12
[0.512s] [ 16%] Built target sensor_combined_listener
[0.512s] [ 33%] Built target offboard_control
[0.515s] [ 50%] Built target vehicle_gps_position_listener
[0.522s] [ 66%] Built target offboard_control_srv
[0.523s] [ 83%] Built target frame_transforms
[0.526s] [ 91%] Built target ament_cmake_python_copy_px4_ros_com
[0.526s] [100%] Built target debug_vect_advertiser
[0.948s] running egg_info
[0.981s] writing px4_ros_com.egg-info/PKG-INFO
[0.982s] writing dependency_links to px4_ros_com.egg-info/dependency_links.txt
[0.982s] writing top-level names to px4_ros_com.egg-info/top_level.txt
[1.085s] reading manifest file 'px4_ros_com.egg-info/SOURCES.txt'
[1.086s] writing manifest file 'px4_ros_com.egg-info/SOURCES.txt'
[1.134s] [100%] Built target ament_cmake_python_build_px4_ros_com_egg
[1.151s] Invoked command in '/home/faruk/ws_sensor_combined/build/px4_ros_com' returned '0': AMENT_PREFIX_PATH=/home/faruk/ws_sensor_combined/install/px4_msgs:${AMENT_PREFIX_PATH} CMAKE_PREFIX_PATH=/home/faruk/ws_sensor_combined/install/px4_msgs:/opt/ros/humble LD_LIBRARY_PATH=/home/faruk/ws_sensor_combined/install/px4_msgs/lib:${LD_LIBRARY_PATH} PYTHONPATH=/home/faruk/ws_sensor_combined/install/px4_msgs/local/lib/python3.10/dist-packages:${PYTHONPATH} /usr/bin/cmake --build /home/faruk/ws_sensor_combined/build/px4_ros_com -- -j12 -l12
[1.153s] Invoking command in '/home/faruk/ws_sensor_combined/build/px4_ros_com': AMENT_PREFIX_PATH=/home/faruk/ws_sensor_combined/install/px4_msgs:${AMENT_PREFIX_PATH} CMAKE_PREFIX_PATH=/home/faruk/ws_sensor_combined/install/px4_msgs:/opt/ros/humble LD_LIBRARY_PATH=/home/faruk/ws_sensor_combined/install/px4_msgs/lib:${LD_LIBRARY_PATH} PYTHONPATH=/home/faruk/ws_sensor_combined/install/px4_msgs/local/lib/python3.10/dist-packages:${PYTHONPATH} /usr/bin/cmake --install /home/faruk/ws_sensor_combined/build/px4_ros_com
[1.163s] -- Install configuration: ""
[1.163s] -- Up-to-date: /home/faruk/ws_sensor_combined/install/px4_ros_com/lib/px4_ros_com/sensor_combined_listener
[1.164s] -- Up-to-date: /home/faruk/ws_sensor_combined/install/px4_ros_com/lib/px4_ros_com/vehicle_gps_position_listener
[1.164s] -- Up-to-date: /home/faruk/ws_sensor_combined/install/px4_ros_com/lib/px4_ros_com/debug_vect_advertiser
[1.165s] -- Up-to-date: /home/faruk/ws_sensor_combined/install/px4_ros_com/lib/px4_ros_com/offboard_control
[1.165s] -- Up-to-date: /home/faruk/ws_sensor_combined/install/px4_ros_com/lib/px4_ros_com/offboard_control_srv
[1.165s] -- Up-to-date: /home/faruk/ws_sensor_combined/install/px4_ros_com/share/px4_ros_com/environment/library_path.sh
[1.165s] -- Up-to-date: /home/faruk/ws_sensor_combined/install/px4_ros_com/share/px4_ros_com/environment/library_path.dsv
[1.166s] -- Up-to-date: /home/faruk/ws_sensor_combined/install/px4_ros_com/include/px4_ros_com
[1.166s] -- Up-to-date: /home/faruk/ws_sensor_combined/install/px4_ros_com/include/px4_ros_com/frame_transforms.h
[1.166s] -- Up-to-date: /home/faruk/ws_sensor_combined/install/px4_ros_com/lib/libframe_transforms.so
[1.166s] -- Up-to-date: /home/faruk/ws_sensor_combined/install/px4_ros_com/share/px4_ros_com//launch
[1.166s] -- Up-to-date: /home/faruk/ws_sensor_combined/install/px4_ros_com/share/px4_ros_com//launch/offboard_control_launch.yaml
[1.166s] -- Up-to-date: /home/faruk/ws_sensor_combined/install/px4_ros_com/share/px4_ros_com//launch/sensor_combined_listener.launch.py
[1.166s] -- Up-to-date: /home/faruk/ws_sensor_combined/install/px4_ros_com/share/px4_ros_com//test
[1.166s] -- Up-to-date: /home/faruk/ws_sensor_combined/install/px4_ros_com/share/px4_ros_com//test/test_output.py
[1.167s] -- Up-to-date: /home/faruk/ws_sensor_combined/install/px4_ros_com/share/px4_ros_com//test/pipeline_io_test.py
[1.167s] -- Up-to-date: /home/faruk/ws_sensor_combined/install/px4_ros_com/share/px4_ros_com//test/__init__.py
[1.167s] -- Up-to-date: /home/faruk/ws_sensor_combined/install/px4_ros_com/share/px4_ros_com//test/test_input.py
[1.167s] -- Up-to-date: /home/faruk/ws_sensor_combined/install/px4_ros_com/share/px4_ros_com/environment/pythonpath.sh
[1.167s] -- Up-to-date: /home/faruk/ws_sensor_combined/install/px4_ros_com/share/px4_ros_com/environment/pythonpath.dsv
[1.167s] -- Up-to-date: /home/faruk/ws_sensor_combined/install/px4_ros_com/local/lib/python3.10/dist-packages/px4_ros_com-0.1.0-py3.10.egg-info
[1.167s] -- Installing: /home/faruk/ws_sensor_combined/install/px4_ros_com/local/lib/python3.10/dist-packages/px4_ros_com-0.1.0-py3.10.egg-info/top_level.txt
[1.167s] -- Installing: /home/faruk/ws_sensor_combined/install/px4_ros_com/local/lib/python3.10/dist-packages/px4_ros_com-0.1.0-py3.10.egg-info/SOURCES.txt
[1.167s] -- Installing: /home/faruk/ws_sensor_combined/install/px4_ros_com/local/lib/python3.10/dist-packages/px4_ros_com-0.1.0-py3.10.egg-info/dependency_links.txt
[1.167s] -- Installing: /home/faruk/ws_sensor_combined/install/px4_ros_com/local/lib/python3.10/dist-packages/px4_ros_com-0.1.0-py3.10.egg-info/PKG-INFO
[1.168s] -- Up-to-date: /home/faruk/ws_sensor_combined/install/px4_ros_com/local/lib/python3.10/dist-packages/px4_ros_com
[1.168s] -- Up-to-date: /home/faruk/ws_sensor_combined/install/px4_ros_com/local/lib/python3.10/dist-packages/px4_ros_com/module_to_import.py
[1.168s] -- Up-to-date: /home/faruk/ws_sensor_combined/install/px4_ros_com/local/lib/python3.10/dist-packages/px4_ros_com/__init__.py
[1.220s] Listing '/home/faruk/ws_sensor_combined/install/px4_ros_com/local/lib/python3.10/dist-packages/px4_ros_com'...
[1.227s] -- Up-to-date: /home/faruk/ws_sensor_combined/install/px4_ros_com/lib/px4_ros_com/offboard_control.py
[1.227s] -- Up-to-date: /home/faruk/ws_sensor_combined/install/px4_ros_com/share/ament_index/resource_index/package_run_dependencies/px4_ros_com
[1.228s] -- Up-to-date: /home/faruk/ws_sensor_combined/install/px4_ros_com/share/ament_index/resource_index/parent_prefix_path/px4_ros_com
[1.228s] -- Up-to-date: /home/faruk/ws_sensor_combined/install/px4_ros_com/share/px4_ros_com/environment/ament_prefix_path.sh
[1.228s] -- Up-to-date: /home/faruk/ws_sensor_combined/install/px4_ros_com/share/px4_ros_com/environment/ament_prefix_path.dsv
[1.228s] -- Up-to-date: /home/faruk/ws_sensor_combined/install/px4_ros_com/share/px4_ros_com/environment/path.sh
[1.229s] -- Up-to-date: /home/faruk/ws_sensor_combined/install/px4_ros_com/share/px4_ros_com/environment/path.dsv
[1.229s] -- Up-to-date: /home/faruk/ws_sensor_combined/install/px4_ros_com/share/px4_ros_com/local_setup.bash
[1.229s] -- Up-to-date: /home/faruk/ws_sensor_combined/install/px4_ros_com/share/px4_ros_com/local_setup.sh
[1.229s] -- Up-to-date: /home/faruk/ws_sensor_combined/install/px4_ros_com/share/px4_ros_com/local_setup.zsh
[1.229s] -- Up-to-date: /home/faruk/ws_sensor_combined/install/px4_ros_com/share/px4_ros_com/local_setup.dsv
[1.230s] -- Installing: /home/faruk/ws_sensor_combined/install/px4_ros_com/share/px4_ros_com/package.dsv
[1.231s] -- Up-to-date: /home/faruk/ws_sensor_combined/install/px4_ros_com/share/ament_index/resource_index/packages/px4_ros_com
[1.231s] -- Up-to-date: /home/faruk/ws_sensor_combined/install/px4_ros_com/share/px4_ros_com/cmake/export_frame_transformsExport.cmake
[1.231s] -- Up-to-date: /home/faruk/ws_sensor_combined/install/px4_ros_com/share/px4_ros_com/cmake/export_frame_transformsExport-noconfig.cmake
[1.231s] -- Up-to-date: /home/faruk/ws_sensor_combined/install/px4_ros_com/share/px4_ros_com/cmake/ament_cmake_export_dependencies-extras.cmake
[1.231s] -- Up-to-date: /home/faruk/ws_sensor_combined/install/px4_ros_com/share/px4_ros_com/cmake/ament_cmake_export_targets-extras.cmake
[1.231s] -- Up-to-date: /home/faruk/ws_sensor_combined/install/px4_ros_com/share/px4_ros_com/cmake/ament_cmake_export_include_directories-extras.cmake
[1.232s] -- Up-to-date: /home/faruk/ws_sensor_combined/install/px4_ros_com/share/px4_ros_com/cmake/ament_cmake_export_libraries-extras.cmake
[1.232s] -- Up-to-date: /home/faruk/ws_sensor_combined/install/px4_ros_com/share/px4_ros_com/cmake/px4_ros_comConfig.cmake
[1.232s] -- Up-to-date: /home/faruk/ws_sensor_combined/install/px4_ros_com/share/px4_ros_com/cmake/px4_ros_comConfig-version.cmake
[1.232s] -- Up-to-date: /home/faruk/ws_sensor_combined/install/px4_ros_com/share/px4_ros_com/package.xml
[1.238s] Invoked command in '/home/faruk/ws_sensor_combined/build/px4_ros_com' returned '0': AMENT_PREFIX_PATH=/home/faruk/ws_sensor_combined/install/px4_msgs:${AMENT_PREFIX_PATH} CMAKE_PREFIX_PATH=/home/faruk/ws_sensor_combined/install/px4_msgs:/opt/ros/humble LD_LIBRARY_PATH=/home/faruk/ws_sensor_combined/install/px4_msgs/lib:${LD_LIBRARY_PATH} PYTHONPATH=/home/faruk/ws_sensor_combined/install/px4_msgs/local/lib/python3.10/dist-packages:${PYTHONPATH} /usr/bin/cmake --install /home/faruk/ws_sensor_combined/build/px4_ros_com
